#
# There is insufficient memory for the Java Runtime Environment to continue.
# Native memory allocation (mmap) failed to map 38797312 bytes for Failed to commit area from 0x000000008b900000 to 0x000000008de00000 of length 38797312.
# Possible reasons:
#   The system is out of physical RAM or swap space
#   The process is running with CompressedOops enabled, and the Java Heap may be blocking the growth of the native heap
# Possible solutions:
#   Reduce memory load on the system
#   Increase physical memory or swap space
#   Check if swap backing store is full
#   Decrease Java heap size (-Xmx/-Xms)
#   Decrease number of Java threads
#   Decrease Java thread stack sizes (-Xss)
#   Set larger code cache with -XX:ReservedCodeCacheSize=
#   JVM is running with Unscaled Compressed Oops mode in which the Java heap is
#     placed in the first 4GB address space. The Java Heap base address is the
#     maximum limit for the native heap growth. Please use -XX:HeapBaseMinAddress
#     to set the Java Heap base and to place the Java Heap above 4GB virtual address.
# This output file may be truncated or incomplete.
#
#  Out of Memory Error (./src/hotspot/os/windows/os_windows.cpp:3303), pid=29396, tid=4144
#
# JRE version: OpenJDK Runtime Environment (11.0.8+10) (build 11.0.8+10-b944.6842174)
# Java VM: OpenJDK 64-Bit Server VM (11.0.8+10-b944.6842174, mixed mode, tiered, compressed oops, g1 gc, windows-amd64)
# No core dump will be written. Minidumps are not enabled by default on client versions of Windows
#

---------------  S U M M A R Y ------------

Command Line: --add-opens=java.base/java.util=ALL-UNNAMED --add-opens=java.base/java.lang=ALL-UNNAMED --add-opens=java.base/java.lang.invoke=ALL-UNNAMED --add-opens=java.prefs/java.util.prefs=ALL-UNNAMED -Xmx2048m -Dfile.encoding=UTF-8 -Duser.country=IN -Duser.language=en -Duser.variant org.gradle.launcher.daemon.bootstrap.GradleDaemon 6.7.1

Host: Intel(R) Core(TM) i5-9300H CPU @ 2.40GHz, 8 cores, 7G,  Windows 10 , 64 bit Build 19041 (10.0.19041.1023)
Time: Fri Jul  9 12:41:01 2021 India Standard Time elapsed time: 12 seconds (0d 0h 0m 12s)

---------------  T H R E A D  ---------------

Current thread (0x000002036d4b2800):  VMThread "VM Thread" [stack: 0x000000da6e800000,0x000000da6e900000] [id=4144]

Stack: [0x000000da6e800000,0x000000da6e900000]
[error occurred during error reporting (printing stack bounds), id 0xc0000005, EXCEPTION_ACCESS_VIOLATION (0xc0000005) at pc=0x0000020356b30dad]

Native frames: (J=compiled Java code, j=interpreted, Vv=VM code, C=native code)
V  [jvm.dll+0x5de50a]
V  [jvm.dll+0x7122f5]
V  [jvm.dll+0x71384d]
V  [jvm.dll+0x713e65]
V  [jvm.dll+0x713e1b]
V  [jvm.dll+0x5dd958]
V  [jvm.dll+0x5de0f8]
C  [ntdll.dll+0xa217f]
C  [ntdll.dll+0x51454]
C  [ntdll.dll+0xa0cae]
C  0x0000020356b30dad

VM_Operation (0x000000da79ffcd60): G1CollectForAllocation, mode: safepoint, requested by thread 0x0000020375565800


---------------  P R O C E S S  ---------------

Threads class SMR info:
_java_thread_list=0x000002036ef42040, length=180, elements={
0x00000203531ac800, 0x000002036d4b7000, 0x000002036d4ba000, 0x000002036de32800,
0x000002036de33800, 0x000002036de36000, 0x000002036de3d000, 0x000002036de3e800,
0x000002036df88000, 0x000002036e00f000, 0x000002036fe60800, 0x000002036e1e6800,
0x00000203704cd000, 0x00000203702a8800, 0x0000020370b46000, 0x0000020370b09800,
0x0000020370b0a000, 0x0000020370b0b000, 0x0000020370b0b800, 0x000002036fe46000,
0x0000020370e50800, 0x0000020370e53800, 0x0000020370e51000, 0x000002037055d000,
0x0000020370e55800, 0x0000020370e54800, 0x0000020370e4f800, 0x0000020370e56000,
0x0000020370e52000, 0x0000020370e53000, 0x0000020374a3e800, 0x0000020374a3a800,
0x0000020374a39000, 0x0000020374a3b800, 0x0000020374a42000, 0x0000020374a3e000,
0x0000020374a3f800, 0x0000020374a41000, 0x0000020374a3c000, 0x0000020374a42800,
0x0000020374a40000, 0x0000020374a3d000, 0x0000020374a46000, 0x0000020374a43800,
0x0000020374a46800, 0x0000020374a45000, 0x0000020374a44800, 0x0000020374a47800,
0x0000020374efa000, 0x0000020374ef9000, 0x0000020374ef4800, 0x0000020374ef6800,
0x0000020374ef7800, 0x0000020374ef8800, 0x0000020374efb000, 0x0000020374ef5000,
0x0000020374efb800, 0x0000020374ef6000, 0x0000020374f02000, 0x0000020374efc800,
0x0000020374f01800, 0x0000020374f03000, 0x0000020374efd800, 0x0000020374efe000,
0x0000020374eff000, 0x0000020374eff800, 0x0000020374f00800, 0x000002037351d000,
0x000002037351a000, 0x0000020373519000, 0x000002037351e000, 0x000002037351c800,
0x000002037351a800, 0x0000020373518800, 0x000002037351f000, 0x000002037351f800,
0x0000020373521800, 0x0000020373520800, 0x000002037351b800, 0x0000020373522000,
0x0000020373523800, 0x0000020373524800, 0x0000020373523000, 0x0000020373525800,
0x0000020373526000, 0x0000020373527000, 0x000002037370f000, 0x0000020373710800,
0x0000020373710000, 0x000002037370c800, 0x0000020373711800, 0x000002037370c000,
0x000002037370d800, 0x0000020373712800, 0x000002037370e800, 0x0000020373715800,
0x0000020373719000, 0x0000020373713000, 0x0000020373714000, 0x0000020373715000,
0x000002037371a800, 0x0000020373718000, 0x0000020373716800, 0x0000020373719800,
0x0000020373717800, 0x0000020374bcc800, 0x0000020374bce800, 0x0000020374bcc000,
0x0000020374bcd800, 0x0000020374bcb000, 0x0000020374bd5000, 0x0000020374bd3000,
0x0000020374bd4000, 0x0000020374bcf000, 0x0000020374bd5800, 0x0000020374bd0000,
0x0000020374bd2800, 0x0000020374bd0800, 0x0000020374bd6800, 0x0000020374bd7800,
0x0000020374bd1800, 0x0000020374bd8000, 0x0000020374bd9000, 0x0000020374bd9800,
0x0000020372f11000, 0x0000020372f16000, 0x0000020372f10000, 0x0000020372f16800,
0x0000020372f15000, 0x0000020372f14000, 0x0000020372f11800, 0x0000020372f17800,
0x0000020372f18000, 0x0000020372f13800, 0x0000020372f12800, 0x0000020372f1e800,
0x0000020372f1e000, 0x0000020372f19000, 0x0000020372f1a000, 0x0000020372f1a800,
0x0000020372f1c800, 0x0000020372f1b800, 0x0000020372f1d000, 0x00000203718e6800,
0x00000203718e4000, 0x00000203718e8000, 0x00000203718e7800, 0x00000203718e9000,
0x00000203718ea000, 0x00000203718e5000, 0x00000203718ea800, 0x00000203718eb800,
0x00000203718e6000, 0x00000203718f1000, 0x00000203718f2000, 0x00000203718ec800,
0x00000203718f3000, 0x00000203718ed000, 0x00000203718f0800, 0x00000203718ee000,
0x00000203718ef000, 0x00000203718ef800, 0x0000020375562000, 0x0000020375561800,
0x0000020375563000, 0x000002037555d000, 0x000002037555f000, 0x0000020375564000,
0x000002037555f800, 0x0000020375560800, 0x000002037555e000, 0x0000020375fbb000,
0x0000020375565800, 0x0000020375564800, 0x0000020375568000, 0x0000020375568800,
0x0000020375569800, 0x000002037556a800, 0x000002037556b000, 0x000002037556c000
}

Java Threads: ( => current thread )
  0x00000203531ac800 JavaThread "main" [_thread_blocked, id=26640, stack(0x000000da6e200000,0x000000da6e300000)]
  0x000002036d4b7000 JavaThread "Reference Handler" daemon [_thread_blocked, id=14344, stack(0x000000da6e900000,0x000000da6ea00000)]
  0x000002036d4ba000 JavaThread "Finalizer" daemon [_thread_blocked, id=16796, stack(0x000000da6ea00000,0x000000da6eb00000)]
  0x000002036de32800 JavaThread "Signal Dispatcher" daemon [_thread_blocked, id=9168, stack(0x000000da6eb00000,0x000000da6ec00000)]
  0x000002036de33800 JavaThread "Attach Listener" daemon [_thread_blocked, id=14444, stack(0x000000da6ec00000,0x000000da6ed00000)]
  0x000002036de36000 JavaThread "C2 CompilerThread0" daemon [_thread_blocked, id=15228, stack(0x000000da6ed00000,0x000000da6ee00000)]
  0x000002036de3d000 JavaThread "C1 CompilerThread0" daemon [_thread_blocked, id=23316, stack(0x000000da6ee00000,0x000000da6ef00000)]
  0x000002036de3e800 JavaThread "Sweeper thread" daemon [_thread_blocked, id=11360, stack(0x000000da6ef00000,0x000000da6f000000)]
  0x000002036df88000 JavaThread "Common-Cleaner" daemon [_thread_blocked, id=17464, stack(0x000000da6f000000,0x000000da6f100000)]
  0x000002036e00f000 JavaThread "Service Thread" daemon [_thread_blocked, id=4692, stack(0x000000da6f100000,0x000000da6f200000)]
  0x000002036fe60800 JavaThread "Daemon health stats" [_thread_blocked, id=27316, stack(0x000000da6f700000,0x000000da6f800000)]
  0x000002036e1e6800 JavaThread "Incoming local TCP Connector on port 62100" [_thread_in_native, id=23088, stack(0x000000da6f800000,0x000000da6f900000)]
  0x00000203704cd000 JavaThread "Daemon periodic checks" [_thread_blocked, id=29308, stack(0x000000da6f900000,0x000000da6fa00000)]
  0x00000203702a8800 JavaThread "Daemon" [_thread_blocked, id=14888, stack(0x000000da6fa00000,0x000000da6fb00000)]
  0x0000020370b46000 JavaThread "Handler for socket connection from /127.0.0.1:62100 to /127.0.0.1:62101" [_thread_in_native, id=5276, stack(0x000000da6fb00000,0x000000da6fc00000)]
  0x0000020370b09800 JavaThread "Cancel handler" [_thread_blocked, id=24652, stack(0x000000da6fd00000,0x000000da6fe00000)]
  0x0000020370b0a000 JavaThread "Daemon worker" [_thread_blocked, id=19412, stack(0x000000da6fe00000,0x000000da6ff00000)]
  0x0000020370b0b000 JavaThread "Asynchronous log dispatcher for DefaultDaemonConnection: socket connection from /127.0.0.1:62100 to /127.0.0.1:62101" [_thread_blocked, id=20948, stack(0x000000da6ff00000,0x000000da70000000)]
  0x0000020370b0b800 JavaThread "Stdin handler" [_thread_blocked, id=10916, stack(0x000000da70000000,0x000000da70100000)]
  0x000002036fe46000 JavaThread "Thread-8" [_thread_blocked, id=28588, stack(0x000000da70100000,0x000000da70200000)]
  0x0000020370e50800 JavaThread "Cache worker for file hash cache (C:\Users\Dark Knight\.gradle\caches\6.7.1\fileHashes)" [_thread_blocked, id=14756, stack(0x000000da70700000,0x000000da70800000)]
  0x0000020370e53800 JavaThread "File lock request listener" [_thread_in_native, id=6896, stack(0x000000da70800000,0x000000da70900000)]
  0x0000020370e51000 JavaThread "Cache worker for journal cache (C:\Users\Dark Knight\.gradle\caches\journal-1)" [_thread_blocked, id=26896, stack(0x000000da70900000,0x000000da70a00000)]
  0x000002037055d000 JavaThread "C2 CompilerThread1" daemon [_thread_in_native, id=26620, stack(0x000000da70a00000,0x000000da70b00000)]
  0x0000020370e55800 JavaThread "Cache worker for file hash cache (C:\Android Projects\Udemy TUTORIAL\AGE IN MINUTES-2\.gradle\6.7.1\fileHashes)" [_thread_blocked, id=26600, stack(0x000000da70b00000,0x000000da70c00000)]
  0x0000020370e54800 JavaThread "Cache worker for checksums cache (C:\Android Projects\Udemy TUTORIAL\AGE IN MINUTES-2\.gradle\checksums)" [_thread_blocked, id=11804, stack(0x000000da70c00000,0x000000da70d00000)]
  0x0000020370e4f800 JavaThread "Cache worker for cache directory md-supplier (C:\Users\Dark Knight\.gradle\caches\6.7.1\md-supplier)" [_thread_blocked, id=27888, stack(0x000000da70d00000,0x000000da70e00000)]
  0x0000020370e56000 JavaThread "Cache worker for cache directory md-rule (C:\Users\Dark Knight\.gradle\caches\6.7.1\md-rule)" [_thread_blocked, id=25720, stack(0x000000da70e00000,0x000000da70f00000)]
  0x0000020370e52000 JavaThread "Cache worker for execution history cache (C:\Users\Dark Knight\.gradle\caches\6.7.1\executionHistory)" [_thread_blocked, id=22908, stack(0x000000da71000000,0x000000da71100000)]
  0x0000020370e53000 JavaThread "jar transforms" [_thread_blocked, id=14924, stack(0x000000da71100000,0x000000da71200000)]
  0x0000020374a3e800 JavaThread "Cache worker for file content cache (C:\Users\Dark Knight\.gradle\caches\6.7.1\fileContent)" [_thread_blocked, id=9572, stack(0x000000da71200000,0x000000da71300000)]
  0x0000020374a3a800 JavaThread "Cache worker for Build Output Cleanup Cache (C:\Android Projects\Udemy TUTORIAL\AGE IN MINUTES-2\.gradle\buildOutputCleanup)" [_thread_blocked, id=19916, stack(0x000000da71300000,0x000000da71400000)]
  0x0000020374a39000 JavaThread "Build operations" [_thread_blocked, id=12720, stack(0x000000da71400000,0x000000da71500000)]
  0x0000020374a3b800 JavaThread "Build operations Thread 2" [_thread_blocked, id=17152, stack(0x000000da71500000,0x000000da71600000)]
  0x0000020374a42000 JavaThread "Build operations Thread 3" [_thread_blocked, id=15000, stack(0x000000da71600000,0x000000da71700000)]
  0x0000020374a3e000 JavaThread "Build operations Thread 4" [_thread_blocked, id=29012, stack(0x000000da71700000,0x000000da71800000)]
  0x0000020374a3f800 JavaThread "Build operations Thread 5" [_thread_blocked, id=28288, stack(0x000000da71800000,0x000000da71900000)]
  0x0000020374a41000 JavaThread "Build operations Thread 6" [_thread_blocked, id=20632, stack(0x000000da71900000,0x000000da71a00000)]
  0x0000020374a3c000 JavaThread "Build operations Thread 7" [_thread_blocked, id=26016, stack(0x000000da71a00000,0x000000da71b00000)]
  0x0000020374a42800 JavaThread "Build operations Thread 8" [_thread_blocked, id=14564, stack(0x000000da71b00000,0x000000da71c00000)]
  0x0000020374a40000 JavaThread "jar transforms Thread 2" [_thread_blocked, id=24500, stack(0x000000da71c00000,0x000000da71d00000)]
  0x0000020374a3d000 JavaThread "jar transforms Thread 3" [_thread_blocked, id=24452, stack(0x000000da71d00000,0x000000da71e00000)]
  0x0000020374a46000 JavaThread "jar transforms Thread 4" [_thread_blocked, id=29336, stack(0x000000da71e00000,0x000000da71f00000)]
  0x0000020374a43800 JavaThread "jar transforms Thread 5" [_thread_blocked, id=26032, stack(0x000000da71f00000,0x000000da72000000)]
  0x0000020374a46800 JavaThread "jar transforms Thread 6" [_thread_blocked, id=27136, stack(0x000000da72000000,0x000000da72100000)]
  0x0000020374a45000 JavaThread "jar transforms Thread 7" [_thread_blocked, id=25580, stack(0x000000da72100000,0x000000da72200000)]
  0x0000020374a44800 JavaThread "jar transforms Thread 8" [_thread_blocked, id=14844, stack(0x000000da72200000,0x000000da72300000)]
  0x0000020374a47800 JavaThread "jar transforms Thread 9" [_thread_blocked, id=10452, stack(0x000000da72300000,0x000000da72400000)]
  0x0000020374efa000 JavaThread "jar transforms Thread 10" [_thread_blocked, id=29660, stack(0x000000da72400000,0x000000da72500000)]
  0x0000020374ef9000 JavaThread "jar transforms Thread 11" [_thread_blocked, id=20416, stack(0x000000da72500000,0x000000da72600000)]
  0x0000020374ef4800 JavaThread "jar transforms Thread 12" [_thread_blocked, id=16808, stack(0x000000da72600000,0x000000da72700000)]
  0x0000020374ef6800 JavaThread "jar transforms Thread 13" [_thread_blocked, id=4716, stack(0x000000da72700000,0x000000da72800000)]
  0x0000020374ef7800 JavaThread "jar transforms Thread 14" [_thread_blocked, id=26508, stack(0x000000da72800000,0x000000da72900000)]
  0x0000020374ef8800 JavaThread "jar transforms Thread 15" [_thread_blocked, id=28364, stack(0x000000da72900000,0x000000da72a00000)]
  0x0000020374efb000 JavaThread "jar transforms Thread 16" [_thread_blocked, id=24736, stack(0x000000da72a00000,0x000000da72b00000)]
  0x0000020374ef5000 JavaThread "jar transforms Thread 17" [_thread_blocked, id=21928, stack(0x000000da72b00000,0x000000da72c00000)]
  0x0000020374efb800 JavaThread "jar transforms Thread 18" [_thread_blocked, id=17536, stack(0x000000da72c00000,0x000000da72d00000)]
  0x0000020374ef6000 JavaThread "jar transforms Thread 19" [_thread_blocked, id=23824, stack(0x000000da72d00000,0x000000da72e00000)]
  0x0000020374f02000 JavaThread "jar transforms Thread 20" [_thread_blocked, id=22424, stack(0x000000da72e00000,0x000000da72f00000)]
  0x0000020374efc800 JavaThread "jar transforms Thread 21" [_thread_blocked, id=18952, stack(0x000000da72f00000,0x000000da73000000)]
  0x0000020374f01800 JavaThread "jar transforms Thread 22" [_thread_blocked, id=22832, stack(0x000000da73000000,0x000000da73100000)]
  0x0000020374f03000 JavaThread "jar transforms Thread 23" [_thread_blocked, id=14928, stack(0x000000da73100000,0x000000da73200000)]
  0x0000020374efd800 JavaThread "jar transforms Thread 24" [_thread_blocked, id=14864, stack(0x000000da73200000,0x000000da73300000)]
  0x0000020374efe000 JavaThread "jar transforms Thread 25" [_thread_blocked, id=13452, stack(0x000000da73300000,0x000000da73400000)]
  0x0000020374eff000 JavaThread "jar transforms Thread 26" [_thread_blocked, id=20772, stack(0x000000da73400000,0x000000da73500000)]
  0x0000020374eff800 JavaThread "jar transforms Thread 27" [_thread_blocked, id=12944, stack(0x000000da73500000,0x000000da73600000)]
  0x0000020374f00800 JavaThread "jar transforms Thread 28" [_thread_blocked, id=16656, stack(0x000000da73600000,0x000000da73700000)]
  0x000002037351d000 JavaThread "jar transforms Thread 29" [_thread_blocked, id=18360, stack(0x000000da73700000,0x000000da73800000)]
  0x000002037351a000 JavaThread "jar transforms Thread 30" [_thread_blocked, id=28948, stack(0x000000da73800000,0x000000da73900000)]
  0x0000020373519000 JavaThread "jar transforms Thread 31" [_thread_blocked, id=3068, stack(0x000000da73900000,0x000000da73a00000)]
  0x000002037351e000 JavaThread "jar transforms Thread 32" [_thread_blocked, id=23864, stack(0x000000da73a00000,0x000000da73b00000)]
  0x000002037351c800 JavaThread "jar transforms Thread 33" [_thread_blocked, id=29624, stack(0x000000da73b00000,0x000000da73c00000)]
  0x000002037351a800 JavaThread "jar transforms Thread 34" [_thread_blocked, id=1696, stack(0x000000da73c00000,0x000000da73d00000)]
  0x0000020373518800 JavaThread "jar transforms Thread 35" [_thread_blocked, id=21180, stack(0x000000da73d00000,0x000000da73e00000)]
  0x000002037351f000 JavaThread "jar transforms Thread 36" [_thread_blocked, id=16240, stack(0x000000da73e00000,0x000000da73f00000)]
  0x000002037351f800 JavaThread "jar transforms Thread 37" [_thread_blocked, id=1160, stack(0x000000da73f00000,0x000000da74000000)]
  0x0000020373521800 JavaThread "jar transforms Thread 38" [_thread_blocked, id=24856, stack(0x000000da74000000,0x000000da74100000)]
  0x0000020373520800 JavaThread "jar transforms Thread 39" [_thread_blocked, id=26124, stack(0x000000da74100000,0x000000da74200000)]
  0x000002037351b800 JavaThread "jar transforms Thread 40" [_thread_blocked, id=10316, stack(0x000000da74200000,0x000000da74300000)]
  0x0000020373522000 JavaThread "jar transforms Thread 41" [_thread_blocked, id=10004, stack(0x000000da74300000,0x000000da74400000)]
  0x0000020373523800 JavaThread "jar transforms Thread 42" [_thread_blocked, id=20860, stack(0x000000da74400000,0x000000da74500000)]
  0x0000020373524800 JavaThread "jar transforms Thread 43" [_thread_blocked, id=17556, stack(0x000000da74500000,0x000000da74600000)]
  0x0000020373523000 JavaThread "jar transforms Thread 44" [_thread_blocked, id=5108, stack(0x000000da74600000,0x000000da74700000)]
  0x0000020373525800 JavaThread "jar transforms Thread 45" [_thread_blocked, id=18304, stack(0x000000da74700000,0x000000da74800000)]
  0x0000020373526000 JavaThread "jar transforms Thread 46" [_thread_blocked, id=21036, stack(0x000000da74800000,0x000000da74900000)]
  0x0000020373527000 JavaThread "jar transforms Thread 47" [_thread_blocked, id=25404, stack(0x000000da74900000,0x000000da74a00000)]
  0x000002037370f000 JavaThread "jar transforms Thread 48" [_thread_blocked, id=21392, stack(0x000000da74a00000,0x000000da74b00000)]
  0x0000020373710800 JavaThread "jar transforms Thread 49" [_thread_blocked, id=8796, stack(0x000000da74b00000,0x000000da74c00000)]
  0x0000020373710000 JavaThread "jar transforms Thread 50" [_thread_blocked, id=26256, stack(0x000000da74c00000,0x000000da74d00000)]
  0x000002037370c800 JavaThread "jar transforms Thread 51" [_thread_blocked, id=1044, stack(0x000000da74d00000,0x000000da74e00000)]
  0x0000020373711800 JavaThread "jar transforms Thread 52" [_thread_blocked, id=868, stack(0x000000da74e00000,0x000000da74f00000)]
  0x000002037370c000 JavaThread "jar transforms Thread 53" [_thread_blocked, id=25736, stack(0x000000da74f00000,0x000000da75000000)]
  0x000002037370d800 JavaThread "jar transforms Thread 54" [_thread_blocked, id=24256, stack(0x000000da75000000,0x000000da75100000)]
  0x0000020373712800 JavaThread "jar transforms Thread 55" [_thread_blocked, id=3864, stack(0x000000da75100000,0x000000da75200000)]
  0x000002037370e800 JavaThread "jar transforms Thread 56" [_thread_blocked, id=20676, stack(0x000000da75200000,0x000000da75300000)]
  0x0000020373715800 JavaThread "jar transforms Thread 57" [_thread_blocked, id=1176, stack(0x000000da75300000,0x000000da75400000)]
  0x0000020373719000 JavaThread "jar transforms Thread 58" [_thread_blocked, id=19736, stack(0x000000da75400000,0x000000da75500000)]
  0x0000020373713000 JavaThread "jar transforms Thread 59" [_thread_blocked, id=19228, stack(0x000000da75500000,0x000000da75600000)]
  0x0000020373714000 JavaThread "jar transforms Thread 60" [_thread_blocked, id=14060, stack(0x000000da75600000,0x000000da75700000)]
  0x0000020373715000 JavaThread "jar transforms Thread 61" [_thread_blocked, id=22264, stack(0x000000da75700000,0x000000da75800000)]
  0x000002037371a800 JavaThread "jar transforms Thread 62" [_thread_blocked, id=9044, stack(0x000000da75800000,0x000000da75900000)]
  0x0000020373718000 JavaThread "jar transforms Thread 63" [_thread_blocked, id=23488, stack(0x000000da75900000,0x000000da75a00000)]
  0x0000020373716800 JavaThread "jar transforms Thread 64" [_thread_blocked, id=21788, stack(0x000000da75a00000,0x000000da75b00000)]
  0x0000020373719800 JavaThread "jar transforms Thread 65" [_thread_blocked, id=23404, stack(0x000000da75b00000,0x000000da75c00000)]
  0x0000020373717800 JavaThread "jar transforms Thread 66" [_thread_blocked, id=19936, stack(0x000000da75c00000,0x000000da75d00000)]
  0x0000020374bcc800 JavaThread "jar transforms Thread 67" [_thread_blocked, id=23800, stack(0x000000da75d00000,0x000000da75e00000)]
  0x0000020374bce800 JavaThread "jar transforms Thread 68" [_thread_blocked, id=3516, stack(0x000000da75e00000,0x000000da75f00000)]
  0x0000020374bcc000 JavaThread "jar transforms Thread 69" [_thread_blocked, id=14736, stack(0x000000da75f00000,0x000000da76000000)]
  0x0000020374bcd800 JavaThread "jar transforms Thread 70" [_thread_blocked, id=8980, stack(0x000000da76000000,0x000000da76100000)]
  0x0000020374bcb000 JavaThread "jar transforms Thread 71" [_thread_blocked, id=26228, stack(0x000000da76100000,0x000000da76200000)]
  0x0000020374bd5000 JavaThread "jar transforms Thread 72" [_thread_blocked, id=29224, stack(0x000000da76200000,0x000000da76300000)]
  0x0000020374bd3000 JavaThread "jar transforms Thread 73" [_thread_blocked, id=29568, stack(0x000000da76300000,0x000000da76400000)]
  0x0000020374bd4000 JavaThread "jar transforms Thread 74" [_thread_blocked, id=4308, stack(0x000000da76400000,0x000000da76500000)]
  0x0000020374bcf000 JavaThread "jar transforms Thread 75" [_thread_blocked, id=11872, stack(0x000000da76500000,0x000000da76600000)]
  0x0000020374bd5800 JavaThread "jar transforms Thread 76" [_thread_blocked, id=13736, stack(0x000000da76600000,0x000000da76700000)]
  0x0000020374bd0000 JavaThread "jar transforms Thread 77" [_thread_blocked, id=2356, stack(0x000000da76700000,0x000000da76800000)]
  0x0000020374bd2800 JavaThread "jar transforms Thread 78" [_thread_blocked, id=24360, stack(0x000000da76800000,0x000000da76900000)]
  0x0000020374bd0800 JavaThread "jar transforms Thread 79" [_thread_blocked, id=17884, stack(0x000000da76900000,0x000000da76a00000)]
  0x0000020374bd6800 JavaThread "jar transforms Thread 80" [_thread_blocked, id=20928, stack(0x000000da76a00000,0x000000da76b00000)]
  0x0000020374bd7800 JavaThread "jar transforms Thread 81" [_thread_blocked, id=18608, stack(0x000000da76b00000,0x000000da76c00000)]
  0x0000020374bd1800 JavaThread "jar transforms Thread 82" [_thread_blocked, id=10220, stack(0x000000da76c00000,0x000000da76d00000)]
  0x0000020374bd8000 JavaThread "jar transforms Thread 83" [_thread_blocked, id=22812, stack(0x000000da76d00000,0x000000da76e00000)]
  0x0000020374bd9000 JavaThread "jar transforms Thread 84" [_thread_blocked, id=17584, stack(0x000000da76e00000,0x000000da76f00000)]
  0x0000020374bd9800 JavaThread "jar transforms Thread 85" [_thread_blocked, id=2296, stack(0x000000da76f00000,0x000000da77000000)]
  0x0000020372f11000 JavaThread "jar transforms Thread 86" [_thread_blocked, id=10504, stack(0x000000da77000000,0x000000da77100000)]
  0x0000020372f16000 JavaThread "jar transforms Thread 87" [_thread_blocked, id=19604, stack(0x000000da77100000,0x000000da77200000)]
  0x0000020372f10000 JavaThread "jar transforms Thread 88" [_thread_blocked, id=14488, stack(0x000000da77200000,0x000000da77300000)]
  0x0000020372f16800 JavaThread "jar transforms Thread 89" [_thread_blocked, id=27032, stack(0x000000da77300000,0x000000da77400000)]
  0x0000020372f15000 JavaThread "jar transforms Thread 90" [_thread_blocked, id=1668, stack(0x000000da77400000,0x000000da77500000)]
  0x0000020372f14000 JavaThread "jar transforms Thread 91" [_thread_blocked, id=25792, stack(0x000000da77500000,0x000000da77600000)]
  0x0000020372f11800 JavaThread "jar transforms Thread 92" [_thread_blocked, id=8468, stack(0x000000da77600000,0x000000da77700000)]
  0x0000020372f17800 JavaThread "jar transforms Thread 93" [_thread_blocked, id=25652, stack(0x000000da77700000,0x000000da77800000)]
  0x0000020372f18000 JavaThread "jar transforms Thread 94" [_thread_blocked, id=25972, stack(0x000000da77800000,0x000000da77900000)]
  0x0000020372f13800 JavaThread "jar transforms Thread 95" [_thread_blocked, id=18140, stack(0x000000da77900000,0x000000da77a00000)]
  0x0000020372f12800 JavaThread "jar transforms Thread 96" [_thread_blocked, id=25428, stack(0x000000da77a00000,0x000000da77b00000)]
  0x0000020372f1e800 JavaThread "jar transforms Thread 97" [_thread_blocked, id=7504, stack(0x000000da77b00000,0x000000da77c00000)]
  0x0000020372f1e000 JavaThread "jar transforms Thread 98" [_thread_blocked, id=24364, stack(0x000000da77c00000,0x000000da77d00000)]
  0x0000020372f19000 JavaThread "jar transforms Thread 99" [_thread_blocked, id=22636, stack(0x000000da77d00000,0x000000da77e00000)]
  0x0000020372f1a000 JavaThread "jar transforms Thread 100" [_thread_blocked, id=8816, stack(0x000000da77e00000,0x000000da77f00000)]
  0x0000020372f1a800 JavaThread "jar transforms Thread 101" [_thread_blocked, id=27736, stack(0x000000da77f00000,0x000000da78000000)]
  0x0000020372f1c800 JavaThread "jar transforms Thread 102" [_thread_blocked, id=22860, stack(0x000000da78000000,0x000000da78100000)]
  0x0000020372f1b800 JavaThread "jar transforms Thread 103" [_thread_blocked, id=15916, stack(0x000000da78100000,0x000000da78200000)]
  0x0000020372f1d000 JavaThread "jar transforms Thread 104" [_thread_blocked, id=20248, stack(0x000000da78200000,0x000000da78300000)]
  0x00000203718e6800 JavaThread "jar transforms Thread 105" [_thread_blocked, id=15864, stack(0x000000da78300000,0x000000da78400000)]
  0x00000203718e4000 JavaThread "jar transforms Thread 106" [_thread_blocked, id=15860, stack(0x000000da78400000,0x000000da78500000)]
  0x00000203718e8000 JavaThread "jar transforms Thread 107" [_thread_blocked, id=26356, stack(0x000000da78500000,0x000000da78600000)]
  0x00000203718e7800 JavaThread "jar transforms Thread 108" [_thread_blocked, id=16964, stack(0x000000da78600000,0x000000da78700000)]
  0x00000203718e9000 JavaThread "jar transforms Thread 109" [_thread_blocked, id=1408, stack(0x000000da78700000,0x000000da78800000)]
  0x00000203718ea000 JavaThread "jar transforms Thread 110" [_thread_blocked, id=9724, stack(0x000000da78800000,0x000000da78900000)]
  0x00000203718e5000 JavaThread "jar transforms Thread 111" [_thread_blocked, id=23472, stack(0x000000da78900000,0x000000da78a00000)]
  0x00000203718ea800 JavaThread "jar transforms Thread 112" [_thread_blocked, id=19760, stack(0x000000da78a00000,0x000000da78b00000)]
  0x00000203718eb800 JavaThread "jar transforms Thread 113" [_thread_blocked, id=26460, stack(0x000000da78b00000,0x000000da78c00000)]
  0x00000203718e6000 JavaThread "jar transforms Thread 114" [_thread_blocked, id=20060, stack(0x000000da78c00000,0x000000da78d00000)]
  0x00000203718f1000 JavaThread "jar transforms Thread 115" [_thread_blocked, id=21652, stack(0x000000da78d00000,0x000000da78e00000)]
  0x00000203718f2000 JavaThread "jar transforms Thread 116" [_thread_blocked, id=27528, stack(0x000000da78e00000,0x000000da78f00000)]
  0x00000203718ec800 JavaThread "jar transforms Thread 117" [_thread_blocked, id=29208, stack(0x000000da78f00000,0x000000da79000000)]
  0x00000203718f3000 JavaThread "jar transforms Thread 118" [_thread_blocked, id=19952, stack(0x000000da79000000,0x000000da79100000)]
  0x00000203718ed000 JavaThread "jar transforms Thread 119" [_thread_blocked, id=27048, stack(0x000000da79100000,0x000000da79200000)]
  0x00000203718f0800 JavaThread "Memory manager" [_thread_blocked, id=14432, stack(0x000000da79200000,0x000000da79300000)]
  0x00000203718ee000 JavaThread "build event listener" [_thread_blocked, id=29440, stack(0x000000da79300000,0x000000da79400000)]
  0x00000203718ef000 JavaThread "pool-3-thread-1" [_thread_blocked, id=6812, stack(0x000000da79400000,0x000000da79500000)]
  0x00000203718ef800 JavaThread "build event listener" [_thread_blocked, id=13008, stack(0x000000da79500000,0x000000da79600000)]
  0x0000020375562000 JavaThread "Execution worker for ':'" [_thread_blocked, id=23580, stack(0x000000da79600000,0x000000da79700000)]
  0x0000020375561800 JavaThread "Execution worker for ':' Thread 2" [_thread_blocked, id=8688, stack(0x000000da79700000,0x000000da79800000)]
  0x0000020375563000 JavaThread "Execution worker for ':' Thread 3" [_thread_blocked, id=28228, stack(0x000000da79800000,0x000000da79900000)]
  0x000002037555d000 JavaThread "Execution worker for ':' Thread 4" [_thread_blocked, id=23212, stack(0x000000da79900000,0x000000da79a00000)]
  0x000002037555f000 JavaThread "Execution worker for ':' Thread 5" [_thread_blocked, id=15584, stack(0x000000da79a00000,0x000000da79b00000)]
  0x0000020375564000 JavaThread "Execution worker for ':' Thread 6" [_thread_blocked, id=26000, stack(0x000000da79b00000,0x000000da79c00000)]
  0x000002037555f800 JavaThread "Execution worker for ':' Thread 7" [_thread_blocked, id=15968, stack(0x000000da79c00000,0x000000da79d00000)]
  0x0000020375560800 JavaThread "Cache worker for execution history cache (C:\Android Projects\Udemy TUTORIAL\AGE IN MINUTES-2\.gradle\6.7.1\executionHistory)" [_thread_blocked, id=23676, stack(0x000000da79d00000,0x000000da79e00000)]
  0x000002037555e000 JavaThread "WorkerExecutor Queue" [_thread_blocked, id=18936, stack(0x000000da79e00000,0x000000da79f00000)]
  0x0000020375fbb000 JavaThread "C2 CompilerThread2" daemon [_thread_in_native, id=10940, stack(0x000000da70f00000,0x000000da71000000)]
  0x0000020375565800 JavaThread "WorkerExecutor Queue Thread 2" [_thread_blocked, id=17680, stack(0x000000da79f00000,0x000000da7a000000)]
  0x0000020375564800 JavaThread "WorkerExecutor Queue Thread 3" [_thread_blocked, id=26548, stack(0x000000da7a000000,0x000000da7a100000)]
  0x0000020375568000 JavaThread "WorkerExecutor Queue Thread 4" [_thread_blocked, id=9432, stack(0x000000da7a100000,0x000000da7a200000)]
  0x0000020375568800 JavaThread "WorkerExecutor Queue Thread 5" [_thread_blocked, id=8580, stack(0x000000da7a200000,0x000000da7a300000)]
  0x0000020375569800 JavaThread "WorkerExecutor Queue Thread 6" [_thread_blocked, id=23312, stack(0x000000da7a300000,0x000000da7a400000)]
  0x000002037556a800 JavaThread "WorkerExecutor Queue Thread 7" [_thread_blocked, id=27040, stack(0x000000da7a400000,0x000000da7a500000)]
  0x000002037556b000 JavaThread "WorkerExecutor Queue Thread 8" [_thread_blocked, id=20140, stack(0x000000da7a500000,0x000000da7a600000)]
  0x000002037556c000 JavaThread "Java2D Disposer" daemon [_thread_blocked, id=14524, stack(0x000000da7a600000,0x000000da7a700000)]

Other Threads:
=>0x000002036d4b2800 VMThread "VM Thread" [stack: 0x000000da6e800000,0x000000da6e900000] [id=4144]
  0x000002036df9e000 WatcherThread [stack: 0x000000da6f200000,0x000000da6f300000] [id=22240]
  0x00000203531c5000 GCTaskThread "GC Thread#0" [stack: 0x000000da6e300000,0x000000da6e400000] [id=20760]
  0x000002036eb0b000 GCTaskThread "GC Thread#1" [stack: 0x000000da6f500000,0x000000da6f600000] [id=25024]
  0x000002036ebe5800 GCTaskThread "GC Thread#2" [stack: 0x000000da6f600000,0x000000da6f700000] [id=16620]
  0x000002037021b000 GCTaskThread "GC Thread#3" [stack: 0x000000da70200000,0x000000da70300000] [id=23204]
  0x00000203707e3800 GCTaskThread "GC Thread#4" [stack: 0x000000da70300000,0x000000da70400000] [id=25012]
  0x0000020370e59800 GCTaskThread "GC Thread#5" [stack: 0x000000da70400000,0x000000da70500000] [id=24000]
  0x000002036e740800 GCTaskThread "GC Thread#6" [stack: 0x000000da70500000,0x000000da70600000] [id=17176]
  0x00000203714e1000 GCTaskThread "GC Thread#7" [stack: 0x000000da70600000,0x000000da70700000] [id=9876]
  0x00000203531f5000 ConcurrentGCThread "G1 Main Marker" [stack: 0x000000da6e400000,0x000000da6e500000] [id=14872]
  0x00000203531f8800 ConcurrentGCThread "G1 Conc#0" [stack: 0x000000da6e500000,0x000000da6e600000] [id=23184]
  0x00000203714e1800 ConcurrentGCThread "G1 Conc#1" [stack: 0x000000da6fc00000,0x000000da6fd00000] [id=28436]
  0x000002036d300800 ConcurrentGCThread "G1 Refine#0" [stack: 0x000000da6e600000,0x000000da6e700000] [id=17532]
  0x000002037133f000 ConcurrentGCThread "G1 Refine#1" [stack: 0x000000da7a700000,0x000000da7a800000] [id=24100]
  0x000002037649f000 ConcurrentGCThread "G1 Refine#2" [stack: 0x000000da7a800000,0x000000da7a900000] [id=18132]
  0x000002036d301000 ConcurrentGCThread "G1 Young RemSet Sampling" [stack: 0x000000da6e700000,0x000000da6e800000] [id=29480]

Threads with active compile tasks:
C2 CompilerThread0  12179 9852  s!   4       jdk.internal.loader.URLClassPath::getLoader (194 bytes)
C1 CompilerThread0  12179 10492 %     3       com.android.aaptcompiler.ResourceUtilsKt::parseXmlAttributeName @ 133 (309 bytes)
C2 CompilerThread1  12179 9651       4       com.android.ide.common.resources.NodeUtils::updateNamespace (161 bytes)
C2 CompilerThread2  12179 9819   !   4       java.io.ObjectInputStream::readSerialData (563 bytes)

VM state:at safepoint (normal execution)

VM Mutex/Monitor currently owned by a thread:  ([mutex/lock_event])
[0x00000203531a9bb0] Threads_lock - owner thread: 0x000002036d4b2800
[0x00000203531aa0c0] Heap_lock - owner thread: 0x0000020375565800

Heap address: 0x0000000080000000, size: 2048 MB, Compressed Oops mode: 32-bit
Narrow klass base: 0x0000000000000000, Narrow klass shift: 3
Compressed class space size: 1073741824 Address: 0x0000000100000000

Heap:
 garbage-first heap   total 227328K, used 100869K [0x0000000080000000, 0x0000000100000000)
  region size 1024K, 6 young (6144K), 6 survivors (6144K)
 Metaspace       used 87090K, capacity 89090K, committed 89344K, reserved 1126400K
  class space    used 10978K, capacity 11672K, committed 11776K, reserved 1048576K
Heap Regions: E=young(eden), S=young(survivor), O=old, HS=humongous(starts), HC=humongous(continues), CS=collection set, F=free, A=archive, TAMS=top-at-mark-start (previous, next)
|   0|0x0000000080000000, 0x0000000080100000, 0x0000000080100000|100%| O|  |TAMS 0x0000000080100000, 0x0000000080000000| Untracked 
|   1|0x0000000080100000, 0x0000000080200000, 0x0000000080200000|100%| O|  |TAMS 0x0000000080200000, 0x0000000080100000| Untracked 
|   2|0x0000000080200000, 0x0000000080300000, 0x0000000080300000|100%| O|  |TAMS 0x0000000080300000, 0x0000000080200000| Untracked 
|   3|0x0000000080300000, 0x0000000080400000, 0x0000000080400000|100%|HS|  |TAMS 0x0000000080400000, 0x0000000080300000| Complete 
|   4|0x0000000080400000, 0x0000000080500000, 0x0000000080500000|100%|HC|  |TAMS 0x0000000080500000, 0x0000000080400000| Complete 
|   5|0x0000000080500000, 0x0000000080600000, 0x0000000080600000|100%|HC|  |TAMS 0x0000000080600000, 0x0000000080500000| Complete 
|   6|0x0000000080600000, 0x0000000080700000, 0x0000000080700000|100%| O|  |TAMS 0x0000000080700000, 0x0000000080600000| Untracked 
|   7|0x0000000080700000, 0x0000000080800000, 0x0000000080800000|100%| O|  |TAMS 0x0000000080800000, 0x0000000080700000| Untracked 
|   8|0x0000000080800000, 0x0000000080900000, 0x0000000080900000|100%| O|  |TAMS 0x0000000080900000, 0x0000000080800000| Untracked 
|   9|0x0000000080900000, 0x0000000080a00000, 0x0000000080a00000|100%| O|  |TAMS 0x0000000080a00000, 0x0000000080900000| Untracked 
|  10|0x0000000080a00000, 0x0000000080b00000, 0x0000000080b00000|100%| O|  |TAMS 0x0000000080b00000, 0x0000000080a00000| Untracked 
|  11|0x0000000080b00000, 0x0000000080c00000, 0x0000000080c00000|100%| O|  |TAMS 0x0000000080c00000, 0x0000000080b00000| Untracked 
|  12|0x0000000080c00000, 0x0000000080d00000, 0x0000000080d00000|100%| O|  |TAMS 0x0000000080d00000, 0x0000000080c00000| Untracked 
|  13|0x0000000080d00000, 0x0000000080e00000, 0x0000000080e00000|100%| O|  |TAMS 0x0000000080e00000, 0x0000000080d00000| Untracked 
|  14|0x0000000080e00000, 0x0000000080f00000, 0x0000000080f00000|100%| O|  |TAMS 0x0000000080f00000, 0x0000000080e00000| Untracked 
|  15|0x0000000080f00000, 0x0000000081000000, 0x0000000081000000|100%| O|  |TAMS 0x0000000081000000, 0x0000000080f00000| Untracked 
|  16|0x0000000081000000, 0x0000000081100000, 0x0000000081100000|100%| O|  |TAMS 0x0000000081100000, 0x0000000081000000| Untracked 
|  17|0x0000000081100000, 0x0000000081200000, 0x0000000081200000|100%| O|  |TAMS 0x0000000081200000, 0x0000000081100000| Untracked 
|  18|0x0000000081200000, 0x0000000081300000, 0x0000000081300000|100%| O|  |TAMS 0x0000000081300000, 0x0000000081200000| Untracked 
|  19|0x0000000081300000, 0x0000000081400000, 0x0000000081400000|100%|HS|  |TAMS 0x0000000081400000, 0x0000000081300000| Complete 
|  20|0x0000000081400000, 0x0000000081500000, 0x0000000081500000|100%| O|  |TAMS 0x0000000081500000, 0x0000000081400000| Untracked 
|  21|0x0000000081500000, 0x0000000081600000, 0x0000000081600000|100%| O|  |TAMS 0x0000000081600000, 0x0000000081500000| Untracked 
|  22|0x0000000081600000, 0x0000000081700000, 0x0000000081700000|100%|HS|  |TAMS 0x0000000081700000, 0x0000000081600000| Complete 
|  23|0x0000000081700000, 0x0000000081800000, 0x0000000081800000|100%|HS|  |TAMS 0x0000000081800000, 0x0000000081700000| Complete 
|  24|0x0000000081800000, 0x0000000081900000, 0x0000000081900000|100%|HC|  |TAMS 0x0000000081900000, 0x0000000081800000| Complete 
|  25|0x0000000081900000, 0x0000000081a00000, 0x0000000081a00000|100%|HC|  |TAMS 0x0000000081a00000, 0x0000000081900000| Complete 
|  26|0x0000000081a00000, 0x0000000081b00000, 0x0000000081b00000|100%|HS|  |TAMS 0x0000000081b00000, 0x0000000081a00000| Complete 
|  27|0x0000000081b00000, 0x0000000081c00000, 0x0000000081c00000|100%|HC|  |TAMS 0x0000000081c00000, 0x0000000081b00000| Complete 
|  28|0x0000000081c00000, 0x0000000081d00000, 0x0000000081d00000|100%| O|  |TAMS 0x0000000081d00000, 0x0000000081c00000| Untracked 
|  29|0x0000000081d00000, 0x0000000081e00000, 0x0000000081e00000|100%| O|  |TAMS 0x0000000081e00000, 0x0000000081d00000| Untracked 
|  30|0x0000000081e00000, 0x0000000081f00000, 0x0000000081f00000|100%| O|  |TAMS 0x0000000081f00000, 0x0000000081e00000| Untracked 
|  31|0x0000000081f00000, 0x0000000082000000, 0x0000000082000000|100%| O|  |TAMS 0x0000000082000000, 0x0000000081f00000| Untracked 
|  32|0x0000000082000000, 0x0000000082100000, 0x0000000082100000|100%| O|  |TAMS 0x0000000082100000, 0x0000000082000000| Untracked 
|  33|0x0000000082100000, 0x0000000082200000, 0x0000000082200000|100%| O|  |TAMS 0x0000000082200000, 0x0000000082100000| Untracked 
|  34|0x0000000082200000, 0x0000000082300000, 0x0000000082300000|100%| O|  |TAMS 0x0000000082300000, 0x0000000082200000| Untracked 
|  35|0x0000000082300000, 0x0000000082400000, 0x0000000082400000|100%| O|  |TAMS 0x0000000082400000, 0x0000000082300000| Untracked 
|  36|0x0000000082400000, 0x0000000082500000, 0x0000000082500000|100%| O|  |TAMS 0x0000000082500000, 0x0000000082400000| Untracked 
|  37|0x0000000082500000, 0x0000000082600000, 0x0000000082600000|100%| O|  |TAMS 0x0000000082600000, 0x0000000082500000| Untracked 
|  38|0x0000000082600000, 0x0000000082700000, 0x0000000082700000|100%| O|  |TAMS 0x0000000082700000, 0x0000000082600000| Untracked 
|  39|0x0000000082700000, 0x0000000082800000, 0x0000000082800000|100%| O|  |TAMS 0x0000000082800000, 0x0000000082700000| Untracked 
|  40|0x0000000082800000, 0x0000000082900000, 0x0000000082900000|100%| O|  |TAMS 0x0000000082900000, 0x0000000082800000| Untracked 
|  41|0x0000000082900000, 0x0000000082a00000, 0x0000000082a00000|100%| O|  |TAMS 0x0000000082a00000, 0x0000000082900000| Untracked 
|  42|0x0000000082a00000, 0x0000000082b00000, 0x0000000082b00000|100%| O|  |TAMS 0x0000000082b00000, 0x0000000082a00000| Untracked 
|  43|0x0000000082b00000, 0x0000000082c00000, 0x0000000082c00000|100%| O|  |TAMS 0x0000000082c00000, 0x0000000082b00000| Untracked 
|  44|0x0000000082c00000, 0x0000000082d00000, 0x0000000082d00000|100%| O|  |TAMS 0x0000000082d00000, 0x0000000082c00000| Untracked 
|  45|0x0000000082d00000, 0x0000000082e00000, 0x0000000082e00000|100%| O|  |TAMS 0x0000000082e00000, 0x0000000082d00000| Untracked 
|  46|0x0000000082e00000, 0x0000000082f00000, 0x0000000082f00000|100%| O|  |TAMS 0x0000000082f00000, 0x0000000082e00000| Untracked 
|  47|0x0000000082f00000, 0x0000000083000000, 0x0000000083000000|100%| O|  |TAMS 0x0000000083000000, 0x0000000082f00000| Untracked 
|  48|0x0000000083000000, 0x0000000083100000, 0x0000000083100000|100%| O|  |TAMS 0x0000000083100000, 0x0000000083000000| Untracked 
|  49|0x0000000083100000, 0x0000000083200000, 0x0000000083200000|100%| O|  |TAMS 0x0000000083200000, 0x0000000083100000| Untracked 
|  50|0x0000000083200000, 0x0000000083300000, 0x0000000083300000|100%| O|  |TAMS 0x0000000083300000, 0x0000000083200000| Untracked 
|  51|0x0000000083300000, 0x0000000083400000, 0x0000000083400000|100%| O|  |TAMS 0x0000000083400000, 0x0000000083300000| Untracked 
|  52|0x0000000083400000, 0x0000000083500000, 0x0000000083500000|100%| O|  |TAMS 0x0000000083500000, 0x0000000083400000| Untracked 
|  53|0x0000000083500000, 0x0000000083600000, 0x0000000083600000|100%| O|  |TAMS 0x0000000083600000, 0x0000000083500000| Untracked 
|  54|0x0000000083600000, 0x0000000083700000, 0x0000000083700000|100%| O|  |TAMS 0x0000000083700000, 0x0000000083600000| Untracked 
|  55|0x0000000083700000, 0x0000000083800000, 0x0000000083800000|100%| O|  |TAMS 0x0000000083800000, 0x0000000083700000| Untracked 
|  56|0x0000000083800000, 0x0000000083900000, 0x0000000083900000|100%| O|  |TAMS 0x0000000083900000, 0x0000000083800000| Untracked 
|  57|0x0000000083900000, 0x0000000083a00000, 0x0000000083a00000|100%| O|  |TAMS 0x0000000083a00000, 0x0000000083900000| Untracked 
|  58|0x0000000083a00000, 0x0000000083b00000, 0x0000000083b00000|100%| O|  |TAMS 0x0000000083b00000, 0x0000000083a00000| Untracked 
|  59|0x0000000083b00000, 0x0000000083c00000, 0x0000000083c00000|100%| O|  |TAMS 0x0000000083c00000, 0x0000000083b00000| Untracked 
|  60|0x0000000083c00000, 0x0000000083d00000, 0x0000000083d00000|100%| O|  |TAMS 0x0000000083d00000, 0x0000000083c00000| Untracked 
|  61|0x0000000083d00000, 0x0000000083e00000, 0x0000000083e00000|100%| O|  |TAMS 0x0000000083e00000, 0x0000000083d00000| Untracked 
|  62|0x0000000083e00000, 0x0000000083f00000, 0x0000000083f00000|100%| O|  |TAMS 0x0000000083f00000, 0x0000000083e00000| Untracked 
|  63|0x0000000083f00000, 0x0000000083f00000, 0x0000000084000000|  0%| F|  |TAMS 0x0000000083f00000, 0x0000000083f00000| Untracked 
|  64|0x0000000084000000, 0x0000000084100000, 0x0000000084100000|100%| O|  |TAMS 0x0000000084000000, 0x0000000084000000| Untracked 
|  65|0x0000000084100000, 0x0000000084200000, 0x0000000084200000|100%|HS|  |TAMS 0x0000000084200000, 0x0000000084100000| Complete 
|  66|0x0000000084200000, 0x0000000084300000, 0x0000000084300000|100%| O|  |TAMS 0x0000000084300000, 0x0000000084200000| Untracked 
|  67|0x0000000084300000, 0x0000000084400000, 0x0000000084400000|100%| O|  |TAMS 0x0000000084400000, 0x0000000084300000| Untracked 
|  68|0x0000000084400000, 0x0000000084500000, 0x0000000084500000|100%| O|  |TAMS 0x0000000084500000, 0x0000000084400000| Untracked 
|  69|0x0000000084500000, 0x0000000084600000, 0x0000000084600000|100%| O|  |TAMS 0x0000000084600000, 0x0000000084500000| Untracked 
|  70|0x0000000084600000, 0x0000000084700000, 0x0000000084700000|100%| O|  |TAMS 0x0000000084700000, 0x0000000084600000| Untracked 
|  71|0x0000000084700000, 0x0000000084800000, 0x0000000084800000|100%| O|  |TAMS 0x0000000084800000, 0x0000000084700000| Untracked 
|  72|0x0000000084800000, 0x0000000084900000, 0x0000000084900000|100%| O|  |TAMS 0x0000000084900000, 0x0000000084800000| Untracked 
|  73|0x0000000084900000, 0x0000000084a00000, 0x0000000084a00000|100%| O|  |TAMS 0x0000000084a00000, 0x0000000084900000| Untracked 
|  74|0x0000000084a00000, 0x0000000084b00000, 0x0000000084b00000|100%| O|  |TAMS 0x0000000084b00000, 0x0000000084a00000| Untracked 
|  75|0x0000000084b00000, 0x0000000084b00000, 0x0000000084c00000|  0%| F|  |TAMS 0x0000000084b00000, 0x0000000084b00000| Untracked 
|  76|0x0000000084c00000, 0x0000000084c00000, 0x0000000084d00000|  0%| F|  |TAMS 0x0000000084c00000, 0x0000000084c00000| Untracked 
|  77|0x0000000084d00000, 0x0000000084d00000, 0x0000000084e00000|  0%| F|  |TAMS 0x0000000084d00000, 0x0000000084d00000| Untracked 
|  78|0x0000000084e00000, 0x0000000084e00000, 0x0000000084f00000|  0%| F|  |TAMS 0x0000000084e00000, 0x0000000084e00000| Untracked 
|  79|0x0000000084f00000, 0x0000000084f00000, 0x0000000085000000|  0%| F|  |TAMS 0x0000000084f00000, 0x0000000084f00000| Untracked 
|  80|0x0000000085000000, 0x0000000085000000, 0x0000000085100000|  0%| F|  |TAMS 0x0000000085000000, 0x0000000085000000| Untracked 
|  81|0x0000000085100000, 0x0000000085200000, 0x0000000085200000|100%| O|  |TAMS 0x0000000085100000, 0x0000000085100000| Untracked 
|  82|0x0000000085200000, 0x0000000085200000, 0x0000000085300000|  0%| F|  |TAMS 0x0000000085200000, 0x0000000085200000| Untracked 
|  83|0x0000000085300000, 0x0000000085400000, 0x0000000085400000|100%| O|  |TAMS 0x0000000085400000, 0x0000000085300000| Untracked 
|  84|0x0000000085400000, 0x0000000085500000, 0x0000000085500000|100%| O|  |TAMS 0x0000000085500000, 0x0000000085400000| Untracked 
|  85|0x0000000085500000, 0x0000000085600000, 0x0000000085600000|100%| O|  |TAMS 0x0000000085600000, 0x0000000085500000| Untracked 
|  86|0x0000000085600000, 0x0000000085700000, 0x0000000085700000|100%| O|  |TAMS 0x0000000085700000, 0x0000000085600000| Untracked 
|  87|0x0000000085700000, 0x0000000085800000, 0x0000000085800000|100%| O|  |TAMS 0x0000000085800000, 0x0000000085700000| Untracked 
|  88|0x0000000085800000, 0x0000000085900000, 0x0000000085900000|100%| O|  |TAMS 0x0000000085900000, 0x0000000085800000| Untracked 
|  89|0x0000000085900000, 0x0000000085a00000, 0x0000000085a00000|100%| O|  |TAMS 0x0000000085a00000, 0x0000000085900000| Untracked 
|  90|0x0000000085a00000, 0x0000000085b00000, 0x0000000085b00000|100%| O|  |TAMS 0x0000000085b00000, 0x0000000085a00000| Untracked 
|  91|0x0000000085b00000, 0x0000000085c00000, 0x0000000085c00000|100%| O|  |TAMS 0x0000000085c00000, 0x0000000085b00000| Untracked 
|  92|0x0000000085c00000, 0x0000000085d00000, 0x0000000085d00000|100%| O|  |TAMS 0x0000000085d00000, 0x0000000085c00000| Untracked 
|  93|0x0000000085d00000, 0x0000000085e00000, 0x0000000085e00000|100%| O|  |TAMS 0x0000000085dcb600, 0x0000000085d00000| Untracked 
|  94|0x0000000085e00000, 0x0000000085e00000, 0x0000000085f00000|  0%| F|  |TAMS 0x0000000085e00000, 0x0000000085e00000| Untracked 
|  95|0x0000000085f00000, 0x0000000085f00000, 0x0000000086000000|  0%| F|  |TAMS 0x0000000085f00000, 0x0000000085f00000| Untracked 
|  96|0x0000000086000000, 0x0000000086000000, 0x0000000086100000|  0%| F|  |TAMS 0x0000000086000000, 0x0000000086000000| Untracked 
|  97|0x0000000086100000, 0x0000000086100000, 0x0000000086200000|  0%| F|  |TAMS 0x0000000086100000, 0x0000000086100000| Untracked 
|  98|0x0000000086200000, 0x0000000086200000, 0x0000000086300000|  0%| F|  |TAMS 0x0000000086200000, 0x0000000086200000| Untracked 
|  99|0x0000000086300000, 0x0000000086300000, 0x0000000086400000|  0%| F|  |TAMS 0x0000000086300000, 0x0000000086300000| Untracked 
| 100|0x0000000086400000, 0x0000000086400000, 0x0000000086500000|  0%| F|  |TAMS 0x0000000086400000, 0x0000000086400000| Untracked 
| 101|0x0000000086500000, 0x0000000086500000, 0x0000000086600000|  0%| F|  |TAMS 0x0000000086500000, 0x0000000086500000| Untracked 
| 102|0x0000000086600000, 0x0000000086700000, 0x0000000086700000|100%| O|  |TAMS 0x0000000086600000, 0x0000000086600000| Untracked 
| 103|0x0000000086700000, 0x0000000086800000, 0x0000000086800000|100%| O|  |TAMS 0x0000000086700000, 0x0000000086700000| Untracked 
| 104|0x0000000086800000, 0x0000000086900000, 0x0000000086900000|100%| O|  |TAMS 0x0000000086800000, 0x0000000086800000| Untracked 
| 105|0x0000000086900000, 0x0000000086a00000, 0x0000000086a00000|100%| O|  |TAMS 0x0000000086900000, 0x0000000086900000| Untracked 
| 106|0x0000000086a00000, 0x0000000086b00000, 0x0000000086b00000|100%| O|  |TAMS 0x0000000086a00000, 0x0000000086a00000| Untracked 
| 107|0x0000000086b00000, 0x0000000086c00000, 0x0000000086c00000|100%| O|  |TAMS 0x0000000086b00000, 0x0000000086b00000| Untracked 
| 108|0x0000000086c00000, 0x0000000086d00000, 0x0000000086d00000|100%| O|  |TAMS 0x0000000086c00000, 0x0000000086c00000| Untracked 
| 109|0x0000000086d00000, 0x0000000086d4ea00, 0x0000000086e00000| 30%| O|  |TAMS 0x0000000086d00000, 0x0000000086d00000| Untracked 
| 110|0x0000000086e00000, 0x0000000086e00000, 0x0000000086f00000|  0%| F|  |TAMS 0x0000000086e00000, 0x0000000086e00000| Untracked 
| 111|0x0000000086f00000, 0x0000000086f00000, 0x0000000087000000|  0%| F|  |TAMS 0x0000000086f00000, 0x0000000086f00000| Untracked 
| 112|0x0000000087000000, 0x0000000087000000, 0x0000000087100000|  0%| F|  |TAMS 0x0000000087000000, 0x0000000087000000| Untracked 
| 113|0x0000000087100000, 0x0000000087100000, 0x0000000087200000|  0%| F|  |TAMS 0x0000000087100000, 0x0000000087100000| Untracked 
| 114|0x0000000087200000, 0x0000000087200000, 0x0000000087300000|  0%| F|  |TAMS 0x0000000087200000, 0x0000000087200000| Untracked 
| 115|0x0000000087300000, 0x0000000087300000, 0x0000000087400000|  0%| F|  |TAMS 0x0000000087300000, 0x0000000087300000| Untracked 
| 116|0x0000000087400000, 0x0000000087400000, 0x0000000087500000|  0%| F|  |TAMS 0x0000000087400000, 0x0000000087400000| Untracked 
| 117|0x0000000087500000, 0x0000000087500000, 0x0000000087600000|  0%| F|  |TAMS 0x0000000087500000, 0x0000000087500000| Untracked 
| 118|0x0000000087600000, 0x0000000087600000, 0x0000000087700000|  0%| F|  |TAMS 0x0000000087600000, 0x0000000087600000| Untracked 
| 119|0x0000000087700000, 0x0000000087700000, 0x0000000087800000|  0%| F|  |TAMS 0x0000000087700000, 0x0000000087700000| Untracked 
| 120|0x0000000087800000, 0x0000000087800000, 0x0000000087900000|  0%| F|  |TAMS 0x0000000087800000, 0x0000000087800000| Untracked 
| 121|0x0000000087900000, 0x0000000087932c88, 0x0000000087a00000| 19%| S|CS|TAMS 0x0000000087900000, 0x0000000087900000| Complete 
| 122|0x0000000087a00000, 0x0000000087b00000, 0x0000000087b00000|100%| S|CS|TAMS 0x0000000087a00000, 0x0000000087a00000| Complete 
| 123|0x0000000087b00000, 0x0000000087c00000, 0x0000000087c00000|100%| S|CS|TAMS 0x0000000087b00000, 0x0000000087b00000| Complete 
| 124|0x0000000087c00000, 0x0000000087d00000, 0x0000000087d00000|100%| S|CS|TAMS 0x0000000087c00000, 0x0000000087c00000| Complete 
| 125|0x0000000087d00000, 0x0000000087d00000, 0x0000000087e00000|  0%| F|  |TAMS 0x0000000087d00000, 0x0000000087d00000| Untracked 
| 126|0x0000000087e00000, 0x0000000087e00000, 0x0000000087f00000|  0%| F|  |TAMS 0x0000000087e00000, 0x0000000087e00000| Untracked 
| 127|0x0000000087f00000, 0x0000000087f00000, 0x0000000088000000|  0%| F|  |TAMS 0x0000000087f00000, 0x0000000087f00000| Untracked 
| 128|0x0000000088000000, 0x0000000088000000, 0x0000000088100000|  0%| F|  |TAMS 0x0000000088000000, 0x0000000088000000| Untracked 
| 129|0x0000000088100000, 0x0000000088100000, 0x0000000088200000|  0%| F|  |TAMS 0x0000000088100000, 0x0000000088100000| Untracked 
| 130|0x0000000088200000, 0x0000000088200000, 0x0000000088300000|  0%| F|  |TAMS 0x0000000088200000, 0x0000000088200000| Untracked 
| 131|0x0000000088300000, 0x0000000088300000, 0x0000000088400000|  0%| F|  |TAMS 0x0000000088300000, 0x0000000088300000| Untracked 
| 132|0x0000000088400000, 0x0000000088400000, 0x0000000088500000|  0%| F|  |TAMS 0x0000000088400000, 0x0000000088400000| Untracked 
| 133|0x0000000088500000, 0x0000000088500000, 0x0000000088600000|  0%| F|  |TAMS 0x0000000088500000, 0x0000000088500000| Untracked 
| 134|0x0000000088600000, 0x0000000088700000, 0x0000000088700000|100%| S|CS|TAMS 0x0000000088600000, 0x0000000088600000| Complete 
| 135|0x0000000088700000, 0x0000000088800000, 0x0000000088800000|100%| S|CS|TAMS 0x0000000088700000, 0x0000000088700000| Complete 
| 136|0x0000000088800000, 0x0000000088800000, 0x0000000088900000|  0%| F|  |TAMS 0x0000000088800000, 0x0000000088800000| Untracked 
| 137|0x0000000088900000, 0x0000000088900000, 0x0000000088a00000|  0%| F|  |TAMS 0x0000000088900000, 0x0000000088900000| Untracked 
| 138|0x0000000088a00000, 0x0000000088a00000, 0x0000000088b00000|  0%| F|  |TAMS 0x0000000088a00000, 0x0000000088a00000| Untracked 
| 139|0x0000000088b00000, 0x0000000088b00000, 0x0000000088c00000|  0%| F|  |TAMS 0x0000000088b00000, 0x0000000088b00000| Untracked 
| 140|0x0000000088c00000, 0x0000000088c00000, 0x0000000088d00000|  0%| F|  |TAMS 0x0000000088c00000, 0x0000000088c00000| Untracked 
| 141|0x0000000088d00000, 0x0000000088d00000, 0x0000000088e00000|  0%| F|  |TAMS 0x0000000088d00000, 0x0000000088d00000| Untracked 
| 142|0x0000000088e00000, 0x0000000088e00000, 0x0000000088f00000|  0%| F|  |TAMS 0x0000000088e00000, 0x0000000088e00000| Untracked 
| 143|0x0000000088f00000, 0x0000000088f00000, 0x0000000089000000|  0%| F|  |TAMS 0x0000000088f00000, 0x0000000088f00000| Untracked 
| 144|0x0000000089000000, 0x0000000089000000, 0x0000000089100000|  0%| F|  |TAMS 0x0000000089000000, 0x0000000089000000| Untracked 
| 145|0x0000000089100000, 0x0000000089100000, 0x0000000089200000|  0%| F|  |TAMS 0x0000000089100000, 0x0000000089100000| Untracked 
| 146|0x0000000089200000, 0x0000000089200000, 0x0000000089300000|  0%| F|  |TAMS 0x0000000089200000, 0x0000000089200000| Untracked 
| 147|0x0000000089300000, 0x0000000089300000, 0x0000000089400000|  0%| F|  |TAMS 0x0000000089300000, 0x0000000089300000| Untracked 
| 148|0x0000000089400000, 0x0000000089400000, 0x0000000089500000|  0%| F|  |TAMS 0x0000000089400000, 0x0000000089400000| Untracked 
| 149|0x0000000089500000, 0x0000000089500000, 0x0000000089600000|  0%| F|  |TAMS 0x0000000089500000, 0x0000000089500000| Untracked 
| 150|0x0000000089600000, 0x0000000089600000, 0x0000000089700000|  0%| F|  |TAMS 0x0000000089600000, 0x0000000089600000| Untracked 
| 151|0x0000000089700000, 0x0000000089700000, 0x0000000089800000|  0%| F|  |TAMS 0x0000000089700000, 0x0000000089700000| Untracked 
| 152|0x0000000089800000, 0x0000000089800000, 0x0000000089900000|  0%| F|  |TAMS 0x0000000089800000, 0x0000000089800000| Untracked 
| 153|0x0000000089900000, 0x0000000089900000, 0x0000000089a00000|  0%| F|  |TAMS 0x0000000089900000, 0x0000000089900000| Untracked 
| 154|0x0000000089a00000, 0x0000000089a00000, 0x0000000089b00000|  0%| F|  |TAMS 0x0000000089a00000, 0x0000000089a00000| Untracked 
| 155|0x0000000089b00000, 0x0000000089b00000, 0x0000000089c00000|  0%| F|  |TAMS 0x0000000089b00000, 0x0000000089b00000| Untracked 
| 156|0x0000000089c00000, 0x0000000089c00000, 0x0000000089d00000|  0%| F|  |TAMS 0x0000000089c00000, 0x0000000089c00000| Untracked 
| 157|0x0000000089d00000, 0x0000000089d00000, 0x0000000089e00000|  0%| F|  |TAMS 0x0000000089d00000, 0x0000000089d00000| Untracked 
| 158|0x0000000089e00000, 0x0000000089e00000, 0x0000000089f00000|  0%| F|  |TAMS 0x0000000089e00000, 0x0000000089e00000| Untracked 
| 159|0x0000000089f00000, 0x0000000089f00000, 0x000000008a000000|  0%| F|  |TAMS 0x0000000089f00000, 0x0000000089f00000| Untracked 
| 160|0x000000008a000000, 0x000000008a000000, 0x000000008a100000|  0%| F|  |TAMS 0x000000008a000000, 0x000000008a000000| Untracked 
| 161|0x000000008a100000, 0x000000008a100000, 0x000000008a200000|  0%| F|  |TAMS 0x000000008a100000, 0x000000008a100000| Untracked 
| 162|0x000000008a200000, 0x000000008a200000, 0x000000008a300000|  0%| F|  |TAMS 0x000000008a200000, 0x000000008a200000| Untracked 
| 163|0x000000008a300000, 0x000000008a300000, 0x000000008a400000|  0%| F|  |TAMS 0x000000008a300000, 0x000000008a300000| Untracked 
| 164|0x000000008a400000, 0x000000008a400000, 0x000000008a500000|  0%| F|  |TAMS 0x000000008a400000, 0x000000008a400000| Untracked 
| 165|0x000000008a500000, 0x000000008a500000, 0x000000008a600000|  0%| F|  |TAMS 0x000000008a500000, 0x000000008a500000| Untracked 
| 166|0x000000008a600000, 0x000000008a600000, 0x000000008a700000|  0%| F|  |TAMS 0x000000008a600000, 0x000000008a600000| Untracked 
| 167|0x000000008a700000, 0x000000008a700000, 0x000000008a800000|  0%| F|  |TAMS 0x000000008a700000, 0x000000008a700000| Untracked 
| 168|0x000000008a800000, 0x000000008a800000, 0x000000008a900000|  0%| F|  |TAMS 0x000000008a800000, 0x000000008a800000| Untracked 
| 169|0x000000008a900000, 0x000000008a900000, 0x000000008aa00000|  0%| F|  |TAMS 0x000000008a900000, 0x000000008a900000| Untracked 
| 170|0x000000008aa00000, 0x000000008aa00000, 0x000000008ab00000|  0%| F|  |TAMS 0x000000008aa00000, 0x000000008aa00000| Untracked 
| 171|0x000000008ab00000, 0x000000008ab00000, 0x000000008ac00000|  0%| F|  |TAMS 0x000000008ab00000, 0x000000008ab00000| Untracked 
| 172|0x000000008ac00000, 0x000000008ac00000, 0x000000008ad00000|  0%| F|  |TAMS 0x000000008ac00000, 0x000000008ac00000| Untracked 
| 173|0x000000008ad00000, 0x000000008ad00000, 0x000000008ae00000|  0%| F|  |TAMS 0x000000008ad00000, 0x000000008ad00000| Untracked 
| 174|0x000000008ae00000, 0x000000008ae00000, 0x000000008af00000|  0%| F|  |TAMS 0x000000008ae00000, 0x000000008ae00000| Untracked 
| 175|0x000000008af00000, 0x000000008af00000, 0x000000008b000000|  0%| F|  |TAMS 0x000000008af00000, 0x000000008af00000| Untracked 
| 176|0x000000008b000000, 0x000000008b000000, 0x000000008b100000|  0%| F|  |TAMS 0x000000008b000000, 0x000000008b000000| Untracked 
| 177|0x000000008b100000, 0x000000008b100000, 0x000000008b200000|  0%| F|  |TAMS 0x000000008b100000, 0x000000008b100000| Untracked 
| 178|0x000000008b200000, 0x000000008b200000, 0x000000008b300000|  0%| F|  |TAMS 0x000000008b200000, 0x000000008b200000| Untracked 
| 179|0x000000008b300000, 0x000000008b300000, 0x000000008b400000|  0%| F|  |TAMS 0x000000008b300000, 0x000000008b300000| Untracked 
| 180|0x000000008b400000, 0x000000008b400000, 0x000000008b500000|  0%| F|  |TAMS 0x000000008b400000, 0x000000008b400000| Untracked 
| 181|0x000000008b500000, 0x000000008b500000, 0x000000008b600000|  0%| F|  |TAMS 0x000000008b500000, 0x000000008b500000| Untracked 
| 182|0x000000008b600000, 0x000000008b600000, 0x000000008b700000|  0%| F|  |TAMS 0x000000008b600000, 0x000000008b600000| Untracked 
| 183|0x000000008b700000, 0x000000008b700000, 0x000000008b800000|  0%| F|  |TAMS 0x000000008b700000, 0x000000008b700000| Untracked 
| 184|0x000000008b800000, 0x000000008b800000, 0x000000008b900000|  0%| F|  |TAMS 0x000000008b800000, 0x000000008b800000| Untracked 

Card table byte_map: [0x0000020366260000,0x0000020366660000] _byte_map_base: 0x0000020365e60000

Marking Bits (Prev, Next): (CMBitMap*) 0x00000203531ec2d0, (CMBitMap*) 0x00000203531ec298
 Prev Bits: [0x0000020368a60000, 0x000002036aa60000)
 Next Bits: [0x0000020366a60000, 0x0000020368a60000)

Polling page: 0x00000203511c0000

Metaspace:

Usage:
  Non-class:     75.60 MB capacity,    74.33 MB ( 98%) used,     1.07 MB (  1%) free+waste,   212.81 KB ( <1%) overhead. 
      Class:     11.40 MB capacity,    10.72 MB ( 94%) used,   597.29 KB (  5%) free+waste,    96.25 KB ( <1%) overhead. 
       Both:     87.00 MB capacity,    85.05 MB ( 98%) used,     1.65 MB (  2%) free+waste,   309.06 KB ( <1%) overhead. 

Virtual space:
  Non-class space:       76.00 MB reserved,      75.75 MB (>99%) committed 
      Class space:        1.00 GB reserved,      11.50 MB (  1%) committed 
             Both:        1.07 GB reserved,      87.25 MB (  8%) committed 

Chunk freelists:
   Non-Class:  86.00 KB
       Class:  72.00 KB
        Both:  158.00 KB

MaxMetaspaceSize: 17179869184.00 GB
CompressedClassSpaceSize: 1.00 GB

CodeHeap 'non-profiled nmethods': size=120000Kb used=6469Kb max_used=6469Kb free=113531Kb
 bounds [0x000002035e600000, 0x000002035ec60000, 0x0000020365b30000]
CodeHeap 'profiled nmethods': size=120000Kb used=21638Kb max_used=21638Kb free=98361Kb
 bounds [0x00000203570d0000, 0x0000020358600000, 0x000002035e600000]
CodeHeap 'non-nmethods': size=5760Kb used=2330Kb max_used=2370Kb free=3429Kb
 bounds [0x0000020356b30000, 0x0000020356da0000, 0x00000203570d0000]
 total_blobs=11015 nmethods=10056 adapters=870
 compilation: enabled
              stopped_count=0, restarted_count=0
 full_count=0

Compilation events (20 events):
Event: 12.131 Thread 0x000002036de3d000 nmethod 10417 0x00000203585ee410 code [0x00000203585ee5c0, 0x00000203585ee6b8]
Event: 12.131 Thread 0x000002036de3d000 10443       2       com.android.aaptcompiler.Reference::<init> (23 bytes)
Event: 12.132 Thread 0x000002036de3d000 nmethod 10443 0x00000203585ee790 code [0x00000203585ee960, 0x00000203585eec48]
Event: 12.132 Thread 0x000002036de3d000 10439       2       com.android.aapt.Resources$Value::writeTo (100 bytes)
Event: 12.133 Thread 0x000002036de3d000 nmethod 10439 0x00000203585eed10 code [0x00000203585eef80, 0x00000203585ef6b8]
Event: 12.133 Thread 0x000002036de3d000 10448       2       com.android.aapt.Resources$Item::<init> (6 bytes)
Event: 12.133 Thread 0x000002036de3d000 nmethod 10448 0x00000203585efa10 code [0x00000203585efbc0, 0x00000203585efd38]
Event: 12.133 Thread 0x000002036de3d000 10429       2       com.android.aapt.Resources$Item::access$22302 (7 bytes)
Event: 12.133 Thread 0x000002036de3d000 nmethod 10429 0x00000203585efe10 code [0x00000203585effc0, 0x00000203585f0098]
Event: 12.133 Thread 0x000002036de3d000 10449       2       com.android.aapt.Resources$Item::access$22202 (7 bytes)
Event: 12.133 Thread 0x000002036de3d000 nmethod 10449 0x00000203585f0190 code [0x00000203585f0340, 0x00000203585f0478]
Event: 12.133 Thread 0x000002036de3d000 10452       2       com.android.aapt.Resources$Item$Builder::buildPartial (300 bytes)
Event: 12.134 Thread 0x000002036de3d000 nmethod 10452 0x00000203585f0590 code [0x00000203585f0820, 0x00000203585f16c8]
Event: 12.134 Thread 0x000002036de3d000 10468       2       com.android.aapt.Resources$Source$Builder::setPosition (42 bytes)
Event: 12.135 Thread 0x000002036de3d000 nmethod 10468 0x00000203585f1a10 code [0x00000203585f1be0, 0x00000203585f1e88]
Event: 12.135 Thread 0x000002036de3d000 10457       2       com.android.aapt.Resources$Item$Builder::build (19 bytes)
Event: 12.135 Thread 0x000002036de3d000 nmethod 10457 0x00000203585f2010 code [0x00000203585f21e0, 0x00000203585f2408]
Event: 12.135 Thread 0x000002036de3d000 10440       2       com.android.aapt.ConfigurationOuterClass$Configuration::writeTo (519 bytes)
Event: 12.137 Thread 0x000002036de3d000 nmethod 10440 0x00000203585f2590 code [0x00000203585f29c0, 0x00000203585f3bf8]
Event: 12.137 Thread 0x000002036de3d000 10492 %     3       com.android.aaptcompiler.ResourceUtilsKt::parseXmlAttributeName @ 133 (309 bytes)

GC Heap History (20 events):
Event: 4.264 GC heap after
{Heap after GC invocations=9 (full 0):
 garbage-first heap   total 157696K, used 24924K [0x0000000080000000, 0x0000000100000000)
  region size 1024K, 7 young (7168K), 7 survivors (7168K)
 Metaspace       used 40725K, capacity 41566K, committed 41600K, reserved 1085440K
  class space    used 5200K, capacity 5501K, committed 5504K, reserved 1048576K
}
Event: 4.916 GC heap before
{Heap before GC invocations=9 (full 0):
 garbage-first heap   total 157696K, used 92508K [0x0000000080000000, 0x0000000100000000)
  region size 1024K, 73 young (74752K), 7 survivors (7168K)
 Metaspace       used 44483K, capacity 45533K, committed 45824K, reserved 1089536K
  class space    used 5705K, capacity 6081K, committed 6144K, reserved 1048576K
}
Event: 4.923 GC heap after
{Heap after GC invocations=10 (full 0):
 garbage-first heap   total 157696K, used 28826K [0x0000000080000000, 0x0000000100000000)
  region size 1024K, 8 young (8192K), 8 survivors (8192K)
 Metaspace       used 44483K, capacity 45533K, committed 45824K, reserved 1089536K
  class space    used 5705K, capacity 6081K, committed 6144K, reserved 1048576K
}
Event: 5.603 GC heap before
{Heap before GC invocations=10 (full 0):
 garbage-first heap   total 157696K, used 106650K [0x0000000080000000, 0x0000000100000000)
  region size 1024K, 78 young (79872K), 8 survivors (8192K)
 Metaspace       used 51040K, capacity 52333K, committed 52608K, reserved 1095680K
  class space    used 6503K, capacity 6926K, committed 7040K, reserved 1048576K
}
Event: 5.610 GC heap after
{Heap after GC invocations=11 (full 0):
 garbage-first heap   total 157696K, used 43825K [0x0000000080000000, 0x0000000100000000)
  region size 1024K, 10 young (10240K), 10 survivors (10240K)
 Metaspace       used 51040K, capacity 52333K, committed 52608K, reserved 1095680K
  class space    used 6503K, capacity 6926K, committed 7040K, reserved 1048576K
}
Event: 6.375 GC heap before
{Heap before GC invocations=11 (full 0):
 garbage-first heap   total 157696K, used 105265K [0x0000000080000000, 0x0000000100000000)
  region size 1024K, 71 young (72704K), 10 survivors (10240K)
 Metaspace       used 58627K, capacity 59993K, committed 60160K, reserved 1101824K
  class space    used 7444K, capacity 7946K, committed 8064K, reserved 1048576K
}
Event: 6.394 GC heap after
{Heap after GC invocations=12 (full 0):
 garbage-first heap   total 157696K, used 50670K [0x0000000080000000, 0x0000000100000000)
  region size 1024K, 6 young (6144K), 6 survivors (6144K)
 Metaspace       used 58627K, capacity 59993K, committed 60160K, reserved 1101824K
  class space    used 7444K, capacity 7946K, committed 8064K, reserved 1048576K
}
Event: 6.976 GC heap before
{Heap before GC invocations=13 (full 0):
 garbage-first heap   total 157696K, used 114158K [0x0000000080000000, 0x0000000100000000)
  region size 1024K, 68 young (69632K), 6 survivors (6144K)
 Metaspace       used 63326K, capacity 64795K, committed 64896K, reserved 1105920K
  class space    used 8038K, capacity 8561K, committed 8576K, reserved 1048576K
}
Event: 6.992 GC heap after
{Heap after GC invocations=14 (full 0):
 garbage-first heap   total 189440K, used 54657K [0x0000000080000000, 0x0000000100000000)
  region size 1024K, 6 young (6144K), 6 survivors (6144K)
 Metaspace       used 63326K, capacity 64795K, committed 64896K, reserved 1105920K
  class space    used 8038K, capacity 8561K, committed 8576K, reserved 1048576K
}
Event: 7.934 GC heap before
{Heap before GC invocations=15 (full 0):
 garbage-first heap   total 189440K, used 130433K [0x0000000080000000, 0x0000000100000000)
  region size 1024K, 80 young (81920K), 6 survivors (6144K)
 Metaspace       used 72280K, capacity 73847K, committed 74112K, reserved 1114112K
  class space    used 9441K, capacity 10048K, committed 10112K, reserved 1048576K
}
Event: 7.941 GC heap after
{Heap after GC invocations=16 (full 0):
 garbage-first heap   total 189440K, used 58594K [0x0000000080000000, 0x0000000100000000)
  region size 1024K, 9 young (9216K), 9 survivors (9216K)
 Metaspace       used 72280K, capacity 73847K, committed 74112K, reserved 1114112K
  class space    used 9441K, capacity 10048K, committed 10112K, reserved 1048576K
}
Event: 8.873 GC heap before
{Heap before GC invocations=16 (full 0):
 garbage-first heap   total 189440K, used 140514K [0x0000000080000000, 0x0000000100000000)
  region size 1024K, 90 young (92160K), 9 survivors (9216K)
 Metaspace       used 78345K, capacity 80240K, committed 80384K, reserved 1118208K
  class space    used 10253K, capacity 10925K, committed 11008K, reserved 1048576K
}
Event: 8.886 GC heap after
{Heap after GC invocations=17 (full 0):
 garbage-first heap   total 189440K, used 64401K [0x0000000080000000, 0x0000000100000000)
  region size 1024K, 10 young (10240K), 10 survivors (10240K)
 Metaspace       used 78345K, capacity 80240K, committed 80384K, reserved 1118208K
  class space    used 10253K, capacity 10925K, committed 11008K, reserved 1048576K
}
Event: 10.042 GC heap before
{Heap before GC invocations=17 (full 0):
 garbage-first heap   total 189440K, used 142225K [0x0000000080000000, 0x0000000100000000)
  region size 1024K, 87 young (89088K), 10 survivors (10240K)
 Metaspace       used 80048K, capacity 82016K, committed 82304K, reserved 1120256K
  class space    used 10390K, capacity 11078K, committed 11136K, reserved 1048576K
}
Event: 10.052 GC heap after
{Heap after GC invocations=18 (full 0):
 garbage-first heap   total 189440K, used 71124K [0x0000000080000000, 0x0000000100000000)
  region size 1024K, 7 young (7168K), 7 survivors (7168K)
 Metaspace       used 80048K, capacity 82016K, committed 82304K, reserved 1120256K
  class space    used 10390K, capacity 11078K, committed 11136K, reserved 1048576K
}
Event: 10.609 GC heap before
{Heap before GC invocations=18 (full 0):
 garbage-first heap   total 189440K, used 147924K [0x0000000080000000, 0x0000000100000000)
  region size 1024K, 80 young (81920K), 7 survivors (7168K)
 Metaspace       used 80498K, capacity 82457K, committed 82560K, reserved 1120256K
  class space    used 10422K, capacity 11115K, committed 11136K, reserved 1048576K
}
Event: 10.624 GC heap after
{Heap after GC invocations=19 (full 0):
 garbage-first heap   total 189440K, used 84755K [0x0000000080000000, 0x0000000100000000)
  region size 1024K, 10 young (10240K), 10 survivors (10240K)
 Metaspace       used 80498K, capacity 82457K, committed 82560K, reserved 1120256K
  class space    used 10422K, capacity 11115K, committed 11136K, reserved 1048576K
}
Event: 11.569 GC heap before
{Heap before GC invocations=19 (full 0):
 garbage-first heap   total 189440K, used 145171K [0x0000000080000000, 0x0000000100000000)
  region size 1024K, 61 young (62464K), 10 survivors (10240K)
 Metaspace       used 83769K, capacity 85863K, committed 86016K, reserved 1124352K
  class space    used 10737K, capacity 11439K, committed 11520K, reserved 1048576K
}
Event: 11.588 GC heap after
{Heap after GC invocations=20 (full 0):
 garbage-first heap   total 189440K, used 97069K [0x0000000080000000, 0x0000000100000000)
  region size 1024K, 9 young (9216K), 9 survivors (9216K)
 Metaspace       used 83769K, capacity 85863K, committed 86016K, reserved 1124352K
  class space    used 10737K, capacity 11439K, committed 11520K, reserved 1048576K
}
Event: 12.139 GC heap before
{Heap before GC invocations=21 (full 0):
 garbage-first heap   total 189440K, used 160557K [0x0000000080000000, 0x0000000100000000)
  region size 1024K, 58 young (59392K), 9 survivors (9216K)
 Metaspace       used 87090K, capacity 89090K, committed 89344K, reserved 1126400K
  class space    used 10978K, capacity 11672K, committed 11776K, reserved 1048576K
}

Deoptimization events (20 events):
Event: 11.898 Thread 0x0000020375565800 Uncommon trap: trap_request=0xffffff4d fr.pc=0x000002035e7d1648 relative=0x0000000000000408
Event: 11.898 Thread 0x0000020375568000 DEOPT PACKING pc=0x000002035e7d1648 sp=0x000000da7a1fd7f0
Event: 11.898 Thread 0x0000020375565800 Uncommon trap: reason=unstable_if action=reinterpret pc=0x000002035e7d1648 method=java.lang.String.substring(I)Ljava/lang/String; @ 43 c2
Event: 11.898 Thread 0x0000020375565800 DEOPT PACKING pc=0x000002035e7d1648 sp=0x000000da79ffd420
Event: 11.898 Thread 0x0000020375568000 DEOPT UNPACKING pc=0x0000020356b574af sp=0x000000da7a1fd7c8 mode 2
Event: 11.898 Thread 0x0000020375565800 DEOPT UNPACKING pc=0x0000020356b574af sp=0x000000da79ffd3f8 mode 2
Event: 11.953 Thread 0x0000020375568800 DEOPT PACKING pc=0x000002035850bd33 sp=0x000000da7a2fd1f0
Event: 11.953 Thread 0x0000020375568800 DEOPT UNPACKING pc=0x0000020356b572ce sp=0x000000da7a2fc730 mode 0
Event: 11.970 Thread 0x0000020375568800 DEOPT PACKING pc=0x000002035850e0c7 sp=0x000000da7a2fd410
Event: 11.970 Thread 0x0000020375568800 DEOPT UNPACKING pc=0x0000020356b572ce sp=0x000000da7a2fc8d0 mode 0
Event: 11.992 Thread 0x0000020375568800 DEOPT PACKING pc=0x000002035853336f sp=0x000000da7a2fd400
Event: 11.992 Thread 0x0000020375568800 DEOPT UNPACKING pc=0x0000020356b572ce sp=0x000000da7a2fc8a8 mode 0
Event: 11.993 Thread 0x0000020375564800 Uncommon trap: trap_request=0xffffff4d fr.pc=0x000002035e640fe8 relative=0x00000000000001c8
Event: 11.993 Thread 0x0000020375564800 Uncommon trap: reason=unstable_if action=reinterpret pc=0x000002035e640fe8 method=java.lang.StringCoding.encodeUTF8(B[BZ)[B @ 18 c2
Event: 11.993 Thread 0x0000020375564800 DEOPT PACKING pc=0x000002035e640fe8 sp=0x000000da7a0fd220
Event: 11.993 Thread 0x0000020375564800 DEOPT UNPACKING pc=0x0000020356b574af sp=0x000000da7a0fd1b8 mode 2
Event: 12.084 Thread 0x0000020375565800 DEOPT PACKING pc=0x000002035851abc9 sp=0x000000da79ffd160
Event: 12.084 Thread 0x0000020375565800 DEOPT UNPACKING pc=0x0000020356b572ce sp=0x000000da79ffc5f0 mode 0
Event: 12.129 Thread 0x0000020375565800 DEOPT PACKING pc=0x000002035851431f sp=0x000000da79ffcea0
Event: 12.129 Thread 0x0000020375565800 DEOPT UNPACKING pc=0x0000020356b572ce sp=0x000000da79ffc2d8 mode 0

Classes redefined (0 events):
No events

Internal exceptions (20 events):
Event: 10.629 Thread 0x0000020375563000 Exception <a 'java/lang/NoSuchMethodError'{0x000000008b834e90}: <clinit>> (0x000000008b834e90) thrown at [./src/hotspot/share/prims/jni.cpp, line 1362]
Event: 10.630 Thread 0x0000020375563000 Exception <a 'java/lang/NoSuchMethodError'{0x000000008b8436a8}: <clinit>> (0x000000008b8436a8) thrown at [./src/hotspot/share/prims/jni.cpp, line 1362]
Event: 10.645 Thread 0x0000020375563000 Exception <a 'java/lang/NoSuchMethodError'{0x000000008b8aad38}: <clinit>> (0x000000008b8aad38) thrown at [./src/hotspot/share/prims/jni.cpp, line 1362]
Event: 10.645 Thread 0x0000020375563000 Exception <a 'java/lang/NoSuchMethodError'{0x000000008b8ad658}: <clinit>> (0x000000008b8ad658) thrown at [./src/hotspot/share/prims/jni.cpp, line 1362]
Event: 10.646 Thread 0x0000020375563000 Exception <a 'java/lang/NoSuchMethodError'{0x000000008b8b1cd8}: <clinit>> (0x000000008b8b1cd8) thrown at [./src/hotspot/share/prims/jni.cpp, line 1362]
Event: 10.646 Thread 0x0000020375563000 Exception <a 'java/lang/NoSuchMethodError'{0x000000008b8bcd10}: <clinit>> (0x000000008b8bcd10) thrown at [./src/hotspot/share/prims/jni.cpp, line 1362]
Event: 10.653 Thread 0x0000020375563000 Exception <a 'java/lang/NoSuchMethodError'{0x000000008b7042b8}: <clinit>> (0x000000008b7042b8) thrown at [./src/hotspot/share/prims/jni.cpp, line 1362]
Event: 10.667 Thread 0x0000020375563000 Exception <a 'java/lang/NoSuchMethodError'{0x000000008b737cc8}: <clinit>> (0x000000008b737cc8) thrown at [./src/hotspot/share/prims/jni.cpp, line 1362]
Event: 10.671 Thread 0x0000020375563000 Exception <a 'java/lang/NoSuchMethodError'{0x000000008b769b18}: <clinit>> (0x000000008b769b18) thrown at [./src/hotspot/share/prims/jni.cpp, line 1362]
Event: 10.671 Thread 0x0000020375563000 Exception <a 'java/lang/NoSuchMethodError'{0x000000008b76cf80}: <clinit>> (0x000000008b76cf80) thrown at [./src/hotspot/share/prims/jni.cpp, line 1362]
Event: 10.673 Thread 0x0000020375563000 Exception <a 'java/lang/NoSuchMethodError'{0x000000008b76fbf0}: <clinit>> (0x000000008b76fbf0) thrown at [./src/hotspot/share/prims/jni.cpp, line 1362]
Event: 10.675 Thread 0x0000020375563000 Exception <a 'java/lang/NoSuchMethodError'{0x000000008b787e68}: <clinit>> (0x000000008b787e68) thrown at [./src/hotspot/share/prims/jni.cpp, line 1362]
Event: 10.677 Thread 0x0000020375563000 Exception <a 'java/lang/NoSuchMethodError'{0x000000008b79f170}: <clinit>> (0x000000008b79f170) thrown at [./src/hotspot/share/prims/jni.cpp, line 1362]
Event: 10.680 Thread 0x0000020375563000 Exception <a 'java/lang/NoSuchMethodError'{0x000000008b7bd6e8}: <clinit>> (0x000000008b7bd6e8) thrown at [./src/hotspot/share/prims/jni.cpp, line 1362]
Event: 10.682 Thread 0x0000020375563000 Exception <a 'java/lang/NoSuchMethodError'{0x000000008b7ce6c0}: <clinit>> (0x000000008b7ce6c0) thrown at [./src/hotspot/share/prims/jni.cpp, line 1362]
Event: 10.731 Thread 0x0000020375563000 Exception <a 'java/lang/NoSuchMethodError'{0x000000008b5edde0}: <clinit>> (0x000000008b5edde0) thrown at [./src/hotspot/share/prims/jni.cpp, line 1362]
Event: 10.779 Thread 0x0000020375564800 Exception <a 'java/lang/ClassNotFoundException'{0x000000008b0c02b0}: sun/awt/resources/spi/awtProvider> (0x000000008b0c02b0) thrown at [./src/hotspot/share/classfile/systemDictionary.cpp, line 231]
Event: 10.816 Thread 0x0000020375564800 Exception <a 'java/io/FileNotFoundException'{0x000000008af7b0b8}> (0x000000008af7b0b8) thrown at [./src/hotspot/share/prims/jni.cpp, line 615]
Event: 10.817 Thread 0x0000020375564800 Exception <a 'java/io/FileNotFoundException'{0x000000008af7ef30}> (0x000000008af7ef30) thrown at [./src/hotspot/share/prims/jni.cpp, line 615]
Event: 11.721 Thread 0x0000020375563000 Exception <a 'java/lang/NoSuchMethodError'{0x000000008b7ece58}: <clinit>> (0x000000008b7ece58) thrown at [./src/hotspot/share/prims/jni.cpp, line 1362]

Events (20 events):
Event: 11.991 loading class com/android/aapt/Resources$StringPool$Builder done
Event: 11.992 loading class com/android/aaptcompiler/Container$EntryType
Event: 11.992 loading class com/android/aaptcompiler/Container$EntryType done
Event: 11.993 loading class com/android/aapt/Resources$RawString$Builder
Event: 11.993 loading class com/android/aapt/Resources$RawString$Builder done
Event: 12.007 loading class com/android/aaptcompiler/FileReference
Event: 12.007 loading class com/android/aaptcompiler/FileReference done
Event: 12.008 loading class com/android/aapt/Resources$Primitive$NullTypeOrBuilder
Event: 12.008 loading class com/android/aapt/Resources$Primitive$NullTypeOrBuilder done
Event: 12.008 loading class com/android/aapt/Resources$Primitive$EmptyTypeOrBuilder
Event: 12.008 loading class com/android/aapt/Resources$Primitive$EmptyTypeOrBuilder done
Event: 12.008 loading class com/android/aapt/Resources$Primitive$1
Event: 12.008 loading class com/android/aapt/Resources$Primitive$1 done
Event: 12.009 loading class com/android/aapt/Resources$Primitive$Builder
Event: 12.009 loading class com/android/aapt/Resources$Primitive$Builder done
Event: 12.010 loading class com/android/aapt/Resources$Primitive$EmptyType
Event: 12.010 loading class com/android/aapt/Resources$Primitive$EmptyType done
Event: 12.011 loading class com/android/aapt/Resources$Primitive$NullType
Event: 12.011 loading class com/android/aapt/Resources$Primitive$NullType done
Event: 12.138 Executing VM operation: G1CollectForAllocation


Dynamic libraries:
0x00007ff6ee390000 - 0x00007ff6ee39a000 	C:\Program Files\Android\Android Studio\jre\bin\java.exe
0x00007ff913ef0000 - 0x00007ff9140e5000 	C:\WINDOWS\SYSTEM32\ntdll.dll
0x00007ff913460000 - 0x00007ff91351d000 	C:\WINDOWS\System32\KERNEL32.DLL
0x00007ff9119d0000 - 0x00007ff911c98000 	C:\WINDOWS\System32\KERNELBASE.dll
0x00007ff911cf0000 - 0x00007ff911df0000 	C:\WINDOWS\System32\ucrtbase.dll
0x00007ff908650000 - 0x00007ff908669000 	C:\Program Files\Android\Android Studio\jre\bin\jli.dll
0x00007ff9083b0000 - 0x00007ff9083c7000 	C:\Program Files\Android\Android Studio\jre\bin\VCRUNTIME140.dll
0x00007ff913190000 - 0x00007ff913330000 	C:\WINDOWS\System32\USER32.dll
0x00007ff9118a0000 - 0x00007ff9118c2000 	C:\WINDOWS\System32\win32u.dll
0x00007ff913670000 - 0x00007ff91369a000 	C:\WINDOWS\System32\GDI32.dll
0x00007ff8fd690000 - 0x00007ff8fd92a000 	C:\WINDOWS\WinSxS\amd64_microsoft.windows.common-controls_6595b64144ccf1df_6.0.19041.1052_none_60b8f8fd71f5e8cb\COMCTL32.dll
0x00007ff911790000 - 0x00007ff91189b000 	C:\WINDOWS\System32\gdi32full.dll
0x00007ff913b40000 - 0x00007ff913bde000 	C:\WINDOWS\System32\msvcrt.dll
0x00007ff9118d0000 - 0x00007ff91196d000 	C:\WINDOWS\System32\msvcp_win.dll
0x00007ff912830000 - 0x00007ff912860000 	C:\WINDOWS\System32\IMM32.DLL
0x00007ff903de0000 - 0x00007ff903e7d000 	C:\Program Files\Android\Android Studio\jre\bin\msvcp140.dll
0x00007ff8aea00000 - 0x00007ff8af4bc000 	C:\Program Files\Android\Android Studio\jre\bin\server\jvm.dll
0x00007ff912e20000 - 0x00007ff912ecc000 	C:\WINDOWS\System32\ADVAPI32.dll
0x00007ff912ff0000 - 0x00007ff91308b000 	C:\WINDOWS\System32\sechost.dll
0x00007ff913330000 - 0x00007ff91345b000 	C:\WINDOWS\System32\RPCRT4.dll
0x00007ff913700000 - 0x00007ff913708000 	C:\WINDOWS\System32\PSAPI.DLL
0x00007ff906160000 - 0x00007ff906187000 	C:\WINDOWS\SYSTEM32\WINMM.dll
0x00007ff90ab20000 - 0x00007ff90ab29000 	C:\WINDOWS\SYSTEM32\WSOCK32.dll
0x00007ff907680000 - 0x00007ff90768a000 	C:\WINDOWS\SYSTEM32\VERSION.dll
0x00007ff912f80000 - 0x00007ff912feb000 	C:\WINDOWS\System32\WS2_32.dll
0x00007ff90ff00000 - 0x00007ff90ff12000 	C:\WINDOWS\SYSTEM32\kernel.appcore.dll
0x00007ff8e5c40000 - 0x00007ff8e5c51000 	C:\Program Files\Android\Android Studio\jre\bin\verify.dll
0x00007ff90f330000 - 0x00007ff90f514000 	C:\WINDOWS\SYSTEM32\DBGHELP.DLL
0x00007ff8f5790000 - 0x00007ff8f57bc000 	C:\WINDOWS\SYSTEM32\dbgcore.DLL
0x00007ff911ed0000 - 0x00007ff911f53000 	C:\WINDOWS\System32\bcryptPrimitives.dll
0x00007ff8e5c10000 - 0x00007ff8e5c39000 	C:\Program Files\Android\Android Studio\jre\bin\java.dll
0x00007ff90a1c0000 - 0x00007ff90a1cb000 	C:\Program Files\Android\Android Studio\jre\bin\jimage.dll
0x00007ff8e3580000 - 0x00007ff8e3598000 	C:\Program Files\Android\Android Studio\jre\bin\zip.dll
0x00007ff911fe0000 - 0x00007ff91271f000 	C:\WINDOWS\System32\SHELL32.dll
0x00007ff90f760000 - 0x00007ff90fef0000 	C:\WINDOWS\SYSTEM32\windows.storage.dll
0x00007ff9137e0000 - 0x00007ff913b35000 	C:\WINDOWS\System32\combase.dll
0x00007ff9110a0000 - 0x00007ff9110cc000 	C:\WINDOWS\SYSTEM32\Wldp.dll
0x00007ff912720000 - 0x00007ff9127ce000 	C:\WINDOWS\System32\SHCORE.dll
0x00007ff9127d0000 - 0x00007ff912825000 	C:\WINDOWS\System32\shlwapi.dll
0x00007ff911570000 - 0x00007ff91158f000 	C:\WINDOWS\SYSTEM32\profapi.dll
0x00007ff8d9a50000 - 0x00007ff8d9a6a000 	C:\Program Files\Android\Android Studio\jre\bin\net.dll
0x00007ff904330000 - 0x00007ff90443b000 	C:\WINDOWS\SYSTEM32\WINHTTP.dll
0x00007ff910da0000 - 0x00007ff910e0a000 	C:\WINDOWS\system32\mswsock.dll
0x00007ff8d9a30000 - 0x00007ff8d9a44000 	C:\Program Files\Android\Android Studio\jre\bin\nio.dll
0x00007ff905440000 - 0x00007ff905467000 	C:\Users\Dark Knight\.gradle\native\fdc75f09e3144964f2cf3f50f0aa648679c211496f362492102eb8c894070792\windows-amd64\native-platform.dll
0x00007ff8d2fb0000 - 0x00007ff8d3146000 	C:\Users\Dark Knight\.gradle\native\12488b8bf47d2d4c9fbf2f6322a914ad602e24e48041cd04a747c6da556b65c4\windows-amd64\native-platform-file-events.dll
0x00007ff902ab0000 - 0x00007ff902aba000 	C:\Program Files\Android\Android Studio\jre\bin\management.dll
0x00007ff8f48b0000 - 0x00007ff8f48bc000 	C:\Program Files\Android\Android Studio\jre\bin\management_ext.dll
0x00007ff910f80000 - 0x00007ff910f98000 	C:\WINDOWS\SYSTEM32\CRYPTSP.dll
0x00007ff9106e0000 - 0x00007ff910714000 	C:\WINDOWS\system32\rsaenh.dll
0x00007ff911df0000 - 0x00007ff911e17000 	C:\WINDOWS\System32\bcrypt.dll
0x00007ff911530000 - 0x00007ff91155e000 	C:\WINDOWS\SYSTEM32\USERENV.dll
0x00007ff910f70000 - 0x00007ff910f7c000 	C:\WINDOWS\SYSTEM32\CRYPTBASE.dll
0x00007ff910a90000 - 0x00007ff910acb000 	C:\WINDOWS\SYSTEM32\IPHLPAPI.DLL
0x00007ff9130f0000 - 0x00007ff9130f8000 	C:\WINDOWS\System32\NSI.dll
0x00007ff906d60000 - 0x00007ff906d77000 	C:\WINDOWS\SYSTEM32\dhcpcsvc6.DLL
0x00007ff907480000 - 0x00007ff90749d000 	C:\WINDOWS\SYSTEM32\dhcpcsvc.DLL
0x00007ff910ad0000 - 0x00007ff910b9c000 	C:\WINDOWS\SYSTEM32\DNSAPI.dll
0x00007ff9076d0000 - 0x00007ff9076db000 	C:\WINDOWS\SYSTEM32\WINNSI.DLL
0x00007ff8d3a00000 - 0x00007ff8d3ba2000 	C:\Program Files\Android\Android Studio\jre\bin\awt.dll
0x00007ff913710000 - 0x00007ff9137dd000 	C:\WINDOWS\System32\OLEAUT32.dll
0x00007ff90eef0000 - 0x00007ff90ef1f000 	C:\WINDOWS\SYSTEM32\dwmapi.dll
0x00007ff90ec50000 - 0x00007ff90ece0000 	C:\WINDOWS\SYSTEM32\apphelp.dll
0x00007ff90ed20000 - 0x00007ff90edbe000 	C:\WINDOWS\system32\uxtheme.dll

dbghelp: loaded successfully - version: 4.0.5 - missing functions: none
symbol engine: initialized successfully - sym options: 0x614 - pdb path: .;C:\Program Files\Android\Android Studio\jre\bin;C:\WINDOWS\SYSTEM32;C:\WINDOWS\WinSxS\amd64_microsoft.windows.common-controls_6595b64144ccf1df_6.0.19041.1052_none_60b8f8fd71f5e8cb;C:\Program Files\Android\Android Studio\jre\bin\server;C:\Users\Dark Knight\.gradle\native\fdc75f09e3144964f2cf3f50f0aa648679c211496f362492102eb8c894070792\windows-amd64;C:\Users\Dark Knight\.gradle\native\12488b8bf47d2d4c9fbf2f6322a914ad602e24e48041cd04a747c6da556b65c4\windows-amd64

VM Arguments:
jvm_args: --add-opens=java.base/java.util=ALL-UNNAMED --add-opens=java.base/java.lang=ALL-UNNAMED --add-opens=java.base/java.lang.invoke=ALL-UNNAMED --add-opens=java.prefs/java.util.prefs=ALL-UNNAMED -Xmx2048m -Dfile.encoding=UTF-8 -Duser.country=IN -Duser.language=en -Duser.variant 
java_command: org.gradle.launcher.daemon.bootstrap.GradleDaemon 6.7.1
java_class_path (initial): C:\Users\Dark Knight\.gradle\wrapper\dists\gradle-6.7.1-bin\bwlcbys1h7rz3272sye1xwiv6\gradle-6.7.1\lib\gradle-launcher-6.7.1.jar
Launcher Type: SUN_STANDARD

[Global flags]
     intx CICompilerCount                          = 4                                         {product} {ergonomic}
     uint ConcGCThreads                            = 2                                         {product} {ergonomic}
     uint G1ConcRefinementThreads                  = 8                                         {product} {ergonomic}
   size_t G1HeapRegionSize                         = 1048576                                   {product} {ergonomic}
    uintx GCDrainStackTargetSize                   = 64                                        {product} {ergonomic}
   size_t InitialHeapSize                          = 134217728                                 {product} {ergonomic}
   size_t MarkStackSize                            = 4194304                                   {product} {ergonomic}
   size_t MaxHeapSize                              = 2147483648                                {product} {command line}
   size_t MaxNewSize                               = 1287651328                                {product} {ergonomic}
   size_t MinHeapDeltaBytes                        = 1048576                                   {product} {ergonomic}
    uintx NonNMethodCodeHeapSize                   = 5836300                                {pd product} {ergonomic}
    uintx NonProfiledCodeHeapSize                  = 122910970                              {pd product} {ergonomic}
    uintx ProfiledCodeHeapSize                     = 122910970                              {pd product} {ergonomic}
    uintx ReservedCodeCacheSize                    = 251658240                              {pd product} {ergonomic}
     bool SegmentedCodeCache                       = true                                      {product} {ergonomic}
     bool UseCompressedClassPointers               = true                                 {lp64_product} {ergonomic}
     bool UseCompressedOops                        = true                                 {lp64_product} {ergonomic}
     bool UseG1GC                                  = true                                      {product} {ergonomic}
     bool UseLargePagesIndividualAllocation        = false                                  {pd product} {ergonomic}

Logging:
Log output configuration:
 #0: stdout all=warning uptime,level,tags
 #1: stderr all=off uptime,level,tags

Environment Variables:
PATH=C:\Windows\system32;C:\Windows;C:\Windows\System32\Wbem;C:\Windows\System32\WindowsPowerShell\v1.0\;C:\Windows\System32\OpenSSH\;C:\Program Files (x86)\NVIDIA Corporation\PhysX\Common;C:\Program Files\NVIDIA Corporation\NVIDIA NvDLISR;C:\WINDOWS\system32;C:\WINDOWS;C:\WINDOWS\System32\Wbem;C:\WINDOWS\System32\WindowsPowerShell\v1.0\;C:\WINDOWS\System32\OpenSSH\;C:\MinGW\bin;C:\Program Files\MEGA-X;C:\WINDOWS\system32;C:\WINDOWS;C:\WINDOWS\System32\Wbem;C:\WINDOWS\System32\WindowsPowerShell\v1.0\;C:\WINDOWS\System32\OpenSSH\;C:\Program Files\Git\cmd;C:\Users\Dark Knight\AppData\Local\Microsoft\WindowsApps;C:\Users\Dark Knight\AppData\Local\GitHubDesktop\bin;C:\Users\Dark Knight\AppData\Local\atom\bin;C:\ProgramData\Dark Knight\atom\bin;C:\MinGW\bin;C:\Program Files (x86)\Microsoft Visual Studio\2019\BuildTools\MSBuild\Current\Bin;C:\Users\Dark Knight\AppData\Local\Programs\Microsoft VS Code\bin;C:\Users\Dark Knight\AppData\Local\Microsoft\WindowsApps;
USERNAME=Dark Knight
OS=Windows_NT
PROCESSOR_IDENTIFIER=Intel64 Family 6 Model 158 Stepping 10, GenuineIntel



---------------  S Y S T E M  ---------------

OS: Windows 10 , 64 bit Build 19041 (10.0.19041.1023)
OS uptime: 4 days 22:33 hours

CPU:total 8 (initial active 8) (4 cores per cpu, 2 threads per core) family 6 model 158 stepping 10, cmov, cx8, fxsr, mmx, sse, sse2, sse3, ssse3, sse4.1, sse4.2, popcnt, avx, avx2, aes, clmul, erms, 3dnowpref, lzcnt, ht, tsc, tscinvbit, bmi1, bmi2, adx, fma

Memory: 4k page, system-wide physical 8112M (994M free)
TotalPageFile size 12208M (AvailPageFile size 12M)
current process WorkingSet (physical memory assigned to process): 453M, peak: 459M
current process commit charge ("private bytes"): 494M, peak: 534M

vm_info: OpenJDK 64-Bit Server VM (11.0.8+10-b944.6842174) for windows-amd64 JRE (11.0.8+10-b944.6842174), built on Sep 19 2020 01:11:42 by "builder" with MS VC++ 14.0 (VS2015)

END.
