#
# There is insufficient memory for the Java Runtime Environment to continue.
# Native memory allocation (malloc) failed to allocate 1986096 bytes for Chunk::new
# Possible reasons:
#   The system is out of physical RAM or swap space
#   The process is running with CompressedOops enabled, and the Java Heap may be blocking the growth of the native heap
# Possible solutions:
#   Reduce memory load on the system
#   Increase physical memory or swap space
#   Check if swap backing store is full
#   Decrease Java heap size (-Xmx/-Xms)
#   Decrease number of Java threads
#   Decrease Java thread stack sizes (-Xss)
#   Set larger code cache with -XX:ReservedCodeCacheSize=
#   JVM is running with Unscaled Compressed Oops mode in which the Java heap is
#     placed in the first 4GB address space. The Java Heap base address is the
#     maximum limit for the native heap growth. Please use -XX:HeapBaseMinAddress
#     to set the Java Heap base and to place the Java Heap above 4GB virtual address.
# This output file may be truncated or incomplete.
#
#  Out of Memory Error (./src/hotspot/share/memory/arena.cpp:197), pid=18100, tid=16600
#
# JRE version: OpenJDK Runtime Environment (11.0.8+10) (build 11.0.8+10-b944.6842174)
# Java VM: OpenJDK 64-Bit Server VM (11.0.8+10-b944.6842174, mixed mode, tiered, compressed oops, g1 gc, windows-amd64)
# No core dump will be written. Minidumps are not enabled by default on client versions of Windows
#

---------------  S U M M A R Y ------------

Command Line: --add-opens=java.base/java.util=ALL-UNNAMED --add-opens=java.base/java.lang=ALL-UNNAMED --add-opens=java.base/java.lang.invoke=ALL-UNNAMED --add-opens=java.prefs/java.util.prefs=ALL-UNNAMED -Xmx2048m -Dfile.encoding=UTF-8 -Duser.country=IN -Duser.language=en -Duser.variant org.gradle.launcher.daemon.bootstrap.GradleDaemon 6.7.1

Host: Intel(R) Core(TM) i5-9300H CPU @ 2.40GHz, 8 cores, 7G,  Windows 10 , 64 bit Build 19041 (10.0.19041.1023)
Time: Fri Jul  9 12:40:17 2021 India Standard Time elapsed time: 5055 seconds (0d 1h 24m 15s)

---------------  T H R E A D  ---------------

Current thread (0x00000243165b8800):  JavaThread "C2 CompilerThread1" daemon [_thread_in_native, id=16600, stack(0x00000054c7800000,0x00000054c7900000)]


Current CompileTask:
C2:5055727 14232       4       org.apache.xerces.impl.XMLNSDocumentScannerImpl::scanStartElement (873 bytes)

Stack: [0x00000054c7800000,0x00000054c7900000]
Native frames: (J=compiled Java code, j=interpreted, Vv=VM code, C=native code)
V  [jvm.dll+0x5de50a]
V  [jvm.dll+0x7122f5]
V  [jvm.dll+0x71384d]
V  [jvm.dll+0x713f03]
V  [jvm.dll+0x23e728]
V  [jvm.dll+0xb899c]
V  [jvm.dll+0xb8e9c]
V  [jvm.dll+0x35020b]
V  [jvm.dll+0x31dea3]
V  [jvm.dll+0x31d39a]
V  [jvm.dll+0x1f7702]
V  [jvm.dll+0x1f68d4]
V  [jvm.dll+0x17f32c]
V  [jvm.dll+0x205047]
V  [jvm.dll+0x203891]
V  [jvm.dll+0x6dad3f]
V  [jvm.dll+0x6d3895]
V  [jvm.dll+0x5dd4a6]
C  [ucrtbase.dll+0x21bb2]
C  [KERNEL32.DLL+0x17034]
C  [ntdll.dll+0x52651]


---------------  P R O C E S S  ---------------

Threads class SMR info:
_java_thread_list=0x0000024314db6840, length=173, elements={
0x000002436e98a800, 0x000002437bc42800, 0x000002437bc46000, 0x000002437c5c2800,
0x000002437c5c3800, 0x000002437c5c6000, 0x000002437c5ca000, 0x000002437c5d3800,
0x000002437c722800, 0x000002437c723800, 0x000002437e93e800, 0x000002437db82000,
0x000002437db13800, 0x000002437e141800, 0x000002437e143800, 0x000002437e13f000,
0x000002430f2ac800, 0x000002430f2aa800, 0x000002430f4ff800, 0x000002430f500000,
0x000002430f4f6800, 0x000002430f4f5800, 0x000002430f4f7000, 0x000002430f4f8000,
0x000002430f4f2800, 0x000002430f4f3000, 0x000002430f4f9000, 0x000002430f4f9800,
0x000002430f4f4000, 0x000002430f4f5000, 0x000002430f4fc000, 0x00000243165b8800,
0x000002437f302800, 0x000002430f4fd000, 0x000002430f4fe800, 0x000002430f4fa800,
0x000002430f4fe000, 0x000002430f501000, 0x000002430f4fb800, 0x000002430f2ad800,
0x000002430f2ae800, 0x000002430f2af000, 0x000002430f2ac000, 0x000002430f2b0000,
0x000002430f2ab000, 0x000002430f2b4000, 0x000002430f2b3800, 0x000002430f2b5000,
0x000002430f2b7800, 0x000002430f2b5800, 0x000002430f2b6800, 0x000002430f2b1800,
0x000002430f2b8000, 0x000002430f2b2800, 0x000002430f2b9000, 0x000002437e142000,
0x000002437e143000, 0x000002437e13f800, 0x000002437e13e000, 0x000002437e144800,
0x000002437e140800, 0x0000024312b17800, 0x0000024312b18800, 0x0000024312b1b800,
0x0000024312b19000, 0x0000024312b1c800, 0x0000024312b1a000, 0x0000024312b1b000,
0x0000024312b16800, 0x0000024312b1d000, 0x0000024312b21800, 0x0000024312b24000,
0x0000024312b1e000, 0x0000024312b24800, 0x0000024312b23000, 0x0000024312b1f000,
0x0000024312b25800, 0x0000024312b20800, 0x0000024312b1f800, 0x0000024312b22000,
0x0000024312746800, 0x0000024312745800, 0x0000024312748000, 0x0000024312742000,
0x0000024312747000, 0x0000024312748800, 0x0000024312743000, 0x0000024312744800,
0x0000024312749800, 0x0000024312744000, 0x000002431274d800, 0x000002431274c000,
0x000002431274d000, 0x0000024312750000, 0x000002431274e800, 0x000002431274a800,
0x000002431274f800, 0x0000024312751000, 0x000002431274b000, 0x000002430f551800,
0x000002430f550800, 0x000002430f553000, 0x000002430f555800, 0x000002430f554000,
0x000002430f552000, 0x000002430f554800, 0x000002430f54f800, 0x000002430f559800,
0x000002430f55a800, 0x000002430f55b000, 0x000002430f55c000, 0x000002430f556000,
0x000002430f55c800, 0x000002430f558000, 0x000002430f557000, 0x000002430f558800,
0x000002430f55d800, 0x000002430f55e800, 0x000002430fed0800, 0x000002430fed3000,
0x000002430fecd000, 0x000002430fecf800, 0x000002430fed3800, 0x000002430fece000,
0x000002430fed4800, 0x000002430fed1000, 0x000002430fece800, 0x000002430fed5800,
0x000002430fed6000, 0x000002430fed7000, 0x000002430fed7800, 0x000002430fed2000,
0x000002430fed8800, 0x000002430fedc000, 0x000002430fed9800, 0x000002430feda000,
0x000002430fedb000, 0x0000024310f6e800, 0x0000024310f6f000, 0x0000024310f72800,
0x0000024310f71800, 0x0000024310f73800, 0x0000024310f6d800, 0x0000024310f70000,
0x0000024310f74000, 0x0000024310f71000, 0x0000024314aed800, 0x0000024314aee800,
0x0000024314aea800, 0x0000024314af1000, 0x0000024314aec800, 0x0000024314af0000,
0x0000024314aef000, 0x0000024314aeb000, 0x0000024314af1800, 0x0000024314aec000,
0x0000024314af8000, 0x0000024314af2800, 0x0000024314af4000, 0x0000024314af5000,
0x0000024314af6800, 0x0000024314af7800, 0x0000024314af9000, 0x0000024314af3000,
0x0000024314af5800, 0x000002431141a000, 0x0000024311419800, 0x000002431141b000,
0x000002431141c800, 0x000002431141c000, 0x0000024311417000, 0x000002431141d800,
0x0000024311417800
}

Java Threads: ( => current thread )
  0x000002436e98a800 JavaThread "main" [_thread_blocked, id=1656, stack(0x00000054c5a00000,0x00000054c5b00000)]
  0x000002437bc42800 JavaThread "Reference Handler" daemon [_thread_blocked, id=27704, stack(0x00000054c6100000,0x00000054c6200000)]
  0x000002437bc46000 JavaThread "Finalizer" daemon [_thread_blocked, id=3040, stack(0x00000054c6200000,0x00000054c6300000)]
  0x000002437c5c2800 JavaThread "Signal Dispatcher" daemon [_thread_blocked, id=14388, stack(0x00000054c6300000,0x00000054c6400000)]
  0x000002437c5c3800 JavaThread "Attach Listener" daemon [_thread_blocked, id=9872, stack(0x00000054c6400000,0x00000054c6500000)]
  0x000002437c5c6000 JavaThread "C2 CompilerThread0" daemon [_thread_in_native, id=7796, stack(0x00000054c6500000,0x00000054c6600000)]
  0x000002437c5ca000 JavaThread "C1 CompilerThread0" daemon [_thread_in_native, id=26876, stack(0x00000054c6600000,0x00000054c6700000)]
  0x000002437c5d3800 JavaThread "Sweeper thread" daemon [_thread_blocked, id=1548, stack(0x00000054c6700000,0x00000054c6800000)]
  0x000002437c722800 JavaThread "Common-Cleaner" daemon [_thread_blocked, id=23644, stack(0x00000054c6800000,0x00000054c6900000)]
  0x000002437c723800 JavaThread "Service Thread" daemon [_thread_blocked, id=13228, stack(0x00000054c6900000,0x00000054c6a00000)]
  0x000002437e93e800 JavaThread "Daemon health stats" [_thread_blocked, id=6268, stack(0x00000054c6f00000,0x00000054c7000000)]
  0x000002437db82000 JavaThread "Incoming local TCP Connector on port 57388" [_thread_in_native, id=8112, stack(0x00000054c7000000,0x00000054c7100000)]
  0x000002437db13800 JavaThread "Daemon periodic checks" [_thread_blocked, id=29444, stack(0x00000054c7200000,0x00000054c7300000)]
  0x000002437e141800 JavaThread "Cache worker for file hash cache (C:\Users\Dark Knight\.gradle\caches\6.7.1\fileHashes)" [_thread_blocked, id=27720, stack(0x00000054c7f00000,0x00000054c8000000)]
  0x000002437e143800 JavaThread "File lock request listener" [_thread_in_native, id=1388, stack(0x00000054c8000000,0x00000054c8100000)]
  0x000002437e13f000 JavaThread "Cache worker for journal cache (C:\Users\Dark Knight\.gradle\caches\journal-1)" [_thread_blocked, id=26452, stack(0x00000054c8200000,0x00000054c8300000)]
  0x000002430f2ac800 JavaThread "Cache worker for execution history cache (C:\Users\Dark Knight\.gradle\caches\6.7.1\executionHistory)" [_thread_blocked, id=26264, stack(0x00000054c9c00000,0x00000054c9d00000)]
  0x000002430f2aa800 JavaThread "Cache worker for file content cache (C:\Users\Dark Knight\.gradle\caches\6.7.1\fileContent)" [_thread_blocked, id=29060, stack(0x00000054c9d00000,0x00000054c9e00000)]
  0x000002430f4ff800 JavaThread "Memory manager" [_thread_blocked, id=18940, stack(0x00000054d0900000,0x00000054d0a00000)]
  0x000002430f500000 JavaThread "pool-3-thread-1" [_thread_blocked, id=16792, stack(0x00000054d0a00000,0x00000054d0b00000)]
  0x000002430f4f6800 JavaThread "Daemon Thread 2" [_thread_blocked, id=21764, stack(0x00000054c5700000,0x00000054c5800000)]
  0x000002430f4f5800 JavaThread "Handler for socket connection from /127.0.0.1:57388 to /127.0.0.1:62087" [_thread_in_native, id=27884, stack(0x00000054c5800000,0x00000054c5900000)]
  0x000002430f4f7000 JavaThread "Cancel handler" [_thread_blocked, id=29548, stack(0x00000054c5900000,0x00000054c5a00000)]
  0x000002430f4f8000 JavaThread "Daemon worker Thread 2" [_thread_blocked, id=24380, stack(0x00000054c6b00000,0x00000054c6c00000)]
  0x000002430f4f2800 JavaThread "Asynchronous log dispatcher for DefaultDaemonConnection: socket connection from /127.0.0.1:57388 to /127.0.0.1:62087" [_thread_blocked, id=22696, stack(0x00000054c6c00000,0x00000054c6d00000)]
  0x000002430f4f3000 JavaThread "Stdin handler" [_thread_blocked, id=3892, stack(0x00000054c7100000,0x00000054c7200000)]
  0x000002430f4f9000 JavaThread "Thread-159" [_thread_blocked, id=20832, stack(0x00000054c7300000,0x00000054c7400000)]
  0x000002430f4f9800 JavaThread "Cache worker for file hash cache (C:\Android Projects\Udemy TUTORIAL\AGE IN MINUTES-2\.gradle\6.7.1\fileHashes)" [_thread_blocked, id=27828, stack(0x00000054c7400000,0x00000054c7500000)]
  0x000002430f4f4000 JavaThread "Cache worker for checksums cache (C:\Android Projects\Udemy TUTORIAL\AGE IN MINUTES-2\.gradle\checksums)" [_thread_blocked, id=13780, stack(0x00000054c7500000,0x00000054c7600000)]
  0x000002430f4f5000 JavaThread "Cache worker for cache directory md-supplier (C:\Users\Dark Knight\.gradle\caches\6.7.1\md-supplier)" [_thread_blocked, id=23008, stack(0x00000054c7600000,0x00000054c7700000)]
  0x000002430f4fc000 JavaThread "Cache worker for cache directory md-rule (C:\Users\Dark Knight\.gradle\caches\6.7.1\md-rule)" [_thread_blocked, id=22044, stack(0x00000054c7700000,0x00000054c7800000)]
=>0x00000243165b8800 JavaThread "C2 CompilerThread1" daemon [_thread_in_native, id=16600, stack(0x00000054c7800000,0x00000054c7900000)]
  0x000002437f302800 JavaThread "C2 CompilerThread2" daemon [_thread_in_native, id=29676, stack(0x00000054c7900000,0x00000054c7a00000)]
  0x000002430f4fd000 JavaThread "Cache worker for Build Output Cleanup Cache (C:\Android Projects\Udemy TUTORIAL\AGE IN MINUTES-2\.gradle\buildOutputCleanup)" [_thread_blocked, id=28824, stack(0x00000054c8300000,0x00000054c8400000)]
  0x000002430f4fe800 JavaThread "Build operations" [_thread_blocked, id=23832, stack(0x00000054c8400000,0x00000054c8500000)]
  0x000002430f4fa800 JavaThread "Build operations Thread 2" [_thread_blocked, id=24008, stack(0x00000054c8500000,0x00000054c8600000)]
  0x000002430f4fe000 JavaThread "Build operations Thread 3" [_thread_blocked, id=13948, stack(0x00000054c8600000,0x00000054c8700000)]
  0x000002430f501000 JavaThread "Build operations Thread 4" [_thread_blocked, id=21648, stack(0x00000054c8700000,0x00000054c8800000)]
  0x000002430f4fb800 JavaThread "Build operations Thread 5" [_thread_blocked, id=22332, stack(0x00000054c8800000,0x00000054c8900000)]
  0x000002430f2ad800 JavaThread "Build operations Thread 6" [_thread_blocked, id=27052, stack(0x00000054c8900000,0x00000054c8a00000)]
  0x000002430f2ae800 JavaThread "Build operations Thread 7" [_thread_blocked, id=18428, stack(0x00000054c8a00000,0x00000054c8b00000)]
  0x000002430f2af000 JavaThread "Build operations Thread 8" [_thread_blocked, id=23160, stack(0x00000054c8b00000,0x00000054c8c00000)]
  0x000002430f2ac000 JavaThread "jar transforms Thread 120" [_thread_blocked, id=17704, stack(0x00000054c8c00000,0x00000054c8d00000)]
  0x000002430f2b0000 JavaThread "jar transforms Thread 121" [_thread_blocked, id=3760, stack(0x00000054c8d00000,0x00000054c8e00000)]
  0x000002430f2ab000 JavaThread "jar transforms Thread 122" [_thread_blocked, id=10496, stack(0x00000054c8e00000,0x00000054c8f00000)]
  0x000002430f2b4000 JavaThread "jar transforms Thread 123" [_thread_blocked, id=28324, stack(0x00000054c8f00000,0x00000054c9000000)]
  0x000002430f2b3800 JavaThread "jar transforms Thread 124" [_thread_blocked, id=7764, stack(0x00000054c9000000,0x00000054c9100000)]
  0x000002430f2b5000 JavaThread "jar transforms Thread 125" [_thread_blocked, id=28976, stack(0x00000054c9100000,0x00000054c9200000)]
  0x000002430f2b7800 JavaThread "jar transforms Thread 126" [_thread_blocked, id=8992, stack(0x00000054c9200000,0x00000054c9300000)]
  0x000002430f2b5800 JavaThread "jar transforms Thread 127" [_thread_blocked, id=8908, stack(0x00000054c9300000,0x00000054c9400000)]
  0x000002430f2b6800 JavaThread "jar transforms Thread 128" [_thread_blocked, id=17540, stack(0x00000054c9400000,0x00000054c9500000)]
  0x000002430f2b1800 JavaThread "jar transforms Thread 129" [_thread_blocked, id=27384, stack(0x00000054c9500000,0x00000054c9600000)]
  0x000002430f2b8000 JavaThread "jar transforms Thread 130" [_thread_blocked, id=2692, stack(0x00000054c9600000,0x00000054c9700000)]
  0x000002430f2b2800 JavaThread "jar transforms Thread 131" [_thread_blocked, id=19972, stack(0x00000054c9700000,0x00000054c9800000)]
  0x000002430f2b9000 JavaThread "jar transforms Thread 132" [_thread_blocked, id=1528, stack(0x00000054c9800000,0x00000054c9900000)]
  0x000002437e142000 JavaThread "jar transforms Thread 133" [_thread_blocked, id=22220, stack(0x00000054c9900000,0x00000054c9a00000)]
  0x000002437e143000 JavaThread "jar transforms Thread 134" [_thread_blocked, id=27752, stack(0x00000054c9a00000,0x00000054c9b00000)]
  0x000002437e13f800 JavaThread "jar transforms Thread 135" [_thread_blocked, id=13280, stack(0x00000054c9b00000,0x00000054c9c00000)]
  0x000002437e13e000 JavaThread "jar transforms Thread 136" [_thread_blocked, id=23588, stack(0x00000054c9e00000,0x00000054c9f00000)]
  0x000002437e144800 JavaThread "jar transforms Thread 137" [_thread_blocked, id=16988, stack(0x00000054c9f00000,0x00000054ca000000)]
  0x000002437e140800 JavaThread "jar transforms Thread 138" [_thread_blocked, id=13672, stack(0x00000054ca000000,0x00000054ca100000)]
  0x0000024312b17800 JavaThread "jar transforms Thread 139" [_thread_blocked, id=20628, stack(0x00000054ca100000,0x00000054ca200000)]
  0x0000024312b18800 JavaThread "jar transforms Thread 140" [_thread_blocked, id=13424, stack(0x00000054ca200000,0x00000054ca300000)]
  0x0000024312b1b800 JavaThread "jar transforms Thread 141" [_thread_blocked, id=27924, stack(0x00000054ca300000,0x00000054ca400000)]
  0x0000024312b19000 JavaThread "jar transforms Thread 142" [_thread_blocked, id=10900, stack(0x00000054ca400000,0x00000054ca500000)]
  0x0000024312b1c800 JavaThread "jar transforms Thread 143" [_thread_blocked, id=27124, stack(0x00000054ca500000,0x00000054ca600000)]
  0x0000024312b1a000 JavaThread "jar transforms Thread 144" [_thread_blocked, id=29052, stack(0x00000054ca600000,0x00000054ca700000)]
  0x0000024312b1b000 JavaThread "jar transforms Thread 145" [_thread_blocked, id=6848, stack(0x00000054ca700000,0x00000054ca800000)]
  0x0000024312b16800 JavaThread "jar transforms Thread 146" [_thread_blocked, id=20976, stack(0x00000054ca800000,0x00000054ca900000)]
  0x0000024312b1d000 JavaThread "jar transforms Thread 147" [_thread_blocked, id=28276, stack(0x00000054ca900000,0x00000054caa00000)]
  0x0000024312b21800 JavaThread "jar transforms Thread 148" [_thread_blocked, id=16660, stack(0x00000054caa00000,0x00000054cab00000)]
  0x0000024312b24000 JavaThread "jar transforms Thread 149" [_thread_blocked, id=29312, stack(0x00000054cab00000,0x00000054cac00000)]
  0x0000024312b1e000 JavaThread "jar transforms Thread 150" [_thread_blocked, id=10000, stack(0x00000054cac00000,0x00000054cad00000)]
  0x0000024312b24800 JavaThread "jar transforms Thread 151" [_thread_blocked, id=23804, stack(0x00000054cad00000,0x00000054cae00000)]
  0x0000024312b23000 JavaThread "jar transforms Thread 152" [_thread_blocked, id=10252, stack(0x00000054cae00000,0x00000054caf00000)]
  0x0000024312b1f000 JavaThread "jar transforms Thread 153" [_thread_blocked, id=1316, stack(0x00000054caf00000,0x00000054cb000000)]
  0x0000024312b25800 JavaThread "jar transforms Thread 154" [_thread_blocked, id=13324, stack(0x00000054cb000000,0x00000054cb100000)]
  0x0000024312b20800 JavaThread "jar transforms Thread 155" [_thread_blocked, id=24872, stack(0x00000054cb100000,0x00000054cb200000)]
  0x0000024312b1f800 JavaThread "jar transforms Thread 156" [_thread_blocked, id=14332, stack(0x00000054cb200000,0x00000054cb300000)]
  0x0000024312b22000 JavaThread "jar transforms Thread 157" [_thread_blocked, id=3440, stack(0x00000054cb300000,0x00000054cb400000)]
  0x0000024312746800 JavaThread "jar transforms Thread 158" [_thread_blocked, id=21264, stack(0x00000054cb400000,0x00000054cb500000)]
  0x0000024312745800 JavaThread "jar transforms Thread 159" [_thread_blocked, id=17076, stack(0x00000054cb500000,0x00000054cb600000)]
  0x0000024312748000 JavaThread "jar transforms Thread 160" [_thread_blocked, id=16516, stack(0x00000054cb600000,0x00000054cb700000)]
  0x0000024312742000 JavaThread "jar transforms Thread 161" [_thread_blocked, id=28096, stack(0x00000054cb700000,0x00000054cb800000)]
  0x0000024312747000 JavaThread "jar transforms Thread 162" [_thread_blocked, id=19820, stack(0x00000054cb800000,0x00000054cb900000)]
  0x0000024312748800 JavaThread "jar transforms Thread 163" [_thread_blocked, id=17180, stack(0x00000054cb900000,0x00000054cba00000)]
  0x0000024312743000 JavaThread "jar transforms Thread 164" [_thread_blocked, id=24944, stack(0x00000054cba00000,0x00000054cbb00000)]
  0x0000024312744800 JavaThread "jar transforms Thread 165" [_thread_blocked, id=17968, stack(0x00000054cbb00000,0x00000054cbc00000)]
  0x0000024312749800 JavaThread "jar transforms Thread 166" [_thread_blocked, id=1824, stack(0x00000054cbc00000,0x00000054cbd00000)]
  0x0000024312744000 JavaThread "jar transforms Thread 167" [_thread_blocked, id=10556, stack(0x00000054cbd00000,0x00000054cbe00000)]
  0x000002431274d800 JavaThread "jar transforms Thread 168" [_thread_blocked, id=15060, stack(0x00000054cbe00000,0x00000054cbf00000)]
  0x000002431274c000 JavaThread "jar transforms Thread 169" [_thread_blocked, id=22484, stack(0x00000054cbf00000,0x00000054cc000000)]
  0x000002431274d000 JavaThread "jar transforms Thread 170" [_thread_blocked, id=9688, stack(0x00000054cc000000,0x00000054cc100000)]
  0x0000024312750000 JavaThread "jar transforms Thread 171" [_thread_blocked, id=22856, stack(0x00000054cc100000,0x00000054cc200000)]
  0x000002431274e800 JavaThread "jar transforms Thread 172" [_thread_blocked, id=12152, stack(0x00000054cc200000,0x00000054cc300000)]
  0x000002431274a800 JavaThread "jar transforms Thread 173" [_thread_blocked, id=29024, stack(0x00000054cc300000,0x00000054cc400000)]
  0x000002431274f800 JavaThread "jar transforms Thread 174" [_thread_blocked, id=3336, stack(0x00000054cc400000,0x00000054cc500000)]
  0x0000024312751000 JavaThread "jar transforms Thread 175" [_thread_blocked, id=23248, stack(0x00000054cc500000,0x00000054cc600000)]
  0x000002431274b000 JavaThread "jar transforms Thread 176" [_thread_blocked, id=27072, stack(0x00000054cc600000,0x00000054cc700000)]
  0x000002430f551800 JavaThread "jar transforms Thread 177" [_thread_blocked, id=29668, stack(0x00000054cc700000,0x00000054cc800000)]
  0x000002430f550800 JavaThread "jar transforms Thread 178" [_thread_blocked, id=27712, stack(0x00000054cc800000,0x00000054cc900000)]
  0x000002430f553000 JavaThread "jar transforms Thread 179" [_thread_blocked, id=15432, stack(0x00000054cc900000,0x00000054cca00000)]
  0x000002430f555800 JavaThread "jar transforms Thread 180" [_thread_blocked, id=3632, stack(0x00000054cca00000,0x00000054ccb00000)]
  0x000002430f554000 JavaThread "jar transforms Thread 181" [_thread_blocked, id=24588, stack(0x00000054ccb00000,0x00000054ccc00000)]
  0x000002430f552000 JavaThread "jar transforms Thread 182" [_thread_blocked, id=29076, stack(0x00000054ccc00000,0x00000054ccd00000)]
  0x000002430f554800 JavaThread "jar transforms Thread 183" [_thread_blocked, id=4784, stack(0x00000054ccd00000,0x00000054cce00000)]
  0x000002430f54f800 JavaThread "jar transforms Thread 184" [_thread_blocked, id=16008, stack(0x00000054cce00000,0x00000054ccf00000)]
  0x000002430f559800 JavaThread "jar transforms Thread 185" [_thread_blocked, id=7596, stack(0x00000054ccf00000,0x00000054cd000000)]
  0x000002430f55a800 JavaThread "jar transforms Thread 186" [_thread_blocked, id=3764, stack(0x00000054cd000000,0x00000054cd100000)]
  0x000002430f55b000 JavaThread "jar transforms Thread 187" [_thread_blocked, id=6264, stack(0x00000054cd100000,0x00000054cd200000)]
  0x000002430f55c000 JavaThread "jar transforms Thread 188" [_thread_blocked, id=10016, stack(0x00000054cd200000,0x00000054cd300000)]
  0x000002430f556000 JavaThread "jar transforms Thread 189" [_thread_blocked, id=10752, stack(0x00000054cd300000,0x00000054cd400000)]
  0x000002430f55c800 JavaThread "jar transforms Thread 190" [_thread_blocked, id=28380, stack(0x00000054cd400000,0x00000054cd500000)]
  0x000002430f558000 JavaThread "jar transforms Thread 191" [_thread_blocked, id=25916, stack(0x00000054cd500000,0x00000054cd600000)]
  0x000002430f557000 JavaThread "jar transforms Thread 192" [_thread_blocked, id=23068, stack(0x00000054cd600000,0x00000054cd700000)]
  0x000002430f558800 JavaThread "jar transforms Thread 193" [_thread_blocked, id=17764, stack(0x00000054cd700000,0x00000054cd800000)]
  0x000002430f55d800 JavaThread "jar transforms Thread 194" [_thread_blocked, id=14660, stack(0x00000054cd800000,0x00000054cd900000)]
  0x000002430f55e800 JavaThread "jar transforms Thread 195" [_thread_blocked, id=11040, stack(0x00000054cd900000,0x00000054cda00000)]
  0x000002430fed0800 JavaThread "jar transforms Thread 196" [_thread_blocked, id=13336, stack(0x00000054cda00000,0x00000054cdb00000)]
  0x000002430fed3000 JavaThread "jar transforms Thread 197" [_thread_blocked, id=852, stack(0x00000054cdb00000,0x00000054cdc00000)]
  0x000002430fecd000 JavaThread "jar transforms Thread 198" [_thread_blocked, id=22356, stack(0x00000054cdc00000,0x00000054cdd00000)]
  0x000002430fecf800 JavaThread "jar transforms Thread 199" [_thread_blocked, id=10128, stack(0x00000054cdd00000,0x00000054cde00000)]
  0x000002430fed3800 JavaThread "jar transforms Thread 200" [_thread_blocked, id=1224, stack(0x00000054cde00000,0x00000054cdf00000)]
  0x000002430fece000 JavaThread "jar transforms Thread 201" [_thread_blocked, id=9132, stack(0x00000054cdf00000,0x00000054ce000000)]
  0x000002430fed4800 JavaThread "jar transforms Thread 202" [_thread_blocked, id=24992, stack(0x00000054ce000000,0x00000054ce100000)]
  0x000002430fed1000 JavaThread "jar transforms Thread 203" [_thread_blocked, id=27484, stack(0x00000054ce100000,0x00000054ce200000)]
  0x000002430fece800 JavaThread "jar transforms Thread 204" [_thread_blocked, id=13892, stack(0x00000054ce200000,0x00000054ce300000)]
  0x000002430fed5800 JavaThread "jar transforms Thread 205" [_thread_blocked, id=6680, stack(0x00000054ce300000,0x00000054ce400000)]
  0x000002430fed6000 JavaThread "jar transforms Thread 206" [_thread_blocked, id=2276, stack(0x00000054ce400000,0x00000054ce500000)]
  0x000002430fed7000 JavaThread "jar transforms Thread 207" [_thread_blocked, id=23776, stack(0x00000054ce500000,0x00000054ce600000)]
  0x000002430fed7800 JavaThread "jar transforms Thread 208" [_thread_blocked, id=16872, stack(0x00000054ce600000,0x00000054ce700000)]
  0x000002430fed2000 JavaThread "jar transforms Thread 209" [_thread_blocked, id=23512, stack(0x00000054ce700000,0x00000054ce800000)]
  0x000002430fed8800 JavaThread "jar transforms Thread 210" [_thread_blocked, id=28876, stack(0x00000054ce800000,0x00000054ce900000)]
  0x000002430fedc000 JavaThread "jar transforms Thread 211" [_thread_blocked, id=20972, stack(0x00000054ce900000,0x00000054cea00000)]
  0x000002430fed9800 JavaThread "jar transforms Thread 212" [_thread_blocked, id=14852, stack(0x00000054cea00000,0x00000054ceb00000)]
  0x000002430feda000 JavaThread "jar transforms Thread 213" [_thread_blocked, id=27276, stack(0x00000054ceb00000,0x00000054cec00000)]
  0x000002430fedb000 JavaThread "jar transforms Thread 214" [_thread_blocked, id=18364, stack(0x00000054cec00000,0x00000054ced00000)]
  0x0000024310f6e800 JavaThread "jar transforms Thread 215" [_thread_blocked, id=12940, stack(0x00000054ced00000,0x00000054cee00000)]
  0x0000024310f6f000 JavaThread "jar transforms Thread 216" [_thread_blocked, id=10764, stack(0x00000054cee00000,0x00000054cef00000)]
  0x0000024310f72800 JavaThread "jar transforms Thread 217" [_thread_blocked, id=5024, stack(0x00000054cef00000,0x00000054cf000000)]
  0x0000024310f71800 JavaThread "jar transforms Thread 218" [_thread_blocked, id=19004, stack(0x00000054cf000000,0x00000054cf100000)]
  0x0000024310f73800 JavaThread "jar transforms Thread 219" [_thread_blocked, id=11176, stack(0x00000054cf100000,0x00000054cf200000)]
  0x0000024310f6d800 JavaThread "jar transforms Thread 220" [_thread_blocked, id=12072, stack(0x00000054cf200000,0x00000054cf300000)]
  0x0000024310f70000 JavaThread "jar transforms Thread 221" [_thread_blocked, id=14132, stack(0x00000054cf300000,0x00000054cf400000)]
  0x0000024310f74000 JavaThread "jar transforms Thread 222" [_thread_blocked, id=14656, stack(0x00000054cf400000,0x00000054cf500000)]
  0x0000024310f71000 JavaThread "jar transforms Thread 223" [_thread_blocked, id=2576, stack(0x00000054cf500000,0x00000054cf600000)]
  0x0000024314aed800 JavaThread "jar transforms Thread 224" [_thread_blocked, id=15628, stack(0x00000054cf600000,0x00000054cf700000)]
  0x0000024314aee800 JavaThread "jar transforms Thread 225" [_thread_blocked, id=27104, stack(0x00000054cf700000,0x00000054cf800000)]
  0x0000024314aea800 JavaThread "jar transforms Thread 226" [_thread_blocked, id=21276, stack(0x00000054cf800000,0x00000054cf900000)]
  0x0000024314af1000 JavaThread "jar transforms Thread 227" [_thread_blocked, id=10188, stack(0x00000054cf900000,0x00000054cfa00000)]
  0x0000024314aec800 JavaThread "jar transforms Thread 228" [_thread_blocked, id=24508, stack(0x00000054cfa00000,0x00000054cfb00000)]
  0x0000024314af0000 JavaThread "jar transforms Thread 229" [_thread_blocked, id=25592, stack(0x00000054cfb00000,0x00000054cfc00000)]
  0x0000024314aef000 JavaThread "jar transforms Thread 230" [_thread_blocked, id=7472, stack(0x00000054cfc00000,0x00000054cfd00000)]
  0x0000024314aeb000 JavaThread "jar transforms Thread 231" [_thread_blocked, id=14040, stack(0x00000054cfd00000,0x00000054cfe00000)]
  0x0000024314af1800 JavaThread "jar transforms Thread 232" [_thread_blocked, id=21604, stack(0x00000054cfe00000,0x00000054cff00000)]
  0x0000024314aec000 JavaThread "jar transforms Thread 233" [_thread_blocked, id=332, stack(0x00000054cff00000,0x00000054d0000000)]
  0x0000024314af8000 JavaThread "jar transforms Thread 234" [_thread_blocked, id=20364, stack(0x00000054d0000000,0x00000054d0100000)]
  0x0000024314af2800 JavaThread "jar transforms Thread 235" [_thread_blocked, id=18576, stack(0x00000054d0100000,0x00000054d0200000)]
  0x0000024314af4000 JavaThread "jar transforms Thread 236" [_thread_blocked, id=5248, stack(0x00000054d0200000,0x00000054d0300000)]
  0x0000024314af5000 JavaThread "jar transforms Thread 237" [_thread_blocked, id=28780, stack(0x00000054d0300000,0x00000054d0400000)]
  0x0000024314af6800 JavaThread "jar transforms Thread 238" [_thread_blocked, id=5068, stack(0x00000054d0400000,0x00000054d0500000)]
  0x0000024314af7800 JavaThread "build event listener" [_thread_blocked, id=11372, stack(0x00000054d0700000,0x00000054d0800000)]
  0x0000024314af9000 JavaThread "pool-6-thread-1" [_thread_blocked, id=10344, stack(0x00000054d0800000,0x00000054d0900000)]
  0x0000024314af3000 JavaThread "build event listener" [_thread_blocked, id=25200, stack(0x00000054d0b00000,0x00000054d0c00000)]
  0x0000024314af5800 JavaThread "Execution worker for ':'" [_thread_blocked, id=5332, stack(0x00000054d0c00000,0x00000054d0d00000)]
  0x000002431141a000 JavaThread "Execution worker for ':' Thread 2" [_thread_blocked, id=10432, stack(0x00000054d0d00000,0x00000054d0e00000)]
  0x0000024311419800 JavaThread "Execution worker for ':' Thread 3" [_thread_blocked, id=18480, stack(0x00000054d0e00000,0x00000054d0f00000)]
  0x000002431141b000 JavaThread "Execution worker for ':' Thread 4" [_thread_in_Java, id=25524, stack(0x00000054d0f00000,0x00000054d1000000)]
  0x000002431141c800 JavaThread "Execution worker for ':' Thread 5" [_thread_blocked, id=20960, stack(0x00000054d1000000,0x00000054d1100000)]
  0x000002431141c000 JavaThread "Execution worker for ':' Thread 6" [_thread_blocked, id=628, stack(0x00000054d1100000,0x00000054d1200000)]
  0x0000024311417000 JavaThread "Execution worker for ':' Thread 7" [_thread_blocked, id=21692, stack(0x00000054d1200000,0x00000054d1300000)]
  0x000002431141d800 JavaThread "Cache worker for execution history cache (C:\Android Projects\Udemy TUTORIAL\AGE IN MINUTES-2\.gradle\6.7.1\executionHistory)" [_thread_blocked, id=13776, stack(0x00000054d1300000,0x00000054d1400000)]
  0x0000024311417800 JavaThread "WorkerExecutor Queue" [_thread_blocked, id=11336, stack(0x00000054d1400000,0x00000054d1500000)]

Other Threads:
  0x000002437bc3f000 VMThread "VM Thread" [stack: 0x00000054c6000000,0x00000054c6100000] [id=6872]
  0x000002437c724000 WatcherThread [stack: 0x00000054c6a00000,0x00000054c6b00000] [id=29212]
  0x000002436e9a3000 GCTaskThread "GC Thread#0" [stack: 0x00000054c5b00000,0x00000054c5c00000] [id=17848]
  0x000002437cea4800 GCTaskThread "GC Thread#1" [stack: 0x00000054c6d00000,0x00000054c6e00000] [id=10948]
  0x000002437d1fe000 GCTaskThread "GC Thread#2" [stack: 0x00000054c6e00000,0x00000054c6f00000] [id=25060]
  0x000002437de00800 GCTaskThread "GC Thread#3" [stack: 0x00000054c7a00000,0x00000054c7b00000] [id=26864]
  0x000002437d324000 GCTaskThread "GC Thread#4" [stack: 0x00000054c7b00000,0x00000054c7c00000] [id=26332]
  0x000002437e433800 GCTaskThread "GC Thread#5" [stack: 0x00000054c7c00000,0x00000054c7d00000] [id=14936]
  0x000002437e936000 GCTaskThread "GC Thread#6" [stack: 0x00000054c7d00000,0x00000054c7e00000] [id=29064]
  0x000002437dbf3800 GCTaskThread "GC Thread#7" [stack: 0x00000054c7e00000,0x00000054c7f00000] [id=28416]
  0x000002436e9d3800 ConcurrentGCThread "G1 Main Marker" [stack: 0x00000054c5c00000,0x00000054c5d00000] [id=25536]
  0x000002436e9d6000 ConcurrentGCThread "G1 Conc#0" [stack: 0x00000054c5d00000,0x00000054c5e00000] [id=7760]
  0x000002437da29000 ConcurrentGCThread "G1 Conc#1" [stack: 0x00000054c8100000,0x00000054c8200000] [id=29152]
  0x000002436ea67800 ConcurrentGCThread "G1 Refine#0" [stack: 0x00000054c5e00000,0x00000054c5f00000] [id=19196]
  0x000002437ecb8800 ConcurrentGCThread "G1 Refine#1" [stack: 0x00000054d0500000,0x00000054d0600000] [id=6684]
  0x0000024312650800 ConcurrentGCThread "G1 Refine#2" [stack: 0x00000054d0600000,0x00000054d0700000] [id=9580]
  0x000002437ba90800 ConcurrentGCThread "G1 Young RemSet Sampling" [stack: 0x00000054c5f00000,0x00000054c6000000] [id=9812]

Threads with active compile tasks:
C2 CompilerThread05055780 14267       4       java.util.ServiceLoader$LazyClassPathLookupIterator::parseLine (253 bytes)
C2 CompilerThread15055780 14232       4       org.apache.xerces.impl.XMLNSDocumentScannerImpl::scanStartElement (873 bytes)
C2 CompilerThread25055780 14309       4       org.apache.xerces.xni.XMLString::toString (32 bytes)

VM state:not at safepoint (normal execution)

VM Mutex/Monitor currently owned by a thread: None

Heap address: 0x0000000080000000, size: 2048 MB, Compressed Oops mode: 32-bit
Narrow klass base: 0x0000000000000000, Narrow klass shift: 3
Compressed class space size: 1073741824 Address: 0x0000000100000000

Heap:
 garbage-first heap   total 189440K, used 123106K [0x0000000080000000, 0x0000000100000000)
  region size 1024K, 18 young (18432K), 7 survivors (7168K)
 Metaspace       used 113704K, capacity 116079K, committed 116736K, reserved 1150976K
  class space    used 14087K, capacity 14896K, committed 15104K, reserved 1048576K
Heap Regions: E=young(eden), S=young(survivor), O=old, HS=humongous(starts), HC=humongous(continues), CS=collection set, F=free, A=archive, TAMS=top-at-mark-start (previous, next)
|   0|0x0000000080000000, 0x0000000080100000, 0x0000000080100000|100%| O|  |TAMS 0x0000000080100000, 0x0000000080000000| Updating 
|   1|0x0000000080100000, 0x0000000080200000, 0x0000000080200000|100%| O|  |TAMS 0x0000000080200000, 0x0000000080100000| Updating 
|   2|0x0000000080200000, 0x0000000080300000, 0x0000000080300000|100%| O|  |TAMS 0x0000000080300000, 0x0000000080200000| Updating 
|   3|0x0000000080300000, 0x0000000080400000, 0x0000000080400000|100%|HS|  |TAMS 0x0000000080400000, 0x0000000080300000| Complete 
|   4|0x0000000080400000, 0x0000000080500000, 0x0000000080500000|100%|HC|  |TAMS 0x0000000080500000, 0x0000000080400000| Complete 
|   5|0x0000000080500000, 0x0000000080600000, 0x0000000080600000|100%|HC|  |TAMS 0x0000000080600000, 0x0000000080500000| Complete 
|   6|0x0000000080600000, 0x0000000080700000, 0x0000000080700000|100%| O|  |TAMS 0x0000000080700000, 0x0000000080600000| Updating 
|   7|0x0000000080700000, 0x0000000080800000, 0x0000000080800000|100%| O|  |TAMS 0x0000000080800000, 0x0000000080700000| Updating 
|   8|0x0000000080800000, 0x0000000080900000, 0x0000000080900000|100%| O|  |TAMS 0x0000000080900000, 0x0000000080800000| Updating 
|   9|0x0000000080900000, 0x0000000080a00000, 0x0000000080a00000|100%| O|  |TAMS 0x0000000080a00000, 0x0000000080900000| Updating 
|  10|0x0000000080a00000, 0x0000000080b00000, 0x0000000080b00000|100%| O|  |TAMS 0x0000000080b00000, 0x0000000080a00000| Updating 
|  11|0x0000000080b00000, 0x0000000080c00000, 0x0000000080c00000|100%| O|  |TAMS 0x0000000080c00000, 0x0000000080b00000| Updating 
|  12|0x0000000080c00000, 0x0000000080d00000, 0x0000000080d00000|100%| O|  |TAMS 0x0000000080d00000, 0x0000000080c00000| Updating 
|  13|0x0000000080d00000, 0x0000000080e00000, 0x0000000080e00000|100%| O|  |TAMS 0x0000000080e00000, 0x0000000080d00000| Updating 
|  14|0x0000000080e00000, 0x0000000080f00000, 0x0000000080f00000|100%| O|  |TAMS 0x0000000080f00000, 0x0000000080e00000| Updating 
|  15|0x0000000080f00000, 0x0000000081000000, 0x0000000081000000|100%| O|  |TAMS 0x0000000081000000, 0x0000000080f00000| Updating 
|  16|0x0000000081000000, 0x0000000081100000, 0x0000000081100000|100%|HS|  |TAMS 0x0000000081100000, 0x0000000081000000| Complete 
|  17|0x0000000081100000, 0x0000000081200000, 0x0000000081200000|100%|HC|  |TAMS 0x0000000081200000, 0x0000000081100000| Complete 
|  18|0x0000000081200000, 0x0000000081300000, 0x0000000081300000|100%|HS|  |TAMS 0x0000000081300000, 0x0000000081200000| Complete 
|  19|0x0000000081300000, 0x0000000081400000, 0x0000000081400000|100%|HC|  |TAMS 0x0000000081400000, 0x0000000081300000| Complete 
|  20|0x0000000081400000, 0x0000000081500000, 0x0000000081500000|100%|HC|  |TAMS 0x0000000081500000, 0x0000000081400000| Complete 
|  21|0x0000000081500000, 0x0000000081600000, 0x0000000081600000|100%|HS|  |TAMS 0x0000000081600000, 0x0000000081500000| Complete 
|  22|0x0000000081600000, 0x0000000081700000, 0x0000000081700000|100%|HC|  |TAMS 0x0000000081700000, 0x0000000081600000| Complete 
|  23|0x0000000081700000, 0x0000000081800000, 0x0000000081800000|100%|HC|  |TAMS 0x0000000081800000, 0x0000000081700000| Complete 
|  24|0x0000000081800000, 0x0000000081900000, 0x0000000081900000|100%|HC|  |TAMS 0x0000000081900000, 0x0000000081800000| Complete 
|  25|0x0000000081900000, 0x0000000081a00000, 0x0000000081a00000|100%| O|  |TAMS 0x0000000081a00000, 0x0000000081900000| Updating 
|  26|0x0000000081a00000, 0x0000000081b00000, 0x0000000081b00000|100%| O|  |TAMS 0x0000000081b00000, 0x0000000081a00000| Updating 
|  27|0x0000000081b00000, 0x0000000081c00000, 0x0000000081c00000|100%| O|  |TAMS 0x0000000081c00000, 0x0000000081b00000| Updating 
|  28|0x0000000081c00000, 0x0000000081d00000, 0x0000000081d00000|100%| O|  |TAMS 0x0000000081d00000, 0x0000000081c00000| Updating 
|  29|0x0000000081d00000, 0x0000000081e00000, 0x0000000081e00000|100%| O|  |TAMS 0x0000000081e00000, 0x0000000081d00000| Updating 
|  30|0x0000000081e00000, 0x0000000081f00000, 0x0000000081f00000|100%| O|  |TAMS 0x0000000081f00000, 0x0000000081e00000| Updating 
|  31|0x0000000081f00000, 0x0000000082000000, 0x0000000082000000|100%| O|  |TAMS 0x0000000082000000, 0x0000000081f00000| Updating 
|  32|0x0000000082000000, 0x0000000082100000, 0x0000000082100000|100%|HS|  |TAMS 0x0000000082100000, 0x0000000082000000| Complete 
|  33|0x0000000082100000, 0x0000000082200000, 0x0000000082200000|100%|HC|  |TAMS 0x0000000082200000, 0x0000000082100000| Complete 
|  34|0x0000000082200000, 0x0000000082300000, 0x0000000082300000|100%|HC|  |TAMS 0x0000000082300000, 0x0000000082200000| Complete 
|  35|0x0000000082300000, 0x0000000082400000, 0x0000000082400000|100%|HC|  |TAMS 0x0000000082400000, 0x0000000082300000| Complete 
|  36|0x0000000082400000, 0x0000000082500000, 0x0000000082500000|100%|HS|  |TAMS 0x0000000082500000, 0x0000000082400000| Complete 
|  37|0x0000000082500000, 0x0000000082600000, 0x0000000082600000|100%|HC|  |TAMS 0x0000000082600000, 0x0000000082500000| Complete 
|  38|0x0000000082600000, 0x0000000082700000, 0x0000000082700000|100%|HC|  |TAMS 0x0000000082700000, 0x0000000082600000| Complete 
|  39|0x0000000082700000, 0x0000000082800000, 0x0000000082800000|100%| O|  |TAMS 0x0000000082800000, 0x0000000082700000| Updating 
|  40|0x0000000082800000, 0x0000000082900000, 0x0000000082900000|100%| O|  |TAMS 0x0000000082900000, 0x0000000082800000| Updating 
|  41|0x0000000082900000, 0x0000000082a00000, 0x0000000082a00000|100%| O|  |TAMS 0x0000000082a00000, 0x0000000082900000| Updating 
|  42|0x0000000082a00000, 0x0000000082b00000, 0x0000000082b00000|100%| O|  |TAMS 0x0000000082b00000, 0x0000000082a00000| Updating 
|  43|0x0000000082b00000, 0x0000000082c00000, 0x0000000082c00000|100%| O|  |TAMS 0x0000000082c00000, 0x0000000082b00000| Updating 
|  44|0x0000000082c00000, 0x0000000082d00000, 0x0000000082d00000|100%| O|  |TAMS 0x0000000082d00000, 0x0000000082c00000| Updating 
|  45|0x0000000082d00000, 0x0000000082e00000, 0x0000000082e00000|100%| O|  |TAMS 0x0000000082e00000, 0x0000000082d00000| Updating 
|  46|0x0000000082e00000, 0x0000000082e97a00, 0x0000000082f00000| 59%| O|  |TAMS 0x0000000082e97a00, 0x0000000082e00000| Updating 
|  47|0x0000000082f00000, 0x0000000083000000, 0x0000000083000000|100%| O|  |TAMS 0x0000000083000000, 0x0000000082f00000| Updating 
|  48|0x0000000083000000, 0x0000000083100000, 0x0000000083100000|100%| O|  |TAMS 0x0000000083100000, 0x0000000083000000| Updating 
|  49|0x0000000083100000, 0x0000000083200000, 0x0000000083200000|100%|HS|  |TAMS 0x0000000083100000, 0x0000000083100000| Complete 
|  50|0x0000000083200000, 0x0000000083300000, 0x0000000083300000|100%|HS|  |TAMS 0x0000000083300000, 0x0000000083200000| Complete 
|  51|0x0000000083300000, 0x0000000083400000, 0x0000000083400000|100%|HS|  |TAMS 0x0000000083400000, 0x0000000083300000| Complete 
|  52|0x0000000083400000, 0x0000000083500000, 0x0000000083500000|100%|HS|  |TAMS 0x0000000083500000, 0x0000000083400000| Complete 
|  53|0x0000000083500000, 0x0000000083600000, 0x0000000083600000|100%|HC|  |TAMS 0x0000000083600000, 0x0000000083500000| Complete 
|  54|0x0000000083600000, 0x0000000083700000, 0x0000000083700000|100%|HC|  |TAMS 0x0000000083700000, 0x0000000083600000| Complete 
|  55|0x0000000083700000, 0x0000000083800000, 0x0000000083800000|100%|HS|  |TAMS 0x0000000083800000, 0x0000000083700000| Complete 
|  56|0x0000000083800000, 0x0000000083900000, 0x0000000083900000|100%|HC|  |TAMS 0x0000000083900000, 0x0000000083800000| Complete 
|  57|0x0000000083900000, 0x0000000083a00000, 0x0000000083a00000|100%|HS|  |TAMS 0x0000000083900000, 0x0000000083900000| Complete 
|  58|0x0000000083a00000, 0x0000000083b00000, 0x0000000083b00000|100%|HS|  |TAMS 0x0000000083a00000, 0x0000000083a00000| Complete 
|  59|0x0000000083b00000, 0x0000000083b00000, 0x0000000083c00000|  0%| F|  |TAMS 0x0000000083b00000, 0x0000000083b00000| Untracked 
|  60|0x0000000083c00000, 0x0000000083d00000, 0x0000000083d00000|100%| O|  |TAMS 0x0000000083d00000, 0x0000000083c00000| Updating 
|  61|0x0000000083d00000, 0x0000000083e00000, 0x0000000083e00000|100%| O|  |TAMS 0x0000000083e00000, 0x0000000083d00000| Updating 
|  62|0x0000000083e00000, 0x0000000083f00000, 0x0000000083f00000|100%| O|  |TAMS 0x0000000083f00000, 0x0000000083e00000| Updating 
|  63|0x0000000083f00000, 0x0000000084000000, 0x0000000084000000|100%| O|  |TAMS 0x0000000084000000, 0x0000000083f00000| Updating 
|  64|0x0000000084000000, 0x0000000084100000, 0x0000000084100000|100%| O|  |TAMS 0x0000000084100000, 0x0000000084000000| Updating 
|  65|0x0000000084100000, 0x0000000084200000, 0x0000000084200000|100%| O|  |TAMS 0x0000000084200000, 0x0000000084100000| Updating 
|  66|0x0000000084200000, 0x0000000084300000, 0x0000000084300000|100%| O|  |TAMS 0x0000000084300000, 0x0000000084200000| Updating 
|  67|0x0000000084300000, 0x0000000084400000, 0x0000000084400000|100%| O|  |TAMS 0x0000000084400000, 0x0000000084300000| Updating 
|  68|0x0000000084400000, 0x0000000084500000, 0x0000000084500000|100%| O|  |TAMS 0x0000000084500000, 0x0000000084400000| Updating 
|  69|0x0000000084500000, 0x0000000084600000, 0x0000000084600000|100%| O|  |TAMS 0x0000000084600000, 0x0000000084500000| Updating 
|  70|0x0000000084600000, 0x0000000084700000, 0x0000000084700000|100%| O|  |TAMS 0x0000000084700000, 0x0000000084600000| Updating 
|  71|0x0000000084700000, 0x0000000084800000, 0x0000000084800000|100%| O|  |TAMS 0x0000000084800000, 0x0000000084700000| Updating 
|  72|0x0000000084800000, 0x0000000084900000, 0x0000000084900000|100%| O|  |TAMS 0x0000000084900000, 0x0000000084800000| Updating 
|  73|0x0000000084900000, 0x0000000084a00000, 0x0000000084a00000|100%| O|  |TAMS 0x0000000084a00000, 0x0000000084900000| Updating 
|  74|0x0000000084a00000, 0x0000000084a00000, 0x0000000084b00000|  0%| F|  |TAMS 0x0000000084a00000, 0x0000000084a00000| Untracked 
|  75|0x0000000084b00000, 0x0000000084b00000, 0x0000000084c00000|  0%| F|  |TAMS 0x0000000084b00000, 0x0000000084b00000| Untracked 
|  76|0x0000000084c00000, 0x0000000084d00000, 0x0000000084d00000|100%| O|  |TAMS 0x0000000084d00000, 0x0000000084c00000| Updating 
|  77|0x0000000084d00000, 0x0000000084e00000, 0x0000000084e00000|100%| O|  |TAMS 0x0000000084e00000, 0x0000000084d00000| Updating 
|  78|0x0000000084e00000, 0x0000000084f00000, 0x0000000084f00000|100%| O|  |TAMS 0x0000000084f00000, 0x0000000084e00000| Updating 
|  79|0x0000000084f00000, 0x0000000084f00000, 0x0000000085000000|  0%| F|  |TAMS 0x0000000084f00000, 0x0000000084f00000| Untracked 
|  80|0x0000000085000000, 0x0000000085100000, 0x0000000085100000|100%| O|  |TAMS 0x0000000085100000, 0x0000000085000000| Updating 
|  81|0x0000000085100000, 0x0000000085200000, 0x0000000085200000|100%| O|  |TAMS 0x0000000085200000, 0x0000000085100000| Updating 
|  82|0x0000000085200000, 0x0000000085300000, 0x0000000085300000|100%| O|  |TAMS 0x0000000085300000, 0x0000000085200000| Updating 
|  83|0x0000000085300000, 0x0000000085300000, 0x0000000085400000|  0%| F|  |TAMS 0x0000000085300000, 0x0000000085300000| Untracked 
|  84|0x0000000085400000, 0x0000000085400000, 0x0000000085500000|  0%| F|  |TAMS 0x0000000085400000, 0x0000000085400000| Untracked 
|  85|0x0000000085500000, 0x0000000085500000, 0x0000000085600000|  0%| F|  |TAMS 0x0000000085500000, 0x0000000085500000| Untracked 
|  86|0x0000000085600000, 0x0000000085600000, 0x0000000085700000|  0%| F|  |TAMS 0x0000000085600000, 0x0000000085600000| Untracked 
|  87|0x0000000085700000, 0x0000000085700000, 0x0000000085800000|  0%| F|  |TAMS 0x0000000085700000, 0x0000000085700000| Untracked 
|  88|0x0000000085800000, 0x0000000085900000, 0x0000000085900000|100%| O|  |TAMS 0x0000000085900000, 0x0000000085800000| Updating 
|  89|0x0000000085900000, 0x0000000085a00000, 0x0000000085a00000|100%| O|  |TAMS 0x0000000085a00000, 0x0000000085900000| Updating 
|  90|0x0000000085a00000, 0x0000000085b00000, 0x0000000085b00000|100%| O|  |TAMS 0x0000000085b00000, 0x0000000085a00000| Updating 
|  91|0x0000000085b00000, 0x0000000085c00000, 0x0000000085c00000|100%| O|  |TAMS 0x0000000085c00000, 0x0000000085b00000| Updating 
|  92|0x0000000085c00000, 0x0000000085d00000, 0x0000000085d00000|100%| O|  |TAMS 0x0000000085d00000, 0x0000000085c00000| Updating 
|  93|0x0000000085d00000, 0x0000000085e00000, 0x0000000085e00000|100%| O|  |TAMS 0x0000000085e00000, 0x0000000085d00000| Updating 
|  94|0x0000000085e00000, 0x0000000085f00000, 0x0000000085f00000|100%| O|  |TAMS 0x0000000085f00000, 0x0000000085e00000| Updating 
|  95|0x0000000085f00000, 0x0000000085f00000, 0x0000000086000000|  0%| F|  |TAMS 0x0000000085f00000, 0x0000000085f00000| Untracked 
|  96|0x0000000086000000, 0x0000000086100000, 0x0000000086100000|100%| O|  |TAMS 0x0000000086100000, 0x0000000086000000| Updating 
|  97|0x0000000086100000, 0x0000000086200000, 0x0000000086200000|100%| O|  |TAMS 0x0000000086200000, 0x0000000086100000| Updating 
|  98|0x0000000086200000, 0x0000000086200000, 0x0000000086300000|  0%| F|  |TAMS 0x0000000086200000, 0x0000000086200000| Untracked 
|  99|0x0000000086300000, 0x0000000086400000, 0x0000000086400000|100%| O|  |TAMS 0x0000000086400000, 0x0000000086300000| Updating 
| 100|0x0000000086400000, 0x0000000086500000, 0x0000000086500000|100%| O|  |TAMS 0x0000000086500000, 0x0000000086400000| Updating 
| 101|0x0000000086500000, 0x0000000086600000, 0x0000000086600000|100%| O|  |TAMS 0x0000000086600000, 0x0000000086500000| Updating 
| 102|0x0000000086600000, 0x0000000086600000, 0x0000000086700000|  0%| F|  |TAMS 0x0000000086600000, 0x0000000086600000| Untracked 
| 103|0x0000000086700000, 0x0000000086700000, 0x0000000086800000|  0%| F|  |TAMS 0x0000000086700000, 0x0000000086700000| Untracked 
| 104|0x0000000086800000, 0x0000000086900000, 0x0000000086900000|100%| O|  |TAMS 0x0000000086900000, 0x0000000086800000| Updating 
| 105|0x0000000086900000, 0x0000000086900000, 0x0000000086a00000|  0%| F|  |TAMS 0x0000000086900000, 0x0000000086900000| Untracked 
| 106|0x0000000086a00000, 0x0000000086b00000, 0x0000000086b00000|100%| O|  |TAMS 0x0000000086b00000, 0x0000000086a00000| Updating 
| 107|0x0000000086b00000, 0x0000000086c00000, 0x0000000086c00000|100%| O|  |TAMS 0x0000000086c00000, 0x0000000086b00000| Updating 
| 108|0x0000000086c00000, 0x0000000086d00000, 0x0000000086d00000|100%| O|  |TAMS 0x0000000086d00000, 0x0000000086c00000| Updating 
| 109|0x0000000086d00000, 0x0000000086e00000, 0x0000000086e00000|100%| O|  |TAMS 0x0000000086e00000, 0x0000000086d00000| Updating 
| 110|0x0000000086e00000, 0x0000000086f00000, 0x0000000086f00000|100%| O|  |TAMS 0x0000000086f00000, 0x0000000086e00000| Updating 
| 111|0x0000000086f00000, 0x0000000087000000, 0x0000000087000000|100%| O|  |TAMS 0x0000000087000000, 0x0000000086f00000| Updating 
| 112|0x0000000087000000, 0x0000000087000000, 0x0000000087100000|  0%| F|  |TAMS 0x0000000087000000, 0x0000000087000000| Untracked 
| 113|0x0000000087100000, 0x0000000087200000, 0x0000000087200000|100%| O|  |TAMS 0x0000000087200000, 0x0000000087100000| Updating 
| 114|0x0000000087200000, 0x0000000087300000, 0x0000000087300000|100%| O|  |TAMS 0x0000000087300000, 0x0000000087200000| Updating 
| 115|0x0000000087300000, 0x0000000087400000, 0x0000000087400000|100%| O|  |TAMS 0x0000000087400000, 0x0000000087300000| Updating 
| 116|0x0000000087400000, 0x0000000087500000, 0x0000000087500000|100%| O|  |TAMS 0x0000000087500000, 0x0000000087400000| Updating 
| 117|0x0000000087500000, 0x0000000087600000, 0x0000000087600000|100%| O|  |TAMS 0x0000000087600000, 0x0000000087500000| Updating 
| 118|0x0000000087600000, 0x0000000087700000, 0x0000000087700000|100%| O|  |TAMS 0x0000000087700000, 0x0000000087600000| Updating 
| 119|0x0000000087700000, 0x0000000087700000, 0x0000000087800000|  0%| F|  |TAMS 0x0000000087700000, 0x0000000087700000| Untracked 
| 120|0x0000000087800000, 0x0000000087800000, 0x0000000087900000|  0%| F|  |TAMS 0x0000000087800000, 0x0000000087800000| Untracked 
| 121|0x0000000087900000, 0x0000000087900000, 0x0000000087a00000|  0%| F|  |TAMS 0x0000000087900000, 0x0000000087900000| Untracked 
| 122|0x0000000087a00000, 0x0000000087a00000, 0x0000000087b00000|  0%| F|  |TAMS 0x0000000087a00000, 0x0000000087a00000| Untracked 
| 123|0x0000000087b00000, 0x0000000087b00000, 0x0000000087c00000|  0%| F|  |TAMS 0x0000000087b00000, 0x0000000087b00000| Untracked 
| 124|0x0000000087c00000, 0x0000000087c00000, 0x0000000087d00000|  0%| F|  |TAMS 0x0000000087c00000, 0x0000000087c00000| Untracked 
| 125|0x0000000087d00000, 0x0000000087d00000, 0x0000000087e00000|  0%| F|  |TAMS 0x0000000087d00000, 0x0000000087d00000| Untracked 
| 126|0x0000000087e00000, 0x0000000087e00000, 0x0000000087f00000|  0%| F|  |TAMS 0x0000000087e00000, 0x0000000087e00000| Untracked 
| 127|0x0000000087f00000, 0x0000000087f00000, 0x0000000088000000|  0%| F|  |TAMS 0x0000000087f00000, 0x0000000087f00000| Untracked 
| 128|0x0000000088000000, 0x0000000088000000, 0x0000000088100000|  0%| F|  |TAMS 0x0000000088000000, 0x0000000088000000| Untracked 
| 129|0x0000000088100000, 0x0000000088100000, 0x0000000088200000|  0%| F|  |TAMS 0x0000000088100000, 0x0000000088100000| Untracked 
| 130|0x0000000088200000, 0x0000000088200000, 0x0000000088300000|  0%| F|  |TAMS 0x0000000088200000, 0x0000000088200000| Untracked 
| 131|0x0000000088300000, 0x0000000088300000, 0x0000000088400000|  0%| F|  |TAMS 0x0000000088300000, 0x0000000088300000| Untracked 
| 132|0x0000000088400000, 0x0000000088400000, 0x0000000088500000|  0%| F|  |TAMS 0x0000000088400000, 0x0000000088400000| Untracked 
| 133|0x0000000088500000, 0x0000000088500000, 0x0000000088600000|  0%| F|  |TAMS 0x0000000088500000, 0x0000000088500000| Untracked 
| 134|0x0000000088600000, 0x0000000088600000, 0x0000000088700000|  0%| F|  |TAMS 0x0000000088600000, 0x0000000088600000| Untracked 
| 135|0x0000000088700000, 0x0000000088700000, 0x0000000088800000|  0%| F|  |TAMS 0x0000000088700000, 0x0000000088700000| Untracked 
| 136|0x0000000088800000, 0x0000000088800000, 0x0000000088900000|  0%| F|  |TAMS 0x0000000088800000, 0x0000000088800000| Untracked 
| 137|0x0000000088900000, 0x0000000088900000, 0x0000000088a00000|  0%| F|  |TAMS 0x0000000088900000, 0x0000000088900000| Untracked 
| 138|0x0000000088a00000, 0x0000000088a00000, 0x0000000088b00000|  0%| F|  |TAMS 0x0000000088a00000, 0x0000000088a00000| Untracked 
| 139|0x0000000088b00000, 0x0000000088ba0eb0, 0x0000000088c00000| 62%| S|CS|TAMS 0x0000000088b00000, 0x0000000088b00000| Complete 
| 140|0x0000000088c00000, 0x0000000088d00000, 0x0000000088d00000|100%| S|CS|TAMS 0x0000000088c00000, 0x0000000088c00000| Complete 
| 141|0x0000000088d00000, 0x0000000088e00000, 0x0000000088e00000|100%| S|CS|TAMS 0x0000000088d00000, 0x0000000088d00000| Complete 
| 142|0x0000000088e00000, 0x0000000088f00000, 0x0000000088f00000|100%| S|CS|TAMS 0x0000000088e00000, 0x0000000088e00000| Complete 
| 143|0x0000000088f00000, 0x0000000089000000, 0x0000000089000000|100%| S|CS|TAMS 0x0000000088f00000, 0x0000000088f00000| Complete 
| 144|0x0000000089000000, 0x0000000089100000, 0x0000000089100000|100%| S|CS|TAMS 0x0000000089000000, 0x0000000089000000| Complete 
| 145|0x0000000089100000, 0x0000000089200000, 0x0000000089200000|100%| S|CS|TAMS 0x0000000089100000, 0x0000000089100000| Complete 
| 146|0x0000000089200000, 0x0000000089200000, 0x0000000089300000|  0%| F|  |TAMS 0x0000000089200000, 0x0000000089200000| Untracked 
| 147|0x0000000089300000, 0x0000000089300000, 0x0000000089400000|  0%| F|  |TAMS 0x0000000089300000, 0x0000000089300000| Untracked 
| 148|0x0000000089400000, 0x0000000089400000, 0x0000000089500000|  0%| F|  |TAMS 0x0000000089400000, 0x0000000089400000| Untracked 
| 149|0x0000000089500000, 0x0000000089500000, 0x0000000089600000|  0%| F|  |TAMS 0x0000000089500000, 0x0000000089500000| Untracked 
| 150|0x0000000089600000, 0x0000000089600000, 0x0000000089700000|  0%| F|  |TAMS 0x0000000089600000, 0x0000000089600000| Untracked 
| 151|0x0000000089700000, 0x0000000089700000, 0x0000000089800000|  0%| F|  |TAMS 0x0000000089700000, 0x0000000089700000| Untracked 
| 152|0x0000000089800000, 0x0000000089800000, 0x0000000089900000|  0%| F|  |TAMS 0x0000000089800000, 0x0000000089800000| Untracked 
| 153|0x0000000089900000, 0x0000000089900000, 0x0000000089a00000|  0%| F|  |TAMS 0x0000000089900000, 0x0000000089900000| Untracked 
| 154|0x0000000089a00000, 0x0000000089a00000, 0x0000000089b00000|  0%| F|  |TAMS 0x0000000089a00000, 0x0000000089a00000| Untracked 
| 155|0x0000000089b00000, 0x0000000089b00000, 0x0000000089c00000|  0%| F|  |TAMS 0x0000000089b00000, 0x0000000089b00000| Untracked 
| 156|0x0000000089c00000, 0x0000000089c00000, 0x0000000089d00000|  0%| F|  |TAMS 0x0000000089c00000, 0x0000000089c00000| Untracked 
| 157|0x0000000089d00000, 0x0000000089d00000, 0x0000000089e00000|  0%| F|  |TAMS 0x0000000089d00000, 0x0000000089d00000| Untracked 
| 158|0x0000000089e00000, 0x0000000089e00000, 0x0000000089f00000|  0%| F|  |TAMS 0x0000000089e00000, 0x0000000089e00000| Untracked 
| 159|0x0000000089f00000, 0x0000000089f00000, 0x000000008a000000|  0%| F|  |TAMS 0x0000000089f00000, 0x0000000089f00000| Untracked 
| 160|0x000000008a000000, 0x000000008a000000, 0x000000008a100000|  0%| F|  |TAMS 0x000000008a000000, 0x000000008a000000| Untracked 
| 161|0x000000008a100000, 0x000000008a100000, 0x000000008a200000|  0%| F|  |TAMS 0x000000008a100000, 0x000000008a100000| Untracked 
| 162|0x000000008a200000, 0x000000008a200000, 0x000000008a300000|  0%| F|  |TAMS 0x000000008a200000, 0x000000008a200000| Untracked 
| 163|0x000000008a300000, 0x000000008a300000, 0x000000008a400000|  0%| F|  |TAMS 0x000000008a300000, 0x000000008a300000| Untracked 
| 164|0x000000008a400000, 0x000000008a400000, 0x000000008a500000|  0%| F|  |TAMS 0x000000008a400000, 0x000000008a400000| Untracked 
| 165|0x000000008a500000, 0x000000008a500000, 0x000000008a600000|  0%| F|  |TAMS 0x000000008a500000, 0x000000008a500000| Untracked 
| 166|0x000000008a600000, 0x000000008a600000, 0x000000008a700000|  0%| F|  |TAMS 0x000000008a600000, 0x000000008a600000| Untracked 
| 167|0x000000008a700000, 0x000000008a700000, 0x000000008a800000|  0%| F|  |TAMS 0x000000008a700000, 0x000000008a700000| Untracked 
| 168|0x000000008a800000, 0x000000008a800000, 0x000000008a900000|  0%| F|  |TAMS 0x000000008a800000, 0x000000008a800000| Untracked 
| 169|0x000000008a900000, 0x000000008a900000, 0x000000008aa00000|  0%| F|  |TAMS 0x000000008a900000, 0x000000008a900000| Untracked 
| 170|0x000000008aa00000, 0x000000008aa00000, 0x000000008ab00000|  0%| F|  |TAMS 0x000000008aa00000, 0x000000008aa00000| Untracked 
| 171|0x000000008ab00000, 0x000000008ab00000, 0x000000008ac00000|  0%| F|  |TAMS 0x000000008ab00000, 0x000000008ab00000| Untracked 
| 172|0x000000008ac00000, 0x000000008ac00000, 0x000000008ad00000|  0%| F|  |TAMS 0x000000008ac00000, 0x000000008ac00000| Untracked 
| 173|0x000000008ad00000, 0x000000008ad84010, 0x000000008ae00000| 51%| E|  |TAMS 0x000000008ad00000, 0x000000008ad00000| Complete 
| 174|0x000000008ae00000, 0x000000008af00000, 0x000000008af00000|100%| E|CS|TAMS 0x000000008ae00000, 0x000000008ae00000| Complete 
| 175|0x000000008af00000, 0x000000008b000000, 0x000000008b000000|100%| E|CS|TAMS 0x000000008af00000, 0x000000008af00000| Complete 
| 176|0x000000008b000000, 0x000000008b100000, 0x000000008b100000|100%| E|CS|TAMS 0x000000008b000000, 0x000000008b000000| Complete 
| 177|0x000000008b100000, 0x000000008b200000, 0x000000008b200000|100%| E|CS|TAMS 0x000000008b100000, 0x000000008b100000| Complete 
| 178|0x000000008b200000, 0x000000008b300000, 0x000000008b300000|100%| E|CS|TAMS 0x000000008b200000, 0x000000008b200000| Complete 
| 179|0x000000008b300000, 0x000000008b400000, 0x000000008b400000|100%| E|CS|TAMS 0x000000008b300000, 0x000000008b300000| Complete 
| 180|0x000000008b400000, 0x000000008b500000, 0x000000008b500000|100%| E|CS|TAMS 0x000000008b400000, 0x000000008b400000| Complete 
| 181|0x000000008b500000, 0x000000008b600000, 0x000000008b600000|100%| E|CS|TAMS 0x000000008b500000, 0x000000008b500000| Complete 
| 182|0x000000008b600000, 0x000000008b700000, 0x000000008b700000|100%| E|CS|TAMS 0x000000008b600000, 0x000000008b600000| Complete 
| 183|0x000000008b700000, 0x000000008b800000, 0x000000008b800000|100%| E|CS|TAMS 0x000000008b700000, 0x000000008b700000| Complete 
| 184|0x000000008b800000, 0x000000008b900000, 0x000000008b900000|100%| E|CS|TAMS 0x000000008b800000, 0x000000008b800000| Complete 

Card table byte_map: [0x0000024374960000,0x0000024374d60000] _byte_map_base: 0x0000024374560000

Marking Bits (Prev, Next): (CMBitMap*) 0x000002436e9cab48, (CMBitMap*) 0x000002436e9cab80
 Prev Bits: [0x0000024375160000, 0x0000024377160000)
 Next Bits: [0x0000024377160000, 0x0000024379160000)

Polling page: 0x000002436ea70000

Metaspace:

Usage:
  Non-class:     98.81 MB capacity,    97.28 MB ( 98%) used,     1.28 MB (  1%) free+waste,   252.31 KB ( <1%) overhead. 
      Class:     14.55 MB capacity,    13.76 MB ( 95%) used,   697.75 KB (  5%) free+waste,   110.38 KB ( <1%) overhead. 
       Both:    113.36 MB capacity,   111.04 MB ( 98%) used,     1.97 MB (  2%) free+waste,   362.69 KB ( <1%) overhead. 

Virtual space:
  Non-class space:      100.00 MB reserved,      99.25 MB (>99%) committed 
      Class space:        1.00 GB reserved,      14.75 MB (  1%) committed 
             Both:        1.10 GB reserved,     114.00 MB ( 10%) committed 

Chunk freelists:
   Non-Class:  385.00 KB
       Class:  176.00 KB
        Both:  561.00 KB

MaxMetaspaceSize: 17179869184.00 GB
CompressedClassSpaceSize: 1.00 GB

CodeHeap 'non-profiled nmethods': size=120000Kb used=7089Kb max_used=7165Kb free=112910Kb
 bounds [0x0000024307ad0000, 0x00000243081e0000, 0x000002430f000000]
CodeHeap 'profiled nmethods': size=120000Kb used=27066Kb max_used=27505Kb free=92933Kb
 bounds [0x00000243005a0000, 0x00000243020a0000, 0x0000024307ad0000]
CodeHeap 'non-nmethods': size=5760Kb used=2348Kb max_used=2442Kb free=3412Kb
 bounds [0x0000024300000000, 0x0000024300270000, 0x00000243005a0000]
 total_blobs=13488 nmethods=12515 adapters=884
 compilation: enabled
              stopped_count=0, restarted_count=0
 full_count=0

Compilation events (20 events):
Event: 5055.686 Thread 0x000002437c5ca000 14307 %     3       org.apache.xerces.impl.XMLEntityScanner::scanLiteral @ 549 (746 bytes)
Event: 5055.687 Thread 0x000002437c5ca000 nmethod 14307% 0x00000243008c6a90 code [0x00000243008c6d60, 0x00000243008c7fb8]
Event: 5055.687 Thread 0x000002437c5ca000 14310       3       org.apache.xerces.impl.XMLScanner::scanAttributeValue (1007 bytes)
Event: 5055.692 Thread 0x000002437c5ca000 nmethod 14310 0x0000024301de6f90 code [0x0000024301de78e0, 0x0000024301dee3e8]
Event: 5055.692 Thread 0x000002437c5ca000 14312       2       org.apache.xerces.impl.XMLEntityScanner::scanLiteral (746 bytes)
Event: 5055.693 Thread 0x000002437c5ca000 nmethod 14312 0x00000243008df690 code [0x00000243008df8e0, 0x00000243008e01d8]
Event: 5055.694 Thread 0x000002437c5ca000 14308       3       org.apache.xerces.impl.XMLScanner::normalizeWhitespace (56 bytes)
Event: 5055.694 Thread 0x000002437c5ca000 nmethod 14308 0x00000243008b2590 code [0x00000243008b2760, 0x00000243008b29b8]
Event: 5055.694 Thread 0x000002437c5ca000 14311       3       org.apache.xerces.util.XMLStringBuffer::append (17 bytes)
Event: 5055.694 Thread 0x000002437c5ca000 nmethod 14311 0x00000243006c1b10 code [0x00000243006c1cc0, 0x00000243006c1e08]
Event: 5055.698 Thread 0x000002437f302800 nmethod 14303 0x0000024308036810 code [0x00000243080369c0, 0x00000243080371f8]
Event: 5055.698 Thread 0x000002437f302800 14314 %     4       org.apache.xerces.impl.XMLEntityScanner::scanLiteral @ 549 (746 bytes)
Event: 5055.702 Thread 0x000002437c5ca000 14316       3       org.apache.xerces.dom.ParentNode::item (6 bytes)
Event: 5055.702 Thread 0x000002437c5ca000 nmethod 14316 0x00000243005dcf10 code [0x00000243005dd0c0, 0x00000243005dd1e8]
Event: 5055.704 Thread 0x000002437c5ca000 14318       3       com.android.ide.common.resources.ValueResourceParser2::addStyleableItems (182 bytes)
Event: 5055.705 Thread 0x000002437c5ca000 nmethod 14318 0x0000024300adf490 code [0x0000024300adf760, 0x0000024300ae06d8]
Event: 5055.705 Thread 0x000002437f302800 nmethod 14314% 0x0000024307e6f790 code [0x0000024307e6f940, 0x0000024307e6fe38]
Event: 5055.705 Thread 0x000002437f302800 14315       4       org.apache.xerces.impl.XMLEntityScanner::scanData (1105 bytes)
Event: 5055.716 Thread 0x000002437c5ca000 14320       3       java.lang.AbstractStringBuilder::inflate (42 bytes)
Event: 5055.717 Thread 0x000002437c5ca000 nmethod 14320 0x00000243008c5010 code [0x00000243008c5200, 0x00000243008c5578]

GC Heap History (20 events):
Event: 14.912 GC heap before
{Heap before GC invocations=31 (full 0):
 garbage-first heap   total 189440K, used 153459K [0x0000000080000000, 0x0000000100000000)
  region size 1024K, 54 young (55296K), 4 survivors (4096K)
 Metaspace       used 104621K, capacity 107247K, committed 107392K, reserved 1142784K
  class space    used 13329K, capacity 14203K, committed 14208K, reserved 1048576K
}
Event: 14.918 GC heap after
{Heap after GC invocations=32 (full 0):
 garbage-first heap   total 189440K, used 107334K [0x0000000080000000, 0x0000000100000000)
  region size 1024K, 3 young (3072K), 3 survivors (3072K)
 Metaspace       used 104621K, capacity 107247K, committed 107392K, reserved 1142784K
  class space    used 13329K, capacity 14203K, committed 14208K, reserved 1048576K
}
Event: 236.113 GC heap before
{Heap before GC invocations=33 (full 0):
 garbage-first heap   total 189440K, used 157510K [0x0000000080000000, 0x0000000100000000)
  region size 1024K, 52 young (53248K), 3 survivors (3072K)
 Metaspace       used 110466K, capacity 113267K, committed 113408K, reserved 1148928K
  class space    used 13852K, capacity 14778K, committed 14848K, reserved 1048576K
}
Event: 236.120 GC heap after
{Heap after GC invocations=34 (full 0):
 garbage-first heap   total 189440K, used 108792K [0x0000000080000000, 0x0000000100000000)
  region size 1024K, 5 young (5120K), 5 survivors (5120K)
 Metaspace       used 110466K, capacity 113267K, committed 113408K, reserved 1148928K
  class space    used 13852K, capacity 14778K, committed 14848K, reserved 1048576K
}
Event: 3071.119 GC heap before
{Heap before GC invocations=34 (full 0):
 garbage-first heap   total 189440K, used 156920K [0x0000000080000000, 0x0000000100000000)
  region size 1024K, 53 young (54272K), 5 survivors (5120K)
 Metaspace       used 110695K, capacity 113462K, committed 113664K, reserved 1148928K
  class space    used 13852K, capacity 14778K, committed 14848K, reserved 1048576K
}
Event: 3071.127 GC heap after
{Heap after GC invocations=35 (full 0):
 garbage-first heap   total 189440K, used 109093K [0x0000000080000000, 0x0000000100000000)
  region size 1024K, 3 young (3072K), 3 survivors (3072K)
 Metaspace       used 110695K, capacity 113462K, committed 113664K, reserved 1148928K
  class space    used 13852K, capacity 14778K, committed 14848K, reserved 1048576K
}
Event: 5053.316 GC heap before
{Heap before GC invocations=36 (full 0):
 garbage-first heap   total 189440K, used 159269K [0x0000000080000000, 0x0000000100000000)
  region size 1024K, 52 young (53248K), 3 survivors (3072K)
 Metaspace       used 109972K, capacity 112265K, committed 113664K, reserved 1148928K
  class space    used 13674K, capacity 14442K, committed 14848K, reserved 1048576K
}
Event: 5053.328 GC heap after
{Heap after GC invocations=37 (full 0):
 garbage-first heap   total 189440K, used 110059K [0x0000000080000000, 0x0000000100000000)
  region size 1024K, 4 young (4096K), 4 survivors (4096K)
 Metaspace       used 109972K, capacity 112265K, committed 113664K, reserved 1148928K
  class space    used 13674K, capacity 14442K, committed 14848K, reserved 1048576K
}
Event: 5053.411 GC heap before
{Heap before GC invocations=37 (full 0):
 garbage-first heap   total 189440K, used 115179K [0x0000000080000000, 0x0000000100000000)
  region size 1024K, 9 young (9216K), 4 survivors (4096K)
 Metaspace       used 110004K, capacity 112333K, committed 113664K, reserved 1148928K
  class space    used 13674K, capacity 14442K, committed 14848K, reserved 1048576K
}
Event: 5053.441 GC heap after
{Heap after GC invocations=38 (full 0):
 garbage-first heap   total 189440K, used 103081K [0x0000000080000000, 0x0000000100000000)
  region size 1024K, 1 young (1024K), 1 survivors (1024K)
 Metaspace       used 110004K, capacity 112333K, committed 113664K, reserved 1148928K
  class space    used 13674K, capacity 14442K, committed 14848K, reserved 1048576K
}
Event: 5054.245 GC heap before
{Heap before GC invocations=38 (full 0):
 garbage-first heap   total 189440K, used 155305K [0x0000000080000000, 0x0000000100000000)
  region size 1024K, 53 young (54272K), 1 survivors (1024K)
 Metaspace       used 112513K, capacity 114971K, committed 115328K, reserved 1148928K
  class space    used 14013K, capacity 14862K, committed 14976K, reserved 1048576K
}
Event: 5054.261 GC heap after
{Heap after GC invocations=39 (full 0):
 garbage-first heap   total 189440K, used 108823K [0x0000000080000000, 0x0000000100000000)
  region size 1024K, 7 young (7168K), 7 survivors (7168K)
 Metaspace       used 112513K, capacity 114971K, committed 115328K, reserved 1148928K
  class space    used 14013K, capacity 14862K, committed 14976K, reserved 1048576K
}
Event: 5055.054 GC heap before
{Heap before GC invocations=40 (full 0):
 garbage-first heap   total 189440K, used 156951K [0x0000000080000000, 0x0000000100000000)
  region size 1024K, 55 young (56320K), 7 survivors (7168K)
 Metaspace       used 113439K, capacity 115812K, committed 116480K, reserved 1150976K
  class space    used 14087K, capacity 14896K, committed 15104K, reserved 1048576K
}
Event: 5055.062 GC heap after
{Heap after GC invocations=41 (full 0):
 garbage-first heap   total 189440K, used 110957K [0x0000000080000000, 0x0000000100000000)
  region size 1024K, 3 young (3072K), 3 survivors (3072K)
 Metaspace       used 113439K, capacity 115812K, committed 116480K, reserved 1150976K
  class space    used 14087K, capacity 14896K, committed 15104K, reserved 1048576K
}
Event: 5055.123 GC heap before
{Heap before GC invocations=41 (full 0):
 garbage-first heap   total 189440K, used 117101K [0x0000000080000000, 0x0000000100000000)
  region size 1024K, 9 young (9216K), 3 survivors (3072K)
 Metaspace       used 113469K, capacity 115812K, committed 116480K, reserved 1150976K
  class space    used 14087K, capacity 14896K, committed 15104K, reserved 1048576K
}
Event: 5055.139 GC heap after
{Heap after GC invocations=42 (full 0):
 garbage-first heap   total 189440K, used 102276K [0x0000000080000000, 0x0000000100000000)
  region size 1024K, 1 young (1024K), 1 survivors (1024K)
 Metaspace       used 113469K, capacity 115812K, committed 116480K, reserved 1150976K
  class space    used 14087K, capacity 14896K, committed 15104K, reserved 1048576K
}
Event: 5055.252 GC heap before
{Heap before GC invocations=42 (full 0):
 garbage-first heap   total 189440K, used 109444K [0x0000000080000000, 0x0000000100000000)
  region size 1024K, 9 young (9216K), 1 survivors (1024K)
 Metaspace       used 113587K, capacity 115876K, committed 116480K, reserved 1150976K
  class space    used 14087K, capacity 14896K, committed 15104K, reserved 1048576K
}
Event: 5055.259 GC heap after
{Heap after GC invocations=43 (full 0):
 garbage-first heap   total 189440K, used 105054K [0x0000000080000000, 0x0000000100000000)
  region size 1024K, 2 young (2048K), 2 survivors (2048K)
 Metaspace       used 113587K, capacity 115876K, committed 116480K, reserved 1150976K
  class space    used 14087K, capacity 14896K, committed 15104K, reserved 1048576K
}
Event: 5055.670 GC heap before
{Heap before GC invocations=43 (full 0):
 garbage-first heap   total 189440K, used 141918K [0x0000000080000000, 0x0000000100000000)
  region size 1024K, 39 young (39936K), 2 survivors (2048K)
 Metaspace       used 113695K, capacity 116079K, committed 116736K, reserved 1150976K
  class space    used 14087K, capacity 14896K, committed 15104K, reserved 1048576K
}
Event: 5055.676 GC heap after
{Heap after GC invocations=44 (full 0):
 garbage-first heap   total 189440K, used 109794K [0x0000000080000000, 0x0000000100000000)
  region size 1024K, 7 young (7168K), 7 survivors (7168K)
 Metaspace       used 113695K, capacity 116079K, committed 116736K, reserved 1150976K
  class space    used 14087K, capacity 14896K, committed 15104K, reserved 1048576K
}

Deoptimization events (20 events):
Event: 5055.681 Thread 0x000002431141b000 DEOPT PACKING pc=0x0000024307e3d6e0 sp=0x00000054d0ff9e30
Event: 5055.681 Thread 0x000002431141b000 DEOPT UNPACKING pc=0x00000243000274af sp=0x00000054d0ff9dc8 mode 2
Event: 5055.682 Thread 0x000002431141b000 Uncommon trap: trap_request=0xffffff4d fr.pc=0x0000024308015bbc relative=0x0000000000000cfc
Event: 5055.682 Thread 0x000002431141b000 Uncommon trap: reason=unstable_if action=reinterpret pc=0x0000024308015bbc method=org.apache.xerces.impl.XMLNSDocumentScannerImpl.scanAttribute(Lorg/apache/xerces/util/XMLAttributesImpl;)V @ 276 c2
Event: 5055.682 Thread 0x000002431141b000 DEOPT PACKING pc=0x0000024308015bbc sp=0x00000054d0ffa180
Event: 5055.682 Thread 0x000002431141b000 DEOPT UNPACKING pc=0x00000243000274af sp=0x00000054d0ffa138 mode 2
Event: 5055.683 Thread 0x000002431141b000 Uncommon trap: trap_request=0xffffff4d fr.pc=0x0000024307e7b104 relative=0x0000000000000664
Event: 5055.683 Thread 0x000002431141b000 Uncommon trap: reason=unstable_if action=reinterpret pc=0x0000024307e7b104 method=org.apache.xerces.impl.XMLEntityScanner.scanLiteral(ILorg/apache/xerces/xni/XMLString;)I @ 606 c2
Event: 5055.683 Thread 0x000002431141b000 DEOPT PACKING pc=0x0000024307e7b104 sp=0x00000054d0ffa040
Event: 5055.683 Thread 0x000002431141b000 DEOPT UNPACKING pc=0x00000243000274af sp=0x00000054d0ff9fc8 mode 2
Event: 5055.683 Thread 0x000002431141b000 Uncommon trap: trap_request=0xffffff4d fr.pc=0x0000024307ff8acc relative=0x0000000000000e6c
Event: 5055.683 Thread 0x000002431141b000 Uncommon trap: reason=unstable_if action=reinterpret pc=0x0000024307ff8acc method=org.apache.xerces.impl.XMLScanner.scanAttributeValue(Lorg/apache/xerces/xni/XMLString;Lorg/apache/xerces/xni/XMLString;Ljava/lang/String;ZLjava/lang/String;)Z @ 642 c2
Event: 5055.683 Thread 0x000002431141b000 DEOPT PACKING pc=0x0000024307ff8acc sp=0x00000054d0ffa0a0
Event: 5055.683 Thread 0x000002431141b000 DEOPT UNPACKING pc=0x00000243000274af sp=0x00000054d0ffa070 mode 2
Event: 5055.694 Thread 0x000002431141b000 DEOPT PACKING pc=0x00000243008e0054 sp=0x00000054d0ff9eb0
Event: 5055.694 Thread 0x000002431141b000 DEOPT UNPACKING pc=0x00000243000272ce sp=0x00000054d0ff9340 mode 0
Event: 5055.697 Thread 0x000002431141b000 DEOPT PACKING pc=0x00000243008e0054 sp=0x00000054d0ff9eb0
Event: 5055.697 Thread 0x000002431141b000 DEOPT UNPACKING pc=0x00000243000272ce sp=0x00000054d0ff9340 mode 0
Event: 5055.701 Thread 0x000002431141b000 DEOPT PACKING pc=0x00000243008e0054 sp=0x00000054d0ff9eb0
Event: 5055.701 Thread 0x000002431141b000 DEOPT UNPACKING pc=0x00000243000272ce sp=0x00000054d0ff9340 mode 0

Classes redefined (0 events):
No events

Internal exceptions (20 events):
Event: 5053.967 Thread 0x000002430f4f8000 Exception <a 'java/lang/NoSuchMethodError'{0x00000000894c9670}: <clinit>> (0x00000000894c9670) thrown at [./src/hotspot/share/prims/jni.cpp, line 1362]
Event: 5053.972 Thread 0x000002430f4f8000 Exception <a 'sun/nio/fs/WindowsException'{0x0000000089339af8}> (0x0000000089339af8) thrown at [./src/hotspot/share/prims/jni.cpp, line 615]
Event: 5053.998 Thread 0x000002430f4f9000 Exception <a 'java/lang/NoSuchMethodError'{0x00000000892a0208}: <clinit>> (0x00000000892a0208) thrown at [./src/hotspot/share/prims/jni.cpp, line 1362]
Event: 5053.999 Thread 0x000002430f4f9000 Exception <a 'java/lang/NoSuchMethodError'{0x00000000892b2ec0}: <clinit>> (0x00000000892b2ec0) thrown at [./src/hotspot/share/prims/jni.cpp, line 1362]
Event: 5054.003 Thread 0x000002430f4f9000 Exception <a 'java/lang/NoSuchMethodError'{0x00000000892d7af0}: <clinit>> (0x00000000892d7af0) thrown at [./src/hotspot/share/prims/jni.cpp, line 1362]
Event: 5054.004 Thread 0x000002430f4f9000 Exception <a 'java/lang/NoSuchMethodError'{0x000000008910a668}: <clinit>> (0x000000008910a668) thrown at [./src/hotspot/share/prims/jni.cpp, line 1362]
Event: 5054.004 Thread 0x000002430f4f9000 Exception <a 'java/lang/NoSuchMethodError'{0x000000008910b940}: <clinit>> (0x000000008910b940) thrown at [./src/hotspot/share/prims/jni.cpp, line 1362]
Event: 5054.006 Thread 0x0000024314af5800 Exception <a 'java/lang/NoSuchMethodError'{0x000000008914b508}: 'java.lang.Object java.lang.invoke.Invokers$Holder.linkToTargetMethod(java.lang.Object, java.lang.Object, java.lang.Object, java.lang.Object, java.lang.Object, java.lang.Object, java.lang.Object, java.lang.Object)'> (0x000000008914b508) thrown at [./src/hotspot/share/interpreter/linkResolver.cpp, line 773]
Event: 5054.018 Thread 0x0000024314af7800 Exception <a 'java/lang/NoSuchMethodError'{0x00000000890bbad0}: <clinit>> (0x00000000890bbad0) thrown at [./src/hotspot/share/prims/jni.cpp, line 1362]
Event: 5054.021 Thread 0x0000024314af7800 Exception <a 'java/lang/NoSuchMethodError'{0x0000000088f0a0c0}: <clinit>> (0x0000000088f0a0c0) thrown at [./src/hotspot/share/prims/jni.cpp, line 1362]
Event: 5054.051 Thread 0x000002430f4f9000 Exception <a 'java/lang/NoSuchMethodError'{0x0000000088e5dff8}: <clinit>> (0x0000000088e5dff8) thrown at [./src/hotspot/share/prims/jni.cpp, line 1362]
Event: 5054.077 Thread 0x0000024314af5800 Exception <a 'java/lang/NoSuchMethodError'{0x0000000088d2d180}: 'java.lang.Object java.lang.invoke.DirectMethodHandle$Holder.invokeSpecial(java.lang.Object, java.lang.Object, int, java.lang.Object, java.lang.Object)'> (0x0000000088d2d180) thrown at [./src/hotspot/share/interpreter/linkResolver.cpp, line 773]
Event: 5054.078 Thread 0x0000024314af5800 Exception <a 'java/lang/NoSuchMethodError'{0x0000000088d356b8}: 'java.lang.Object java.lang.invoke.DirectMethodHandle$Holder.invokeStatic(java.lang.Object, java.lang.Object, int, java.lang.Object)'> (0x0000000088d356b8) thrown at [./src/hotspot/share/interpreter/linkResolver.cpp, line 773]
Event: 5054.079 Thread 0x0000024314af5800 Exception <a 'java/lang/NoSuchMethodError'{0x0000000088d39618}: 'java.lang.Object java.lang.invoke.Invokers$Holder.linkToTargetMethod(java.lang.Object, int, java.lang.Object, java.lang.Object)'> (0x0000000088d39618) thrown at [./src/hotspot/share/interpreter/linkResolver.cpp, line 773]
Event: 5054.084 Thread 0x0000024314af5800 Exception <a 'java/lang/NoSuchMethodError'{0x0000000088d4f6a0}: 'void java.lang.invoke.DirectMethodHandle$Holder.invokeVirtual(java.lang.Object, java.lang.Object)'> (0x0000000088d4f6a0) thrown at [./src/hotspot/share/interpreter/linkResolver.cpp, line 773]
Event: 5054.120 Thread 0x000002430f4f9000 Exception <a 'java/lang/NoSuchMethodError'{0x0000000088cd8bf8}: <clinit>> (0x0000000088cd8bf8) thrown at [./src/hotspot/share/prims/jni.cpp, line 1362]
Event: 5054.367 Thread 0x000002437bc46000 Exception <a 'java/net/SocketException'{0x000000008b4f3b50}: Software caused connection abort: socket write error> (0x000000008b4f3b50) thrown at [./src/hotspot/share/prims/jni.cpp, line 636]
Event: 5054.371 Thread 0x000002437bc46000 Exception <a 'java/net/SocketException'{0x000000008b4f4e48}: Software caused connection abort: socket write error> (0x000000008b4f4e48) thrown at [./src/hotspot/share/prims/jni.cpp, line 636]
Event: 5054.540 Thread 0x0000024314af5800 Exception <a 'java/lang/NoSuchMethodError'{0x000000008abe90c8}: <clinit>> (0x000000008abe90c8) thrown at [./src/hotspot/share/prims/jni.cpp, line 1362]
Event: 5055.664 Thread 0x000002431141b000 Implicit null exception at 0x0000024307f4ebf4 to 0x0000024307f4ee4c

Events (20 events):
Event: 5055.594 Thread 0x000002437c5d3800 flushing nmethod 0x0000024301ddc210
Event: 5055.594 Thread 0x000002437c5d3800 flushing nmethod 0x0000024301de2390
Event: 5055.594 Thread 0x000002437c5d3800 flushing nmethod 0x0000024301de3990
Event: 5055.594 Thread 0x000002437c5d3800 flushing nmethod 0x0000024301de3d10
Event: 5055.595 Thread 0x000002437c5d3800 flushing nmethod 0x0000024301de4f10
Event: 5055.595 Thread 0x000002437c5d3800 flushing nmethod 0x0000024301def290
Event: 5055.595 Thread 0x000002437c5d3800 flushing nmethod 0x0000024301e0d310
Event: 5055.595 Thread 0x000002437c5d3800 flushing nmethod 0x0000024301e10290
Event: 5055.595 Thread 0x000002437c5d3800 flushing nmethod 0x0000024301e14d10
Event: 5055.595 Thread 0x000002437c5d3800 flushing nmethod 0x0000024301e1d290
Event: 5055.595 Thread 0x000002437c5d3800 flushing nmethod 0x0000024301e21810
Event: 5055.595 Thread 0x000002437c5d3800 flushing nmethod 0x0000024301e26390
Event: 5055.595 Thread 0x000002437c5d3800 flushing nmethod 0x0000024301e29b10
Event: 5055.595 Thread 0x000002437c5d3800 flushing nmethod 0x0000024301e4b190
Event: 5055.595 Thread 0x000002437c5d3800 flushing nmethod 0x0000024301e8c790
Event: 5055.595 Thread 0x000002437c5d3800 flushing nmethod 0x0000024301e92f90
Event: 5055.595 Thread 0x000002437c5d3800 flushing nmethod 0x0000024301eae290
Event: 5055.595 Thread 0x000002437c5d3800 flushing nmethod 0x0000024301eb3d90
Event: 5055.670 Executing VM operation: G1CollectForAllocation
Event: 5055.676 Executing VM operation: G1CollectForAllocation done


Dynamic libraries:
0x00007ff6ee390000 - 0x00007ff6ee39a000 	C:\Program Files\Android\Android Studio\jre\bin\java.exe
0x00007ff913ef0000 - 0x00007ff9140e5000 	C:\WINDOWS\SYSTEM32\ntdll.dll
0x00007ff913460000 - 0x00007ff91351d000 	C:\WINDOWS\System32\KERNEL32.DLL
0x00007ff9119d0000 - 0x00007ff911c98000 	C:\WINDOWS\System32\KERNELBASE.dll
0x00007ff911cf0000 - 0x00007ff911df0000 	C:\WINDOWS\System32\ucrtbase.dll
0x00007ff903b40000 - 0x00007ff903b57000 	C:\Program Files\Android\Android Studio\jre\bin\VCRUNTIME140.dll
0x00007ff8fd190000 - 0x00007ff8fd1a9000 	C:\Program Files\Android\Android Studio\jre\bin\jli.dll
0x00007ff913190000 - 0x00007ff913330000 	C:\WINDOWS\System32\USER32.dll
0x00007ff9118a0000 - 0x00007ff9118c2000 	C:\WINDOWS\System32\win32u.dll
0x00007ff913670000 - 0x00007ff91369a000 	C:\WINDOWS\System32\GDI32.dll
0x00007ff8fd690000 - 0x00007ff8fd92a000 	C:\WINDOWS\WinSxS\amd64_microsoft.windows.common-controls_6595b64144ccf1df_6.0.19041.1052_none_60b8f8fd71f5e8cb\COMCTL32.dll
0x00007ff911790000 - 0x00007ff91189b000 	C:\WINDOWS\System32\gdi32full.dll
0x00007ff913b40000 - 0x00007ff913bde000 	C:\WINDOWS\System32\msvcrt.dll
0x00007ff9118d0000 - 0x00007ff91196d000 	C:\WINDOWS\System32\msvcp_win.dll
0x00007ff912830000 - 0x00007ff912860000 	C:\WINDOWS\System32\IMM32.DLL
0x00007ff8fd0f0000 - 0x00007ff8fd18d000 	C:\Program Files\Android\Android Studio\jre\bin\msvcp140.dll
0x00007ff8aea00000 - 0x00007ff8af4bc000 	C:\Program Files\Android\Android Studio\jre\bin\server\jvm.dll
0x00007ff912e20000 - 0x00007ff912ecc000 	C:\WINDOWS\System32\ADVAPI32.dll
0x00007ff912ff0000 - 0x00007ff91308b000 	C:\WINDOWS\System32\sechost.dll
0x00007ff913330000 - 0x00007ff91345b000 	C:\WINDOWS\System32\RPCRT4.dll
0x00007ff913700000 - 0x00007ff913708000 	C:\WINDOWS\System32\PSAPI.DLL
0x00007ff90ab20000 - 0x00007ff90ab29000 	C:\WINDOWS\SYSTEM32\WSOCK32.dll
0x00007ff906160000 - 0x00007ff906187000 	C:\WINDOWS\SYSTEM32\WINMM.dll
0x00007ff907680000 - 0x00007ff90768a000 	C:\WINDOWS\SYSTEM32\VERSION.dll
0x00007ff912f80000 - 0x00007ff912feb000 	C:\WINDOWS\System32\WS2_32.dll
0x00007ff90ff00000 - 0x00007ff90ff12000 	C:\WINDOWS\SYSTEM32\kernel.appcore.dll
0x00007ff8e5c40000 - 0x00007ff8e5c51000 	C:\Program Files\Android\Android Studio\jre\bin\verify.dll
0x00007ff90f330000 - 0x00007ff90f514000 	C:\WINDOWS\SYSTEM32\DBGHELP.DLL
0x00007ff8f5790000 - 0x00007ff8f57bc000 	C:\WINDOWS\SYSTEM32\dbgcore.DLL
0x00007ff911ed0000 - 0x00007ff911f53000 	C:\WINDOWS\System32\bcryptPrimitives.dll
0x00007ff8e5c10000 - 0x00007ff8e5c39000 	C:\Program Files\Android\Android Studio\jre\bin\java.dll
0x00007ff90a1c0000 - 0x00007ff90a1cb000 	C:\Program Files\Android\Android Studio\jre\bin\jimage.dll
0x00007ff8e3580000 - 0x00007ff8e3598000 	C:\Program Files\Android\Android Studio\jre\bin\zip.dll
0x00007ff911fe0000 - 0x00007ff91271f000 	C:\WINDOWS\System32\SHELL32.dll
0x00007ff90f760000 - 0x00007ff90fef0000 	C:\WINDOWS\SYSTEM32\windows.storage.dll
0x00007ff9137e0000 - 0x00007ff913b35000 	C:\WINDOWS\System32\combase.dll
0x00007ff9110a0000 - 0x00007ff9110cc000 	C:\WINDOWS\SYSTEM32\Wldp.dll
0x00007ff912720000 - 0x00007ff9127ce000 	C:\WINDOWS\System32\SHCORE.dll
0x00007ff9127d0000 - 0x00007ff912825000 	C:\WINDOWS\System32\shlwapi.dll
0x00007ff911570000 - 0x00007ff91158f000 	C:\WINDOWS\SYSTEM32\profapi.dll
0x00007ff8d9a50000 - 0x00007ff8d9a6a000 	C:\Program Files\Android\Android Studio\jre\bin\net.dll
0x00007ff904330000 - 0x00007ff90443b000 	C:\WINDOWS\SYSTEM32\WINHTTP.dll
0x00007ff910da0000 - 0x00007ff910e0a000 	C:\WINDOWS\system32\mswsock.dll
0x00007ff8d9a30000 - 0x00007ff8d9a44000 	C:\Program Files\Android\Android Studio\jre\bin\nio.dll
0x00007ff905440000 - 0x00007ff905467000 	C:\Users\Dark Knight\.gradle\native\fdc75f09e3144964f2cf3f50f0aa648679c211496f362492102eb8c894070792\windows-amd64\native-platform.dll
0x00007ff8d2fb0000 - 0x00007ff8d3146000 	C:\Users\Dark Knight\.gradle\native\12488b8bf47d2d4c9fbf2f6322a914ad602e24e48041cd04a747c6da556b65c4\windows-amd64\native-platform-file-events.dll
0x00007ff902ab0000 - 0x00007ff902aba000 	C:\Program Files\Android\Android Studio\jre\bin\management.dll
0x00007ff8f48b0000 - 0x00007ff8f48bc000 	C:\Program Files\Android\Android Studio\jre\bin\management_ext.dll
0x00007ff910f80000 - 0x00007ff910f98000 	C:\WINDOWS\SYSTEM32\CRYPTSP.dll
0x00007ff9106e0000 - 0x00007ff910714000 	C:\WINDOWS\system32\rsaenh.dll
0x00007ff911df0000 - 0x00007ff911e17000 	C:\WINDOWS\System32\bcrypt.dll
0x00007ff911530000 - 0x00007ff91155e000 	C:\WINDOWS\SYSTEM32\USERENV.dll
0x00007ff910f70000 - 0x00007ff910f7c000 	C:\WINDOWS\SYSTEM32\CRYPTBASE.dll
0x00007ff910a90000 - 0x00007ff910acb000 	C:\WINDOWS\SYSTEM32\IPHLPAPI.DLL
0x00007ff9130f0000 - 0x00007ff9130f8000 	C:\WINDOWS\System32\NSI.dll
0x00007ff906d60000 - 0x00007ff906d77000 	C:\WINDOWS\SYSTEM32\dhcpcsvc6.DLL
0x00007ff907480000 - 0x00007ff90749d000 	C:\WINDOWS\SYSTEM32\dhcpcsvc.DLL
0x00007ff910ad0000 - 0x00007ff910b9c000 	C:\WINDOWS\SYSTEM32\DNSAPI.dll
0x00007ff9076d0000 - 0x00007ff9076db000 	C:\WINDOWS\SYSTEM32\WINNSI.DLL
0x00007ff8d99e0000 - 0x00007ff8d9a07000 	C:\Program Files\Android\Android Studio\jre\bin\sunec.dll
0x00007ff8fd470000 - 0x00007ff8fd47a000 	C:\Windows\System32\rasadhlp.dll
0x00007ff8fbcf0000 - 0x00007ff8fbd6f000 	C:\WINDOWS\System32\fwpuclnt.dll

dbghelp: loaded successfully - version: 4.0.5 - missing functions: none
symbol engine: initialized successfully - sym options: 0x614 - pdb path: .;C:\Program Files\Android\Android Studio\jre\bin;C:\WINDOWS\SYSTEM32;C:\WINDOWS\WinSxS\amd64_microsoft.windows.common-controls_6595b64144ccf1df_6.0.19041.1052_none_60b8f8fd71f5e8cb;C:\Program Files\Android\Android Studio\jre\bin\server;C:\Users\Dark Knight\.gradle\native\fdc75f09e3144964f2cf3f50f0aa648679c211496f362492102eb8c894070792\windows-amd64;C:\Users\Dark Knight\.gradle\native\12488b8bf47d2d4c9fbf2f6322a914ad602e24e48041cd04a747c6da556b65c4\windows-amd64

VM Arguments:
jvm_args: --add-opens=java.base/java.util=ALL-UNNAMED --add-opens=java.base/java.lang=ALL-UNNAMED --add-opens=java.base/java.lang.invoke=ALL-UNNAMED --add-opens=java.prefs/java.util.prefs=ALL-UNNAMED -Xmx2048m -Dfile.encoding=UTF-8 -Duser.country=IN -Duser.language=en -Duser.variant 
java_command: org.gradle.launcher.daemon.bootstrap.GradleDaemon 6.7.1
java_class_path (initial): C:\Users\Dark Knight\.gradle\wrapper\dists\gradle-6.7.1-bin\bwlcbys1h7rz3272sye1xwiv6\gradle-6.7.1\lib\gradle-launcher-6.7.1.jar
Launcher Type: SUN_STANDARD

[Global flags]
     intx CICompilerCount                          = 4                                         {product} {ergonomic}
     uint ConcGCThreads                            = 2                                         {product} {ergonomic}
     uint G1ConcRefinementThreads                  = 8                                         {product} {ergonomic}
   size_t G1HeapRegionSize                         = 1048576                                   {product} {ergonomic}
    uintx GCDrainStackTargetSize                   = 64                                        {product} {ergonomic}
   size_t InitialHeapSize                          = 134217728                                 {product} {ergonomic}
   size_t MarkStackSize                            = 4194304                                   {product} {ergonomic}
   size_t MaxHeapSize                              = 2147483648                                {product} {command line}
   size_t MaxNewSize                               = 1287651328                                {product} {ergonomic}
   size_t MinHeapDeltaBytes                        = 1048576                                   {product} {ergonomic}
    uintx NonNMethodCodeHeapSize                   = 5836300                                {pd product} {ergonomic}
    uintx NonProfiledCodeHeapSize                  = 122910970                              {pd product} {ergonomic}
    uintx ProfiledCodeHeapSize                     = 122910970                              {pd product} {ergonomic}
    uintx ReservedCodeCacheSize                    = 251658240                              {pd product} {ergonomic}
     bool SegmentedCodeCache                       = true                                      {product} {ergonomic}
     bool UseCompressedClassPointers               = true                                 {lp64_product} {ergonomic}
     bool UseCompressedOops                        = true                                 {lp64_product} {ergonomic}
     bool UseG1GC                                  = true                                      {product} {ergonomic}
     bool UseLargePagesIndividualAllocation        = false                                  {pd product} {ergonomic}

Logging:
Log output configuration:
 #0: stdout all=warning uptime,level,tags
 #1: stderr all=off uptime,level,tags

Environment Variables:
PATH=C:\Windows\system32;C:\Windows;C:\Windows\System32\Wbem;C:\Windows\System32\WindowsPowerShell\v1.0\;C:\Windows\System32\OpenSSH\;C:\Program Files (x86)\NVIDIA Corporation\PhysX\Common;C:\Program Files\NVIDIA Corporation\NVIDIA NvDLISR;C:\WINDOWS\system32;C:\WINDOWS;C:\WINDOWS\System32\Wbem;C:\WINDOWS\System32\WindowsPowerShell\v1.0\;C:\WINDOWS\System32\OpenSSH\;C:\MinGW\bin;C:\Program Files\MEGA-X;C:\WINDOWS\system32;C:\WINDOWS;C:\WINDOWS\System32\Wbem;C:\WINDOWS\System32\WindowsPowerShell\v1.0\;C:\WINDOWS\System32\OpenSSH\;C:\Program Files\Git\cmd;C:\Users\Dark Knight\AppData\Local\Microsoft\WindowsApps;C:\Users\Dark Knight\AppData\Local\GitHubDesktop\bin;C:\Users\Dark Knight\AppData\Local\atom\bin;C:\ProgramData\Dark Knight\atom\bin;C:\MinGW\bin;C:\Program Files (x86)\Microsoft Visual Studio\2019\BuildTools\MSBuild\Current\Bin;C:\Users\Dark Knight\AppData\Local\Programs\Microsoft VS Code\bin;C:\Users\Dark Knight\AppData\Local\Microsoft\WindowsApps;
USERNAME=Dark Knight
OS=Windows_NT
PROCESSOR_IDENTIFIER=Intel64 Family 6 Model 158 Stepping 10, GenuineIntel



---------------  S Y S T E M  ---------------

OS: Windows 10 , 64 bit Build 19041 (10.0.19041.1023)
OS uptime: 4 days 22:32 hours

CPU:total 8 (initial active 8) (4 cores per cpu, 2 threads per core) family 6 model 158 stepping 10, cmov, cx8, fxsr, mmx, sse, sse2, sse3, ssse3, sse4.1, sse4.2, popcnt, avx, avx2, aes, clmul, erms, 3dnowpref, lzcnt, ht, tsc, tscinvbit, bmi1, bmi2, adx, fma

Memory: 4k page, system-wide physical 8112M (992M free)
TotalPageFile size 12208M (AvailPageFile size 5M)
current process WorkingSet (physical memory assigned to process): 442M, peak: 480M
current process commit charge ("private bytes"): 539M, peak: 547M

vm_info: OpenJDK 64-Bit Server VM (11.0.8+10-b944.6842174) for windows-amd64 JRE (11.0.8+10-b944.6842174), built on Sep 19 2020 01:11:42 by "builder" with MS VC++ 14.0 (VS2015)

END.
